[0.130s] Invoking command in '/home/electronica/ros2_ws/build/my_robot_bringup': AMENT_PREFIX_PATH=/home/electronica/ros2_ws/install/my_py_pkg:/home/electronica/ros2_ws/install/turtlesim_catch_them_all:/home/electronica/ros2_ws/install/my_cpp_pkg:/home/electronica/ros2_ws/install/my_robots_interfaces:/home/electronica/ros2_ws/install/my_robot_bringup:/opt/ros/humble CMAKE_PREFIX_PATH=${CMAKE_PREFIX_PATH}:/home/electronica/ros2_ws/install/turtlesim_catch_them_all:/home/electronica/ros2_ws/install/my_py_pkg:/opt/ros/humble PYTHONPATH=/home/electronica/ros2_ws/install/my_py_pkg/lib/python3.10/site-packages:/home/electronica/ros2_ws/build/turtlesim_catch_them_all:/home/electronica/ros2_ws/install/turtlesim_catch_them_all/lib/python3.10/site-packages:/home/electronica/ros2_ws/install/my_robots_interfaces/local/lib/python3.10/dist-packages:/opt/ros/humble/lib/python3.10/site-packages:/opt/ros/humble/local/lib/python3.10/dist-packages /usr/bin/cmake /home/electronica/ros2_ws/src/my_robot_bringup -DCMAKE_INSTALL_PREFIX=/home/electronica/ros2_ws/install/my_robot_bringup
[0.223s] -- The C compiler identification is GNU 11.4.0
[0.316s] -- The CXX compiler identification is GNU 11.4.0
[0.331s] -- Detecting C compiler ABI info
[0.433s] -- Detecting C compiler ABI info - done
[0.447s] -- Check for working C compiler: /usr/bin/cc - skipped
[0.448s] -- Detecting C compile features
[0.448s] -- Detecting C compile features - done
[0.453s] -- Detecting CXX compiler ABI info
[0.561s] -- Detecting CXX compiler ABI info - done
[0.577s] -- Check for working CXX compiler: /usr/bin/c++ - skipped
[0.578s] -- Detecting CXX compile features
[0.579s] -- Detecting CXX compile features - done
[0.583s] -- Found ament_cmake: 1.3.5 (/opt/ros/humble/share/ament_cmake/cmake)
[0.861s] -- Found Python3: /usr/bin/python3.10 (found version "3.10.12") found components: Interpreter 
[1.100s] -- Configuring done
[1.104s] -- Generating done
[1.105s] -- Build files have been written to: /home/electronica/ros2_ws/build/my_robot_bringup
[1.111s] Invoked command in '/home/electronica/ros2_ws/build/my_robot_bringup' returned '0': AMENT_PREFIX_PATH=/home/electronica/ros2_ws/install/my_py_pkg:/home/electronica/ros2_ws/install/turtlesim_catch_them_all:/home/electronica/ros2_ws/install/my_cpp_pkg:/home/electronica/ros2_ws/install/my_robots_interfaces:/home/electronica/ros2_ws/install/my_robot_bringup:/opt/ros/humble CMAKE_PREFIX_PATH=${CMAKE_PREFIX_PATH}:/home/electronica/ros2_ws/install/turtlesim_catch_them_all:/home/electronica/ros2_ws/install/my_py_pkg:/opt/ros/humble PYTHONPATH=/home/electronica/ros2_ws/install/my_py_pkg/lib/python3.10/site-packages:/home/electronica/ros2_ws/build/turtlesim_catch_them_all:/home/electronica/ros2_ws/install/turtlesim_catch_them_all/lib/python3.10/site-packages:/home/electronica/ros2_ws/install/my_robots_interfaces/local/lib/python3.10/dist-packages:/opt/ros/humble/lib/python3.10/site-packages:/opt/ros/humble/local/lib/python3.10/dist-packages /usr/bin/cmake /home/electronica/ros2_ws/src/my_robot_bringup -DCMAKE_INSTALL_PREFIX=/home/electronica/ros2_ws/install/my_robot_bringup
[1.113s] Invoking command in '/home/electronica/ros2_ws/build/my_robot_bringup': AMENT_PREFIX_PATH=/home/electronica/ros2_ws/install/my_py_pkg:/home/electronica/ros2_ws/install/turtlesim_catch_them_all:/home/electronica/ros2_ws/install/my_cpp_pkg:/home/electronica/ros2_ws/install/my_robots_interfaces:/home/electronica/ros2_ws/install/my_robot_bringup:/opt/ros/humble CMAKE_PREFIX_PATH=${CMAKE_PREFIX_PATH}:/home/electronica/ros2_ws/install/turtlesim_catch_them_all:/home/electronica/ros2_ws/install/my_py_pkg:/opt/ros/humble PYTHONPATH=/home/electronica/ros2_ws/install/my_py_pkg/lib/python3.10/site-packages:/home/electronica/ros2_ws/build/turtlesim_catch_them_all:/home/electronica/ros2_ws/install/turtlesim_catch_them_all/lib/python3.10/site-packages:/home/electronica/ros2_ws/install/my_robots_interfaces/local/lib/python3.10/dist-packages:/opt/ros/humble/lib/python3.10/site-packages:/opt/ros/humble/local/lib/python3.10/dist-packages /usr/bin/cmake --build /home/electronica/ros2_ws/build/my_robot_bringup -- -j8 -l8
[1.166s] Invoked command in '/home/electronica/ros2_ws/build/my_robot_bringup' returned '0': AMENT_PREFIX_PATH=/home/electronica/ros2_ws/install/my_py_pkg:/home/electronica/ros2_ws/install/turtlesim_catch_them_all:/home/electronica/ros2_ws/install/my_cpp_pkg:/home/electronica/ros2_ws/install/my_robots_interfaces:/home/electronica/ros2_ws/install/my_robot_bringup:/opt/ros/humble CMAKE_PREFIX_PATH=${CMAKE_PREFIX_PATH}:/home/electronica/ros2_ws/install/turtlesim_catch_them_all:/home/electronica/ros2_ws/install/my_py_pkg:/opt/ros/humble PYTHONPATH=/home/electronica/ros2_ws/install/my_py_pkg/lib/python3.10/site-packages:/home/electronica/ros2_ws/build/turtlesim_catch_them_all:/home/electronica/ros2_ws/install/turtlesim_catch_them_all/lib/python3.10/site-packages:/home/electronica/ros2_ws/install/my_robots_interfaces/local/lib/python3.10/dist-packages:/opt/ros/humble/lib/python3.10/site-packages:/opt/ros/humble/local/lib/python3.10/dist-packages /usr/bin/cmake --build /home/electronica/ros2_ws/build/my_robot_bringup -- -j8 -l8
[1.205s] Invoking command in '/home/electronica/ros2_ws/build/my_robot_bringup': AMENT_PREFIX_PATH=/home/electronica/ros2_ws/install/my_py_pkg:/home/electronica/ros2_ws/install/turtlesim_catch_them_all:/home/electronica/ros2_ws/install/my_cpp_pkg:/home/electronica/ros2_ws/install/my_robots_interfaces:/home/electronica/ros2_ws/install/my_robot_bringup:/opt/ros/humble CMAKE_PREFIX_PATH=${CMAKE_PREFIX_PATH}:/home/electronica/ros2_ws/install/turtlesim_catch_them_all:/home/electronica/ros2_ws/install/my_py_pkg:/opt/ros/humble PYTHONPATH=/home/electronica/ros2_ws/install/my_py_pkg/lib/python3.10/site-packages:/home/electronica/ros2_ws/build/turtlesim_catch_them_all:/home/electronica/ros2_ws/install/turtlesim_catch_them_all/lib/python3.10/site-packages:/home/electronica/ros2_ws/install/my_robots_interfaces/local/lib/python3.10/dist-packages:/opt/ros/humble/lib/python3.10/site-packages:/opt/ros/humble/local/lib/python3.10/dist-packages /usr/bin/cmake --install /home/electronica/ros2_ws/build/my_robot_bringup
[1.216s] -- Install configuration: ""
[1.216s] -- Installing: /home/electronica/ros2_ws/install/my_robot_bringup/share/my_robot_bringup/launch
[1.216s] -- Installing: /home/electronica/ros2_ws/install/my_robot_bringup/share/my_robot_bringup/launch/numer_app.launch.py
[1.217s] -- Installing: /home/electronica/ros2_ws/install/my_robot_bringup/share/my_robot_bringup/launch/robot_news_station_app.launch.py
[1.217s] -- Installing: /home/electronica/ros2_ws/install/my_robot_bringup/share/ament_index/resource_index/package_run_dependencies/my_robot_bringup
[1.217s] -- Installing: /home/electronica/ros2_ws/install/my_robot_bringup/share/ament_index/resource_index/parent_prefix_path/my_robot_bringup
[1.218s] -- Installing: /home/electronica/ros2_ws/install/my_robot_bringup/share/my_robot_bringup/environment/ament_prefix_path.sh
[1.218s] -- Installing: /home/electronica/ros2_ws/install/my_robot_bringup/share/my_robot_bringup/environment/ament_prefix_path.dsv
[1.218s] -- Installing: /home/electronica/ros2_ws/install/my_robot_bringup/share/my_robot_bringup/environment/path.sh
[1.218s] -- Installing: /home/electronica/ros2_ws/install/my_robot_bringup/share/my_robot_bringup/environment/path.dsv
[1.219s] -- Installing: /home/electronica/ros2_ws/install/my_robot_bringup/share/my_robot_bringup/local_setup.bash
[1.219s] -- Installing: /home/electronica/ros2_ws/install/my_robot_bringup/share/my_robot_bringup/local_setup.sh
[1.219s] -- Installing: /home/electronica/ros2_ws/install/my_robot_bringup/share/my_robot_bringup/local_setup.zsh
[1.219s] -- Installing: /home/electronica/ros2_ws/install/my_robot_bringup/share/my_robot_bringup/local_setup.dsv
[1.220s] -- Installing: /home/electronica/ros2_ws/install/my_robot_bringup/share/my_robot_bringup/package.dsv
[1.220s] -- Installing: /home/electronica/ros2_ws/install/my_robot_bringup/share/ament_index/resource_index/packages/my_robot_bringup
[1.220s] -- Installing: /home/electronica/ros2_ws/install/my_robot_bringup/share/my_robot_bringup/cmake/my_robot_bringupConfig.cmake
[1.220s] -- Installing: /home/electronica/ros2_ws/install/my_robot_bringup/share/my_robot_bringup/cmake/my_robot_bringupConfig-version.cmake
[1.221s] -- Installing: /home/electronica/ros2_ws/install/my_robot_bringup/share/my_robot_bringup/package.xml
[1.222s] Invoked command in '/home/electronica/ros2_ws/build/my_robot_bringup' returned '0': AMENT_PREFIX_PATH=/home/electronica/ros2_ws/install/my_py_pkg:/home/electronica/ros2_ws/install/turtlesim_catch_them_all:/home/electronica/ros2_ws/install/my_cpp_pkg:/home/electronica/ros2_ws/install/my_robots_interfaces:/home/electronica/ros2_ws/install/my_robot_bringup:/opt/ros/humble CMAKE_PREFIX_PATH=${CMAKE_PREFIX_PATH}:/home/electronica/ros2_ws/install/turtlesim_catch_them_all:/home/electronica/ros2_ws/install/my_py_pkg:/opt/ros/humble PYTHONPATH=/home/electronica/ros2_ws/install/my_py_pkg/lib/python3.10/site-packages:/home/electronica/ros2_ws/build/turtlesim_catch_them_all:/home/electronica/ros2_ws/install/turtlesim_catch_them_all/lib/python3.10/site-packages:/home/electronica/ros2_ws/install/my_robots_interfaces/local/lib/python3.10/dist-packages:/opt/ros/humble/lib/python3.10/site-packages:/opt/ros/humble/local/lib/python3.10/dist-packages /usr/bin/cmake --install /home/electronica/ros2_ws/build/my_robot_bringup
