[1.880s] DEBUG:colcon:Command line arguments: ['/usr/bin/colcon', 'build']
[1.880s] DEBUG:colcon:Parsed command line arguments: Namespace(log_base=None, log_level=None, verb_name='build', build_base='build', install_base='install', merge_install=False, symlink_install=False, test_result_base=None, continue_on_error=False, executor='parallel', parallel_workers=8, event_handlers=None, ignore_user_meta=False, metas=['./colcon.meta'], base_paths=['.'], packages_ignore=None, packages_ignore_regex=None, paths=None, packages_up_to=None, packages_up_to_regex=None, packages_above=None, packages_above_and_dependencies=None, packages_above_depth=None, packages_select_by_dep=None, packages_skip_by_dep=None, packages_skip_up_to=None, packages_select_build_failed=False, packages_skip_build_finished=False, packages_select_test_failures=False, packages_skip_test_passed=False, packages_select=None, packages_skip=None, packages_select_regex=None, packages_skip_regex=None, packages_start=None, packages_end=None, allow_overriding=[], cmake_args=None, cmake_target=None, cmake_target_skip_unavailable=False, cmake_clean_cache=False, cmake_clean_first=False, cmake_force_configure=False, ament_cmake_args=None, catkin_cmake_args=None, catkin_skip_building_tests=False, verb_parser=<colcon_defaults.argument_parser.defaults.DefaultArgumentsDecorator object at 0x7f61aa473340>, verb_extension=<colcon_core.verb.build.BuildVerb object at 0x7f61aa44e590>, main=<bound method BuildVerb.main of <colcon_core.verb.build.BuildVerb object at 0x7f61aa44e590>>)
[1.961s] Level 1:colcon.colcon_core.package_discovery:discover_packages(colcon_meta) check parameters
[1.961s] Level 1:colcon.colcon_core.package_discovery:discover_packages(recursive) check parameters
[1.961s] Level 1:colcon.colcon_core.package_discovery:discover_packages(ignore) check parameters
[1.961s] Level 1:colcon.colcon_core.package_discovery:discover_packages(path) check parameters
[1.961s] Level 1:colcon.colcon_core.package_discovery:discover_packages(colcon_meta) discover
[1.961s] Level 1:colcon.colcon_core.package_discovery:discover_packages(recursive) discover
[1.961s] INFO:colcon.colcon_core.package_discovery:Crawling recursively for packages in '/home/electronica/ros2_ws'
[1.962s] Level 1:colcon.colcon_core.package_identification:_identify(.) by extensions ['ignore', 'ignore_ament_install']
[1.962s] Level 1:colcon.colcon_core.package_identification:_identify(.) by extension 'ignore'
[1.962s] Level 1:colcon.colcon_core.package_identification:_identify(.) by extension 'ignore_ament_install'
[1.962s] Level 1:colcon.colcon_core.package_identification:_identify(.) by extensions ['colcon_pkg']
[1.962s] Level 1:colcon.colcon_core.package_identification:_identify(.) by extension 'colcon_pkg'
[1.962s] Level 1:colcon.colcon_core.package_identification:_identify(.) by extensions ['colcon_meta']
[1.962s] Level 1:colcon.colcon_core.package_identification:_identify(.) by extension 'colcon_meta'
[1.962s] Level 1:colcon.colcon_core.package_identification:_identify(.) by extensions ['ros']
[1.962s] Level 1:colcon.colcon_core.package_identification:_identify(.) by extension 'ros'
[1.978s] Level 1:colcon.colcon_core.package_identification:_identify(.) by extensions ['cmake', 'python']
[1.978s] Level 1:colcon.colcon_core.package_identification:_identify(.) by extension 'cmake'
[1.979s] Level 1:colcon.colcon_core.package_identification:_identify(.) by extension 'python'
[1.979s] Level 1:colcon.colcon_core.package_identification:_identify(.) by extensions ['python_setup_py']
[1.979s] Level 1:colcon.colcon_core.package_identification:_identify(.) by extension 'python_setup_py'
[1.979s] Level 1:colcon.colcon_core.package_identification:_identify(build) by extensions ['ignore', 'ignore_ament_install']
[1.979s] Level 1:colcon.colcon_core.package_identification:_identify(build) by extension 'ignore'
[1.979s] Level 1:colcon.colcon_core.package_identification:_identify(build) ignored
[1.979s] Level 1:colcon.colcon_core.package_identification:_identify(install) by extensions ['ignore', 'ignore_ament_install']
[1.979s] Level 1:colcon.colcon_core.package_identification:_identify(install) by extension 'ignore'
[1.980s] Level 1:colcon.colcon_core.package_identification:_identify(install) ignored
[1.980s] Level 1:colcon.colcon_core.package_identification:_identify(log) by extensions ['ignore', 'ignore_ament_install']
[1.980s] Level 1:colcon.colcon_core.package_identification:_identify(log) by extension 'ignore'
[1.980s] Level 1:colcon.colcon_core.package_identification:_identify(log) ignored
[1.980s] Level 1:colcon.colcon_core.package_identification:_identify(src) by extensions ['ignore', 'ignore_ament_install']
[1.980s] Level 1:colcon.colcon_core.package_identification:_identify(src) by extension 'ignore'
[1.980s] Level 1:colcon.colcon_core.package_identification:_identify(src) by extension 'ignore_ament_install'
[1.980s] Level 1:colcon.colcon_core.package_identification:_identify(src) by extensions ['colcon_pkg']
[1.980s] Level 1:colcon.colcon_core.package_identification:_identify(src) by extension 'colcon_pkg'
[1.980s] Level 1:colcon.colcon_core.package_identification:_identify(src) by extensions ['colcon_meta']
[1.981s] Level 1:colcon.colcon_core.package_identification:_identify(src) by extension 'colcon_meta'
[1.981s] Level 1:colcon.colcon_core.package_identification:_identify(src) by extensions ['ros']
[1.981s] Level 1:colcon.colcon_core.package_identification:_identify(src) by extension 'ros'
[1.981s] Level 1:colcon.colcon_core.package_identification:_identify(src) by extensions ['cmake', 'python']
[1.981s] Level 1:colcon.colcon_core.package_identification:_identify(src) by extension 'cmake'
[1.981s] Level 1:colcon.colcon_core.package_identification:_identify(src) by extension 'python'
[1.981s] Level 1:colcon.colcon_core.package_identification:_identify(src) by extensions ['python_setup_py']
[1.981s] Level 1:colcon.colcon_core.package_identification:_identify(src) by extension 'python_setup_py'
[1.981s] Level 1:colcon.colcon_core.package_identification:_identify(src/my_cpp_pkg) by extensions ['ignore', 'ignore_ament_install']
[1.981s] Level 1:colcon.colcon_core.package_identification:_identify(src/my_cpp_pkg) by extension 'ignore'
[1.982s] Level 1:colcon.colcon_core.package_identification:_identify(src/my_cpp_pkg) by extension 'ignore_ament_install'
[1.982s] Level 1:colcon.colcon_core.package_identification:_identify(src/my_cpp_pkg) by extensions ['colcon_pkg']
[1.982s] Level 1:colcon.colcon_core.package_identification:_identify(src/my_cpp_pkg) by extension 'colcon_pkg'
[1.982s] Level 1:colcon.colcon_core.package_identification:_identify(src/my_cpp_pkg) by extensions ['colcon_meta']
[1.982s] Level 1:colcon.colcon_core.package_identification:_identify(src/my_cpp_pkg) by extension 'colcon_meta'
[1.982s] Level 1:colcon.colcon_core.package_identification:_identify(src/my_cpp_pkg) by extensions ['ros']
[1.982s] Level 1:colcon.colcon_core.package_identification:_identify(src/my_cpp_pkg) by extension 'ros'
[1.985s] DEBUG:colcon.colcon_core.package_identification:Package 'src/my_cpp_pkg' with type 'ros.ament_cmake' and name 'my_cpp_pkg'
[1.985s] Level 1:colcon.colcon_core.package_identification:_identify(src/my_py_pkg) by extensions ['ignore', 'ignore_ament_install']
[1.986s] Level 1:colcon.colcon_core.package_identification:_identify(src/my_py_pkg) by extension 'ignore'
[1.986s] Level 1:colcon.colcon_core.package_identification:_identify(src/my_py_pkg) by extension 'ignore_ament_install'
[1.986s] Level 1:colcon.colcon_core.package_identification:_identify(src/my_py_pkg) by extensions ['colcon_pkg']
[1.986s] Level 1:colcon.colcon_core.package_identification:_identify(src/my_py_pkg) by extension 'colcon_pkg'
[1.986s] Level 1:colcon.colcon_core.package_identification:_identify(src/my_py_pkg) by extensions ['colcon_meta']
[1.986s] Level 1:colcon.colcon_core.package_identification:_identify(src/my_py_pkg) by extension 'colcon_meta'
[1.986s] Level 1:colcon.colcon_core.package_identification:_identify(src/my_py_pkg) by extensions ['ros']
[1.986s] Level 1:colcon.colcon_core.package_identification:_identify(src/my_py_pkg) by extension 'ros'
[1.987s] DEBUG:colcon.colcon_core.package_identification:Package 'src/my_py_pkg' with type 'ros.ament_python' and name 'my_py_pkg'
[1.987s] Level 1:colcon.colcon_core.package_identification:_identify(src/my_robot_bringup) by extensions ['ignore', 'ignore_ament_install']
[1.987s] Level 1:colcon.colcon_core.package_identification:_identify(src/my_robot_bringup) by extension 'ignore'
[1.987s] Level 1:colcon.colcon_core.package_identification:_identify(src/my_robot_bringup) by extension 'ignore_ament_install'
[1.988s] Level 1:colcon.colcon_core.package_identification:_identify(src/my_robot_bringup) by extensions ['colcon_pkg']
[1.988s] Level 1:colcon.colcon_core.package_identification:_identify(src/my_robot_bringup) by extension 'colcon_pkg'
[1.988s] Level 1:colcon.colcon_core.package_identification:_identify(src/my_robot_bringup) by extensions ['colcon_meta']
[1.988s] Level 1:colcon.colcon_core.package_identification:_identify(src/my_robot_bringup) by extension 'colcon_meta'
[1.988s] Level 1:colcon.colcon_core.package_identification:_identify(src/my_robot_bringup) by extensions ['ros']
[1.988s] Level 1:colcon.colcon_core.package_identification:_identify(src/my_robot_bringup) by extension 'ros'
[1.989s] DEBUG:colcon.colcon_core.package_identification:Package 'src/my_robot_bringup' with type 'ros.ament_cmake' and name 'my_robot_bringup'
[1.989s] Level 1:colcon.colcon_core.package_identification:_identify(src/my_robots_interfaces) by extensions ['ignore', 'ignore_ament_install']
[1.989s] Level 1:colcon.colcon_core.package_identification:_identify(src/my_robots_interfaces) by extension 'ignore'
[1.989s] Level 1:colcon.colcon_core.package_identification:_identify(src/my_robots_interfaces) by extension 'ignore_ament_install'
[1.989s] Level 1:colcon.colcon_core.package_identification:_identify(src/my_robots_interfaces) by extensions ['colcon_pkg']
[1.989s] Level 1:colcon.colcon_core.package_identification:_identify(src/my_robots_interfaces) by extension 'colcon_pkg'
[1.989s] Level 1:colcon.colcon_core.package_identification:_identify(src/my_robots_interfaces) by extensions ['colcon_meta']
[1.989s] Level 1:colcon.colcon_core.package_identification:_identify(src/my_robots_interfaces) by extension 'colcon_meta'
[1.989s] Level 1:colcon.colcon_core.package_identification:_identify(src/my_robots_interfaces) by extensions ['ros']
[1.989s] Level 1:colcon.colcon_core.package_identification:_identify(src/my_robots_interfaces) by extension 'ros'
[1.990s] DEBUG:colcon.colcon_core.package_identification:Package 'src/my_robots_interfaces' with type 'ros.ament_cmake' and name 'my_robots_interfaces'
[1.990s] Level 1:colcon.colcon_core.package_identification:_identify(src/turtlesim_catch_them_all) by extensions ['ignore', 'ignore_ament_install']
[1.990s] Level 1:colcon.colcon_core.package_identification:_identify(src/turtlesim_catch_them_all) by extension 'ignore'
[1.990s] Level 1:colcon.colcon_core.package_identification:_identify(src/turtlesim_catch_them_all) by extension 'ignore_ament_install'
[1.990s] Level 1:colcon.colcon_core.package_identification:_identify(src/turtlesim_catch_them_all) by extensions ['colcon_pkg']
[1.991s] Level 1:colcon.colcon_core.package_identification:_identify(src/turtlesim_catch_them_all) by extension 'colcon_pkg'
[1.991s] Level 1:colcon.colcon_core.package_identification:_identify(src/turtlesim_catch_them_all) by extensions ['colcon_meta']
[1.991s] Level 1:colcon.colcon_core.package_identification:_identify(src/turtlesim_catch_them_all) by extension 'colcon_meta'
[1.991s] Level 1:colcon.colcon_core.package_identification:_identify(src/turtlesim_catch_them_all) by extensions ['ros']
[1.991s] Level 1:colcon.colcon_core.package_identification:_identify(src/turtlesim_catch_them_all) by extension 'ros'
[1.992s] DEBUG:colcon.colcon_core.package_identification:Package 'src/turtlesim_catch_them_all' with type 'ros.ament_python' and name 'turtlesim_catch_them_all'
[1.992s] Level 1:colcon.colcon_core.package_discovery:discover_packages(recursive) using defaults
[1.992s] Level 1:colcon.colcon_core.package_discovery:discover_packages(ignore) discover
[1.992s] Level 1:colcon.colcon_core.package_discovery:discover_packages(ignore) using defaults
[1.992s] Level 1:colcon.colcon_core.package_discovery:discover_packages(path) discover
[1.992s] Level 1:colcon.colcon_core.package_discovery:discover_packages(path) using defaults
[2.160s] Level 1:colcon.colcon_core.package_discovery:discover_packages(prefix_path) check parameters
[2.160s] Level 1:colcon.colcon_core.package_discovery:discover_packages(prefix_path) discover
[2.189s] WARNING:colcon.colcon_ros.prefix_path.ament:The path '/home/electronica/ros2_ws/install/turtlesim_catch_them_all' in the environment variable AMENT_PREFIX_PATH doesn't exist
[2.189s] WARNING:colcon.colcon_ros.prefix_path.ament:The path '/home/electronica/ros2_ws/install/my_cpp_pkg' in the environment variable AMENT_PREFIX_PATH doesn't exist
[2.189s] WARNING:colcon.colcon_ros.prefix_path.ament:The path '/home/electronica/ros2_ws/install/my_robots_interfaces' in the environment variable AMENT_PREFIX_PATH doesn't exist
[2.189s] WARNING:colcon.colcon_ros.prefix_path.ament:The path '/home/electronica/ros2_ws/install/my_robot_bringup' in the environment variable AMENT_PREFIX_PATH doesn't exist
[2.189s] WARNING:colcon.colcon_ros.prefix_path.ament:The path '/home/electronica/ros2_ws/install/my_py_pkg' in the environment variable AMENT_PREFIX_PATH doesn't exist
[2.189s] WARNING:colcon.colcon_ros.prefix_path.catkin:The path '/home/electronica/ros2_ws/install/my_cpp_pkg' in the environment variable CMAKE_PREFIX_PATH doesn't exist
[2.190s] WARNING:colcon.colcon_ros.prefix_path.catkin:The path '/home/electronica/ros2_ws/install/my_robots_interfaces' in the environment variable CMAKE_PREFIX_PATH doesn't exist
[2.190s] WARNING:colcon.colcon_ros.prefix_path.catkin:The path '/home/electronica/ros2_ws/install/my_robot_bringup' in the environment variable CMAKE_PREFIX_PATH doesn't exist
[2.219s] DEBUG:colcon.colcon_installed_package_information.package_discovery:Found 0 installed packages in /home/electronica/ros2_ws/install
[2.249s] DEBUG:colcon.colcon_installed_package_information.package_discovery:Found 274 installed packages in /opt/ros/humble
[2.251s] Level 1:colcon.colcon_core.package_discovery:discover_packages(prefix_path) using defaults
[2.426s] Level 5:colcon.colcon_core.verb:set package 'my_py_pkg' build argument 'cmake_args' from command line to 'None'
[2.426s] Level 5:colcon.colcon_core.verb:set package 'my_py_pkg' build argument 'cmake_target' from command line to 'None'
[2.426s] Level 5:colcon.colcon_core.verb:set package 'my_py_pkg' build argument 'cmake_target_skip_unavailable' from command line to 'False'
[2.426s] Level 5:colcon.colcon_core.verb:set package 'my_py_pkg' build argument 'cmake_clean_cache' from command line to 'False'
[2.426s] Level 5:colcon.colcon_core.verb:set package 'my_py_pkg' build argument 'cmake_clean_first' from command line to 'False'
[2.426s] Level 5:colcon.colcon_core.verb:set package 'my_py_pkg' build argument 'cmake_force_configure' from command line to 'False'
[2.426s] Level 5:colcon.colcon_core.verb:set package 'my_py_pkg' build argument 'ament_cmake_args' from command line to 'None'
[2.426s] Level 5:colcon.colcon_core.verb:set package 'my_py_pkg' build argument 'catkin_cmake_args' from command line to 'None'
[2.426s] Level 5:colcon.colcon_core.verb:set package 'my_py_pkg' build argument 'catkin_skip_building_tests' from command line to 'False'
[2.426s] DEBUG:colcon.colcon_core.verb:Building package 'my_py_pkg' with the following arguments: {'ament_cmake_args': None, 'build_base': '/home/electronica/ros2_ws/build/my_py_pkg', 'catkin_cmake_args': None, 'catkin_skip_building_tests': False, 'cmake_args': None, 'cmake_clean_cache': False, 'cmake_clean_first': False, 'cmake_force_configure': False, 'cmake_target': None, 'cmake_target_skip_unavailable': False, 'install_base': '/home/electronica/ros2_ws/install/my_py_pkg', 'merge_install': False, 'path': '/home/electronica/ros2_ws/src/my_py_pkg', 'symlink_install': False, 'test_result_base': None}
[2.455s] Level 5:colcon.colcon_core.verb:set package 'my_robots_interfaces' build argument 'cmake_args' from command line to 'None'
[2.455s] Level 5:colcon.colcon_core.verb:set package 'my_robots_interfaces' build argument 'cmake_target' from command line to 'None'
[2.455s] Level 5:colcon.colcon_core.verb:set package 'my_robots_interfaces' build argument 'cmake_target_skip_unavailable' from command line to 'False'
[2.455s] Level 5:colcon.colcon_core.verb:set package 'my_robots_interfaces' build argument 'cmake_clean_cache' from command line to 'False'
[2.455s] Level 5:colcon.colcon_core.verb:set package 'my_robots_interfaces' build argument 'cmake_clean_first' from command line to 'False'
[2.455s] Level 5:colcon.colcon_core.verb:set package 'my_robots_interfaces' build argument 'cmake_force_configure' from command line to 'False'
[2.455s] Level 5:colcon.colcon_core.verb:set package 'my_robots_interfaces' build argument 'ament_cmake_args' from command line to 'None'
[2.455s] Level 5:colcon.colcon_core.verb:set package 'my_robots_interfaces' build argument 'catkin_cmake_args' from command line to 'None'
[2.455s] Level 5:colcon.colcon_core.verb:set package 'my_robots_interfaces' build argument 'catkin_skip_building_tests' from command line to 'False'
[2.456s] DEBUG:colcon.colcon_core.verb:Building package 'my_robots_interfaces' with the following arguments: {'ament_cmake_args': None, 'build_base': '/home/electronica/ros2_ws/build/my_robots_interfaces', 'catkin_cmake_args': None, 'catkin_skip_building_tests': False, 'cmake_args': None, 'cmake_clean_cache': False, 'cmake_clean_first': False, 'cmake_force_configure': False, 'cmake_target': None, 'cmake_target_skip_unavailable': False, 'install_base': '/home/electronica/ros2_ws/install/my_robots_interfaces', 'merge_install': False, 'path': '/home/electronica/ros2_ws/src/my_robots_interfaces', 'symlink_install': False, 'test_result_base': None}
[2.484s] Level 5:colcon.colcon_core.verb:set package 'turtlesim_catch_them_all' build argument 'cmake_args' from command line to 'None'
[2.484s] Level 5:colcon.colcon_core.verb:set package 'turtlesim_catch_them_all' build argument 'cmake_target' from command line to 'None'
[2.484s] Level 5:colcon.colcon_core.verb:set package 'turtlesim_catch_them_all' build argument 'cmake_target_skip_unavailable' from command line to 'False'
[2.484s] Level 5:colcon.colcon_core.verb:set package 'turtlesim_catch_them_all' build argument 'cmake_clean_cache' from command line to 'False'
[2.484s] Level 5:colcon.colcon_core.verb:set package 'turtlesim_catch_them_all' build argument 'cmake_clean_first' from command line to 'False'
[2.484s] Level 5:colcon.colcon_core.verb:set package 'turtlesim_catch_them_all' build argument 'cmake_force_configure' from command line to 'False'
[2.484s] Level 5:colcon.colcon_core.verb:set package 'turtlesim_catch_them_all' build argument 'ament_cmake_args' from command line to 'None'
[2.484s] Level 5:colcon.colcon_core.verb:set package 'turtlesim_catch_them_all' build argument 'catkin_cmake_args' from command line to 'None'
[2.484s] Level 5:colcon.colcon_core.verb:set package 'turtlesim_catch_them_all' build argument 'catkin_skip_building_tests' from command line to 'False'
[2.485s] DEBUG:colcon.colcon_core.verb:Building package 'turtlesim_catch_them_all' with the following arguments: {'ament_cmake_args': None, 'build_base': '/home/electronica/ros2_ws/build/turtlesim_catch_them_all', 'catkin_cmake_args': None, 'catkin_skip_building_tests': False, 'cmake_args': None, 'cmake_clean_cache': False, 'cmake_clean_first': False, 'cmake_force_configure': False, 'cmake_target': None, 'cmake_target_skip_unavailable': False, 'install_base': '/home/electronica/ros2_ws/install/turtlesim_catch_them_all', 'merge_install': False, 'path': '/home/electronica/ros2_ws/src/turtlesim_catch_them_all', 'symlink_install': False, 'test_result_base': None}
[2.513s] Level 5:colcon.colcon_core.verb:set package 'my_cpp_pkg' build argument 'cmake_args' from command line to 'None'
[2.513s] Level 5:colcon.colcon_core.verb:set package 'my_cpp_pkg' build argument 'cmake_target' from command line to 'None'
[2.513s] Level 5:colcon.colcon_core.verb:set package 'my_cpp_pkg' build argument 'cmake_target_skip_unavailable' from command line to 'False'
[2.513s] Level 5:colcon.colcon_core.verb:set package 'my_cpp_pkg' build argument 'cmake_clean_cache' from command line to 'False'
[2.513s] Level 5:colcon.colcon_core.verb:set package 'my_cpp_pkg' build argument 'cmake_clean_first' from command line to 'False'
[2.513s] Level 5:colcon.colcon_core.verb:set package 'my_cpp_pkg' build argument 'cmake_force_configure' from command line to 'False'
[2.513s] Level 5:colcon.colcon_core.verb:set package 'my_cpp_pkg' build argument 'ament_cmake_args' from command line to 'None'
[2.514s] Level 5:colcon.colcon_core.verb:set package 'my_cpp_pkg' build argument 'catkin_cmake_args' from command line to 'None'
[2.514s] Level 5:colcon.colcon_core.verb:set package 'my_cpp_pkg' build argument 'catkin_skip_building_tests' from command line to 'False'
[2.514s] DEBUG:colcon.colcon_core.verb:Building package 'my_cpp_pkg' with the following arguments: {'ament_cmake_args': None, 'build_base': '/home/electronica/ros2_ws/build/my_cpp_pkg', 'catkin_cmake_args': None, 'catkin_skip_building_tests': False, 'cmake_args': None, 'cmake_clean_cache': False, 'cmake_clean_first': False, 'cmake_force_configure': False, 'cmake_target': None, 'cmake_target_skip_unavailable': False, 'install_base': '/home/electronica/ros2_ws/install/my_cpp_pkg', 'merge_install': False, 'path': '/home/electronica/ros2_ws/src/my_cpp_pkg', 'symlink_install': False, 'test_result_base': None}
[2.542s] Level 5:colcon.colcon_core.verb:set package 'my_robot_bringup' build argument 'cmake_args' from command line to 'None'
[2.542s] Level 5:colcon.colcon_core.verb:set package 'my_robot_bringup' build argument 'cmake_target' from command line to 'None'
[2.542s] Level 5:colcon.colcon_core.verb:set package 'my_robot_bringup' build argument 'cmake_target_skip_unavailable' from command line to 'False'
[2.542s] Level 5:colcon.colcon_core.verb:set package 'my_robot_bringup' build argument 'cmake_clean_cache' from command line to 'False'
[2.542s] Level 5:colcon.colcon_core.verb:set package 'my_robot_bringup' build argument 'cmake_clean_first' from command line to 'False'
[2.542s] Level 5:colcon.colcon_core.verb:set package 'my_robot_bringup' build argument 'cmake_force_configure' from command line to 'False'
[2.542s] Level 5:colcon.colcon_core.verb:set package 'my_robot_bringup' build argument 'ament_cmake_args' from command line to 'None'
[2.542s] Level 5:colcon.colcon_core.verb:set package 'my_robot_bringup' build argument 'catkin_cmake_args' from command line to 'None'
[2.542s] Level 5:colcon.colcon_core.verb:set package 'my_robot_bringup' build argument 'catkin_skip_building_tests' from command line to 'False'
[2.543s] DEBUG:colcon.colcon_core.verb:Building package 'my_robot_bringup' with the following arguments: {'ament_cmake_args': None, 'build_base': '/home/electronica/ros2_ws/build/my_robot_bringup', 'catkin_cmake_args': None, 'catkin_skip_building_tests': False, 'cmake_args': None, 'cmake_clean_cache': False, 'cmake_clean_first': False, 'cmake_force_configure': False, 'cmake_target': None, 'cmake_target_skip_unavailable': False, 'install_base': '/home/electronica/ros2_ws/install/my_robot_bringup', 'merge_install': False, 'path': '/home/electronica/ros2_ws/src/my_robot_bringup', 'symlink_install': False, 'test_result_base': None}
[2.571s] INFO:colcon.colcon_core.executor:Executing jobs using 'parallel' executor
[2.600s] DEBUG:colcon.colcon_parallel_executor.executor.parallel:run_until_complete
[2.600s] INFO:colcon.colcon_ros.task.ament_python.build:Building ROS package in '/home/electronica/ros2_ws/src/my_py_pkg' with build type 'ament_python'
[2.600s] Level 1:colcon.colcon_core.shell:create_environment_hook('my_py_pkg', 'ament_prefix_path')
[2.632s] INFO:colcon.colcon_core.plugin_system:Skipping extension 'colcon_core.shell.bat': Not used on non-Windows systems
[2.632s] INFO:colcon.colcon_core.shell:Creating environment hook '/home/electronica/ros2_ws/install/my_py_pkg/share/my_py_pkg/hook/ament_prefix_path.ps1'
[2.633s] INFO:colcon.colcon_core.shell:Creating environment descriptor '/home/electronica/ros2_ws/install/my_py_pkg/share/my_py_pkg/hook/ament_prefix_path.dsv'
[2.634s] INFO:colcon.colcon_core.shell:Creating environment hook '/home/electronica/ros2_ws/install/my_py_pkg/share/my_py_pkg/hook/ament_prefix_path.sh'
[2.663s] INFO:colcon.colcon_core.shell:Skip shell extension 'powershell' for command environment: Not usable outside of PowerShell
[2.663s] DEBUG:colcon.colcon_core.shell:Skip shell extension 'dsv' for command environment
[2.753s] INFO:colcon.colcon_ros.task.ament_cmake.build:Building ROS package in '/home/electronica/ros2_ws/src/my_robots_interfaces' with build type 'ament_cmake'
[2.753s] INFO:colcon.colcon_cmake.task.cmake.build:Building CMake package in '/home/electronica/ros2_ws/src/my_robots_interfaces'
[2.783s] INFO:colcon.colcon_core.shell:Skip shell extension 'powershell' for command environment: Not usable outside of PowerShell
[2.783s] DEBUG:colcon.colcon_core.shell:Skip shell extension 'dsv' for command environment
[2.872s] INFO:colcon.colcon_ros.task.ament_python.build:Building ROS package in '/home/electronica/ros2_ws/src/turtlesim_catch_them_all' with build type 'ament_python'
[2.872s] Level 1:colcon.colcon_core.shell:create_environment_hook('turtlesim_catch_them_all', 'ament_prefix_path')
[2.902s] INFO:colcon.colcon_core.shell:Creating environment hook '/home/electronica/ros2_ws/install/turtlesim_catch_them_all/share/turtlesim_catch_them_all/hook/ament_prefix_path.ps1'
[2.903s] INFO:colcon.colcon_core.shell:Creating environment descriptor '/home/electronica/ros2_ws/install/turtlesim_catch_them_all/share/turtlesim_catch_them_all/hook/ament_prefix_path.dsv'
[2.903s] INFO:colcon.colcon_core.shell:Creating environment hook '/home/electronica/ros2_ws/install/turtlesim_catch_them_all/share/turtlesim_catch_them_all/hook/ament_prefix_path.sh'
[2.932s] INFO:colcon.colcon_core.shell:Skip shell extension 'powershell' for command environment: Not usable outside of PowerShell
[2.932s] DEBUG:colcon.colcon_core.shell:Skip shell extension 'dsv' for command environment
[3.495s] INFO:colcon.colcon_core.task.python.build:Building Python package in '/home/electronica/ros2_ws/src/my_py_pkg'
[3.531s] INFO:colcon.colcon_core.shell:Skip shell extension 'powershell' for command environment: Not usable outside of PowerShell
[3.531s] DEBUG:colcon.colcon_core.shell:Skip shell extension 'dsv' for command environment
[3.630s] DEBUG:colcon.colcon_core.event_handler.log_command:Invoking command in '/home/electronica/ros2_ws/build/my_robots_interfaces': CMAKE_PREFIX_PATH=${CMAKE_PREFIX_PATH}:/home/electronica/ros2_ws/install/turtlesim_catch_them_all:/home/electronica/ros2_ws/install/my_py_pkg:/opt/ros/humble /usr/bin/cmake /home/electronica/ros2_ws/src/my_robots_interfaces -DCMAKE_INSTALL_PREFIX=/home/electronica/ros2_ws/install/my_robots_interfaces
[4.093s] INFO:colcon.colcon_core.task.python.build:Building Python package in '/home/electronica/ros2_ws/src/turtlesim_catch_them_all'
[4.126s] INFO:colcon.colcon_core.shell:Skip shell extension 'powershell' for command environment: Not usable outside of PowerShell
[4.126s] DEBUG:colcon.colcon_core.shell:Skip shell extension 'dsv' for command environment
[4.804s] DEBUG:colcon.colcon_core.event_handler.log_command:Invoking command in '/home/electronica/ros2_ws/src/turtlesim_catch_them_all': PYTHONPATH=/home/electronica/ros2_ws/build/turtlesim_catch_them_all/prefix_override:/home/electronica/ros2_ws/install/turtlesim_catch_them_all/lib/python3.10/site-packages:${PYTHONPATH} /usr/bin/python3 setup.py egg_info --egg-base ../../build/turtlesim_catch_them_all build --build-base /home/electronica/ros2_ws/build/turtlesim_catch_them_all/build install --record /home/electronica/ros2_ws/build/turtlesim_catch_them_all/install.log --single-version-externally-managed
[4.826s] DEBUG:colcon.colcon_core.event_handler.log_command:Invoking command in '/home/electronica/ros2_ws/src/my_py_pkg': PYTHONPATH=/home/electronica/ros2_ws/build/my_py_pkg/prefix_override:/home/electronica/ros2_ws/install/my_py_pkg/lib/python3.10/site-packages:${PYTHONPATH} /usr/bin/python3 setup.py egg_info --egg-base ../../build/my_py_pkg build --build-base /home/electronica/ros2_ws/build/my_py_pkg/build install --record /home/electronica/ros2_ws/build/my_py_pkg/install.log --single-version-externally-managed
[5.312s] DEBUG:colcon.colcon_core.event_handler.log_command:Invoked command in '/home/electronica/ros2_ws/src/turtlesim_catch_them_all' returned '0': PYTHONPATH=/home/electronica/ros2_ws/build/turtlesim_catch_them_all/prefix_override:/home/electronica/ros2_ws/install/turtlesim_catch_them_all/lib/python3.10/site-packages:${PYTHONPATH} /usr/bin/python3 setup.py egg_info --egg-base ../../build/turtlesim_catch_them_all build --build-base /home/electronica/ros2_ws/build/turtlesim_catch_them_all/build install --record /home/electronica/ros2_ws/build/turtlesim_catch_them_all/install.log --single-version-externally-managed
[5.350s] Level 1:colcon.colcon_core.environment:checking '/home/electronica/ros2_ws/install/turtlesim_catch_them_all' for CMake module files
[5.351s] Level 1:colcon.colcon_core.environment:checking '/home/electronica/ros2_ws/install/turtlesim_catch_them_all' for CMake config files
[5.352s] Level 1:colcon.colcon_core.environment:checking '/home/electronica/ros2_ws/install/turtlesim_catch_them_all/lib'
[5.352s] Level 1:colcon.colcon_core.environment:checking '/home/electronica/ros2_ws/install/turtlesim_catch_them_all/bin'
[5.352s] Level 1:colcon.colcon_core.environment:checking '/home/electronica/ros2_ws/install/turtlesim_catch_them_all/lib/pkgconfig/turtlesim_catch_them_all.pc'
[5.352s] Level 1:colcon.colcon_core.environment:checking '/home/electronica/ros2_ws/install/turtlesim_catch_them_all/lib/python3.10/site-packages'
[5.353s] Level 1:colcon.colcon_core.shell:create_environment_hook('turtlesim_catch_them_all', 'pythonpath')
[5.383s] INFO:colcon.colcon_core.shell:Creating environment hook '/home/electronica/ros2_ws/install/turtlesim_catch_them_all/share/turtlesim_catch_them_all/hook/pythonpath.ps1'
[5.384s] INFO:colcon.colcon_core.shell:Creating environment descriptor '/home/electronica/ros2_ws/install/turtlesim_catch_them_all/share/turtlesim_catch_them_all/hook/pythonpath.dsv'
[5.384s] INFO:colcon.colcon_core.shell:Creating environment hook '/home/electronica/ros2_ws/install/turtlesim_catch_them_all/share/turtlesim_catch_them_all/hook/pythonpath.sh'
[5.385s] Level 1:colcon.colcon_core.environment:checking '/home/electronica/ros2_ws/install/turtlesim_catch_them_all/bin'
[5.385s] Level 1:colcon.colcon_core.environment:create_environment_scripts_only(turtlesim_catch_them_all)
[5.415s] INFO:colcon.colcon_core.shell:Creating package script '/home/electronica/ros2_ws/install/turtlesim_catch_them_all/share/turtlesim_catch_them_all/package.ps1'
[5.416s] INFO:colcon.colcon_core.shell:Creating package descriptor '/home/electronica/ros2_ws/install/turtlesim_catch_them_all/share/turtlesim_catch_them_all/package.dsv'
[5.417s] INFO:colcon.colcon_core.shell:Creating package script '/home/electronica/ros2_ws/install/turtlesim_catch_them_all/share/turtlesim_catch_them_all/package.sh'
[5.418s] INFO:colcon.colcon_core.shell:Creating package script '/home/electronica/ros2_ws/install/turtlesim_catch_them_all/share/turtlesim_catch_them_all/package.bash'
[5.419s] INFO:colcon.colcon_core.shell:Creating package script '/home/electronica/ros2_ws/install/turtlesim_catch_them_all/share/turtlesim_catch_them_all/package.zsh'
[5.420s] Level 1:colcon.colcon_core.environment:create_file_with_runtime_dependencies(/home/electronica/ros2_ws/install/turtlesim_catch_them_all/share/colcon-core/packages/turtlesim_catch_them_all)
[5.423s] DEBUG:colcon.colcon_core.event_handler.log_command:Invoked command in '/home/electronica/ros2_ws/src/my_py_pkg' returned '0': PYTHONPATH=/home/electronica/ros2_ws/build/my_py_pkg/prefix_override:/home/electronica/ros2_ws/install/my_py_pkg/lib/python3.10/site-packages:${PYTHONPATH} /usr/bin/python3 setup.py egg_info --egg-base ../../build/my_py_pkg build --build-base /home/electronica/ros2_ws/build/my_py_pkg/build install --record /home/electronica/ros2_ws/build/my_py_pkg/install.log --single-version-externally-managed
[5.453s] Level 1:colcon.colcon_core.environment:checking '/home/electronica/ros2_ws/install/my_py_pkg' for CMake module files
[5.454s] Level 1:colcon.colcon_core.environment:checking '/home/electronica/ros2_ws/install/my_py_pkg' for CMake config files
[5.455s] Level 1:colcon.colcon_core.environment:checking '/home/electronica/ros2_ws/install/my_py_pkg/lib'
[5.455s] Level 1:colcon.colcon_core.environment:checking '/home/electronica/ros2_ws/install/my_py_pkg/bin'
[5.455s] Level 1:colcon.colcon_core.environment:checking '/home/electronica/ros2_ws/install/my_py_pkg/lib/pkgconfig/my_py_pkg.pc'
[5.455s] Level 1:colcon.colcon_core.environment:checking '/home/electronica/ros2_ws/install/my_py_pkg/lib/python3.10/site-packages'
[5.455s] Level 1:colcon.colcon_core.shell:create_environment_hook('my_py_pkg', 'pythonpath')
[5.485s] INFO:colcon.colcon_core.shell:Creating environment hook '/home/electronica/ros2_ws/install/my_py_pkg/share/my_py_pkg/hook/pythonpath.ps1'
[5.486s] INFO:colcon.colcon_core.shell:Creating environment descriptor '/home/electronica/ros2_ws/install/my_py_pkg/share/my_py_pkg/hook/pythonpath.dsv'
[5.486s] INFO:colcon.colcon_core.shell:Creating environment hook '/home/electronica/ros2_ws/install/my_py_pkg/share/my_py_pkg/hook/pythonpath.sh'
[5.487s] Level 1:colcon.colcon_core.environment:checking '/home/electronica/ros2_ws/install/my_py_pkg/bin'
[5.487s] Level 1:colcon.colcon_core.environment:create_environment_scripts_only(my_py_pkg)
[5.517s] INFO:colcon.colcon_core.shell:Creating package script '/home/electronica/ros2_ws/install/my_py_pkg/share/my_py_pkg/package.ps1'
[5.518s] INFO:colcon.colcon_core.shell:Creating package descriptor '/home/electronica/ros2_ws/install/my_py_pkg/share/my_py_pkg/package.dsv'
[5.519s] INFO:colcon.colcon_core.shell:Creating package script '/home/electronica/ros2_ws/install/my_py_pkg/share/my_py_pkg/package.sh'
[5.519s] INFO:colcon.colcon_core.shell:Creating package script '/home/electronica/ros2_ws/install/my_py_pkg/share/my_py_pkg/package.bash'
[5.520s] INFO:colcon.colcon_core.shell:Creating package script '/home/electronica/ros2_ws/install/my_py_pkg/share/my_py_pkg/package.zsh'
[5.520s] Level 1:colcon.colcon_core.environment:create_file_with_runtime_dependencies(/home/electronica/ros2_ws/install/my_py_pkg/share/colcon-core/packages/my_py_pkg)
[5.521s] INFO:colcon.colcon_ros.task.ament_cmake.build:Building ROS package in '/home/electronica/ros2_ws/src/my_robot_bringup' with build type 'ament_cmake'
[5.521s] INFO:colcon.colcon_cmake.task.cmake.build:Building CMake package in '/home/electronica/ros2_ws/src/my_robot_bringup'
[5.552s] INFO:colcon.colcon_core.shell:Skip shell extension 'powershell' for command environment: Not usable outside of PowerShell
[5.552s] DEBUG:colcon.colcon_core.shell:Skip shell extension 'dsv' for command environment
[5.652s] DEBUG:colcon.colcon_core.event_handler.log_command:Invoking command in '/home/electronica/ros2_ws/build/my_robot_bringup': AMENT_PREFIX_PATH=/home/electronica/ros2_ws/install/my_py_pkg:/home/electronica/ros2_ws/install/turtlesim_catch_them_all:/home/electronica/ros2_ws/install/my_cpp_pkg:/home/electronica/ros2_ws/install/my_robots_interfaces:/home/electronica/ros2_ws/install/my_robot_bringup:/opt/ros/humble CMAKE_PREFIX_PATH=${CMAKE_PREFIX_PATH}:/home/electronica/ros2_ws/install/turtlesim_catch_them_all:/home/electronica/ros2_ws/install/my_py_pkg:/opt/ros/humble PYTHONPATH=/home/electronica/ros2_ws/install/my_py_pkg/lib/python3.10/site-packages:/home/electronica/ros2_ws/build/turtlesim_catch_them_all:/home/electronica/ros2_ws/install/turtlesim_catch_them_all/lib/python3.10/site-packages:/home/electronica/ros2_ws/install/my_robots_interfaces/local/lib/python3.10/dist-packages:/opt/ros/humble/lib/python3.10/site-packages:/opt/ros/humble/local/lib/python3.10/dist-packages /usr/bin/cmake /home/electronica/ros2_ws/src/my_robot_bringup -DCMAKE_INSTALL_PREFIX=/home/electronica/ros2_ws/install/my_robot_bringup
[6.267s] DEBUG:colcon.colcon_core.event_handler.log_command:Invoked command in '/home/electronica/ros2_ws/build/my_robots_interfaces' returned '0': CMAKE_PREFIX_PATH=${CMAKE_PREFIX_PATH}:/home/electronica/ros2_ws/install/turtlesim_catch_them_all:/home/electronica/ros2_ws/install/my_py_pkg:/opt/ros/humble /usr/bin/cmake /home/electronica/ros2_ws/src/my_robots_interfaces -DCMAKE_INSTALL_PREFIX=/home/electronica/ros2_ws/install/my_robots_interfaces
[6.270s] DEBUG:colcon.colcon_core.event_handler.log_command:Invoking command in '/home/electronica/ros2_ws/build/my_robots_interfaces': CMAKE_PREFIX_PATH=${CMAKE_PREFIX_PATH}:/home/electronica/ros2_ws/install/turtlesim_catch_them_all:/home/electronica/ros2_ws/install/my_py_pkg:/opt/ros/humble /usr/bin/cmake --build /home/electronica/ros2_ws/build/my_robots_interfaces -- -j8 -l8
[6.634s] DEBUG:colcon.colcon_core.event_handler.log_command:Invoked command in '/home/electronica/ros2_ws/build/my_robot_bringup' returned '0': AMENT_PREFIX_PATH=/home/electronica/ros2_ws/install/my_py_pkg:/home/electronica/ros2_ws/install/turtlesim_catch_them_all:/home/electronica/ros2_ws/install/my_cpp_pkg:/home/electronica/ros2_ws/install/my_robots_interfaces:/home/electronica/ros2_ws/install/my_robot_bringup:/opt/ros/humble CMAKE_PREFIX_PATH=${CMAKE_PREFIX_PATH}:/home/electronica/ros2_ws/install/turtlesim_catch_them_all:/home/electronica/ros2_ws/install/my_py_pkg:/opt/ros/humble PYTHONPATH=/home/electronica/ros2_ws/install/my_py_pkg/lib/python3.10/site-packages:/home/electronica/ros2_ws/build/turtlesim_catch_them_all:/home/electronica/ros2_ws/install/turtlesim_catch_them_all/lib/python3.10/site-packages:/home/electronica/ros2_ws/install/my_robots_interfaces/local/lib/python3.10/dist-packages:/opt/ros/humble/lib/python3.10/site-packages:/opt/ros/humble/local/lib/python3.10/dist-packages /usr/bin/cmake /home/electronica/ros2_ws/src/my_robot_bringup -DCMAKE_INSTALL_PREFIX=/home/electronica/ros2_ws/install/my_robot_bringup
[6.635s] DEBUG:colcon.colcon_core.event_handler.log_command:Invoking command in '/home/electronica/ros2_ws/build/my_robot_bringup': AMENT_PREFIX_PATH=/home/electronica/ros2_ws/install/my_py_pkg:/home/electronica/ros2_ws/install/turtlesim_catch_them_all:/home/electronica/ros2_ws/install/my_cpp_pkg:/home/electronica/ros2_ws/install/my_robots_interfaces:/home/electronica/ros2_ws/install/my_robot_bringup:/opt/ros/humble CMAKE_PREFIX_PATH=${CMAKE_PREFIX_PATH}:/home/electronica/ros2_ws/install/turtlesim_catch_them_all:/home/electronica/ros2_ws/install/my_py_pkg:/opt/ros/humble PYTHONPATH=/home/electronica/ros2_ws/install/my_py_pkg/lib/python3.10/site-packages:/home/electronica/ros2_ws/build/turtlesim_catch_them_all:/home/electronica/ros2_ws/install/turtlesim_catch_them_all/lib/python3.10/site-packages:/home/electronica/ros2_ws/install/my_robots_interfaces/local/lib/python3.10/dist-packages:/opt/ros/humble/lib/python3.10/site-packages:/opt/ros/humble/local/lib/python3.10/dist-packages /usr/bin/cmake --build /home/electronica/ros2_ws/build/my_robot_bringup -- -j8 -l8
[6.688s] DEBUG:colcon.colcon_core.event_handler.log_command:Invoked command in '/home/electronica/ros2_ws/build/my_robot_bringup' returned '0': AMENT_PREFIX_PATH=/home/electronica/ros2_ws/install/my_py_pkg:/home/electronica/ros2_ws/install/turtlesim_catch_them_all:/home/electronica/ros2_ws/install/my_cpp_pkg:/home/electronica/ros2_ws/install/my_robots_interfaces:/home/electronica/ros2_ws/install/my_robot_bringup:/opt/ros/humble CMAKE_PREFIX_PATH=${CMAKE_PREFIX_PATH}:/home/electronica/ros2_ws/install/turtlesim_catch_them_all:/home/electronica/ros2_ws/install/my_py_pkg:/opt/ros/humble PYTHONPATH=/home/electronica/ros2_ws/install/my_py_pkg/lib/python3.10/site-packages:/home/electronica/ros2_ws/build/turtlesim_catch_them_all:/home/electronica/ros2_ws/install/turtlesim_catch_them_all/lib/python3.10/site-packages:/home/electronica/ros2_ws/install/my_robots_interfaces/local/lib/python3.10/dist-packages:/opt/ros/humble/lib/python3.10/site-packages:/opt/ros/humble/local/lib/python3.10/dist-packages /usr/bin/cmake --build /home/electronica/ros2_ws/build/my_robot_bringup -- -j8 -l8
[6.728s] DEBUG:colcon.colcon_core.event_handler.log_command:Invoking command in '/home/electronica/ros2_ws/build/my_robot_bringup': AMENT_PREFIX_PATH=/home/electronica/ros2_ws/install/my_py_pkg:/home/electronica/ros2_ws/install/turtlesim_catch_them_all:/home/electronica/ros2_ws/install/my_cpp_pkg:/home/electronica/ros2_ws/install/my_robots_interfaces:/home/electronica/ros2_ws/install/my_robot_bringup:/opt/ros/humble CMAKE_PREFIX_PATH=${CMAKE_PREFIX_PATH}:/home/electronica/ros2_ws/install/turtlesim_catch_them_all:/home/electronica/ros2_ws/install/my_py_pkg:/opt/ros/humble PYTHONPATH=/home/electronica/ros2_ws/install/my_py_pkg/lib/python3.10/site-packages:/home/electronica/ros2_ws/build/turtlesim_catch_them_all:/home/electronica/ros2_ws/install/turtlesim_catch_them_all/lib/python3.10/site-packages:/home/electronica/ros2_ws/install/my_robots_interfaces/local/lib/python3.10/dist-packages:/opt/ros/humble/lib/python3.10/site-packages:/opt/ros/humble/local/lib/python3.10/dist-packages /usr/bin/cmake --install /home/electronica/ros2_ws/build/my_robot_bringup
[6.743s] Level 1:colcon.colcon_core.environment:create_environment_scripts_only(my_robot_bringup)
[6.745s] DEBUG:colcon.colcon_core.event_handler.log_command:Invoked command in '/home/electronica/ros2_ws/build/my_robot_bringup' returned '0': AMENT_PREFIX_PATH=/home/electronica/ros2_ws/install/my_py_pkg:/home/electronica/ros2_ws/install/turtlesim_catch_them_all:/home/electronica/ros2_ws/install/my_cpp_pkg:/home/electronica/ros2_ws/install/my_robots_interfaces:/home/electronica/ros2_ws/install/my_robot_bringup:/opt/ros/humble CMAKE_PREFIX_PATH=${CMAKE_PREFIX_PATH}:/home/electronica/ros2_ws/install/turtlesim_catch_them_all:/home/electronica/ros2_ws/install/my_py_pkg:/opt/ros/humble PYTHONPATH=/home/electronica/ros2_ws/install/my_py_pkg/lib/python3.10/site-packages:/home/electronica/ros2_ws/build/turtlesim_catch_them_all:/home/electronica/ros2_ws/install/turtlesim_catch_them_all/lib/python3.10/site-packages:/home/electronica/ros2_ws/install/my_robots_interfaces/local/lib/python3.10/dist-packages:/opt/ros/humble/lib/python3.10/site-packages:/opt/ros/humble/local/lib/python3.10/dist-packages /usr/bin/cmake --install /home/electronica/ros2_ws/build/my_robot_bringup
[6.785s] Level 1:colcon.colcon_core.environment:checking '/home/electronica/ros2_ws/install/my_robot_bringup' for CMake module files
[6.786s] Level 1:colcon.colcon_core.environment:checking '/home/electronica/ros2_ws/install/my_robot_bringup' for CMake config files
[6.786s] Level 1:colcon.colcon_core.shell:create_environment_hook('my_robot_bringup', 'cmake_prefix_path')
[6.816s] INFO:colcon.colcon_core.shell:Creating environment hook '/home/electronica/ros2_ws/install/my_robot_bringup/share/my_robot_bringup/hook/cmake_prefix_path.ps1'
[6.817s] INFO:colcon.colcon_core.shell:Creating environment descriptor '/home/electronica/ros2_ws/install/my_robot_bringup/share/my_robot_bringup/hook/cmake_prefix_path.dsv'
[6.817s] INFO:colcon.colcon_core.shell:Creating environment hook '/home/electronica/ros2_ws/install/my_robot_bringup/share/my_robot_bringup/hook/cmake_prefix_path.sh'
[6.818s] Level 1:colcon.colcon_core.environment:checking '/home/electronica/ros2_ws/install/my_robot_bringup/bin'
[6.818s] Level 1:colcon.colcon_core.environment:checking '/home/electronica/ros2_ws/install/my_robot_bringup/lib/pkgconfig/my_robot_bringup.pc'
[6.818s] Level 1:colcon.colcon_core.environment:checking '/home/electronica/ros2_ws/install/my_robot_bringup/lib/python3.10/site-packages'
[6.819s] Level 1:colcon.colcon_core.environment:checking '/home/electronica/ros2_ws/install/my_robot_bringup/bin'
[6.853s] INFO:colcon.colcon_core.shell:Creating package script '/home/electronica/ros2_ws/install/my_robot_bringup/share/my_robot_bringup/package.ps1'
[6.854s] INFO:colcon.colcon_core.shell:Creating package descriptor '/home/electronica/ros2_ws/install/my_robot_bringup/share/my_robot_bringup/package.dsv'
[6.854s] INFO:colcon.colcon_core.shell:Creating package script '/home/electronica/ros2_ws/install/my_robot_bringup/share/my_robot_bringup/package.sh'
[6.855s] INFO:colcon.colcon_core.shell:Creating package script '/home/electronica/ros2_ws/install/my_robot_bringup/share/my_robot_bringup/package.bash'
[6.855s] INFO:colcon.colcon_core.shell:Creating package script '/home/electronica/ros2_ws/install/my_robot_bringup/share/my_robot_bringup/package.zsh'
[6.856s] Level 1:colcon.colcon_core.environment:create_file_with_runtime_dependencies(/home/electronica/ros2_ws/install/my_robot_bringup/share/colcon-core/packages/my_robot_bringup)
[6.916s] Level 1:colcon.colcon_core.environment:create_environment_scripts_only(my_robot_bringup)
[6.947s] Level 1:colcon.colcon_core.environment:checking '/home/electronica/ros2_ws/install/my_robot_bringup' for CMake module files
[6.948s] Level 1:colcon.colcon_core.environment:checking '/home/electronica/ros2_ws/install/my_robot_bringup' for CMake config files
[6.948s] Level 1:colcon.colcon_core.shell:create_environment_hook('my_robot_bringup', 'cmake_prefix_path')
[6.978s] INFO:colcon.colcon_core.shell:Creating environment hook '/home/electronica/ros2_ws/install/my_robot_bringup/share/my_robot_bringup/hook/cmake_prefix_path.ps1'
[6.988s] INFO:colcon.colcon_core.shell:Creating environment descriptor '/home/electronica/ros2_ws/install/my_robot_bringup/share/my_robot_bringup/hook/cmake_prefix_path.dsv'
[7.015s] INFO:colcon.colcon_core.shell:Creating environment hook '/home/electronica/ros2_ws/install/my_robot_bringup/share/my_robot_bringup/hook/cmake_prefix_path.sh'
[7.085s] Level 1:colcon.colcon_core.environment:checking '/home/electronica/ros2_ws/install/my_robot_bringup/bin'
[7.085s] Level 1:colcon.colcon_core.environment:checking '/home/electronica/ros2_ws/install/my_robot_bringup/lib/pkgconfig/my_robot_bringup.pc'
[7.086s] Level 1:colcon.colcon_core.environment:checking '/home/electronica/ros2_ws/install/my_robot_bringup/lib/python3.10/site-packages'
[7.086s] Level 1:colcon.colcon_core.environment:checking '/home/electronica/ros2_ws/install/my_robot_bringup/bin'
[7.124s] INFO:colcon.colcon_core.shell:Creating package script '/home/electronica/ros2_ws/install/my_robot_bringup/share/my_robot_bringup/package.ps1'
[7.126s] INFO:colcon.colcon_core.shell:Creating package descriptor '/home/electronica/ros2_ws/install/my_robot_bringup/share/my_robot_bringup/package.dsv'
[7.128s] INFO:colcon.colcon_core.shell:Creating package script '/home/electronica/ros2_ws/install/my_robot_bringup/share/my_robot_bringup/package.sh'
[7.129s] INFO:colcon.colcon_core.shell:Creating package script '/home/electronica/ros2_ws/install/my_robot_bringup/share/my_robot_bringup/package.bash'
[7.131s] INFO:colcon.colcon_core.shell:Creating package script '/home/electronica/ros2_ws/install/my_robot_bringup/share/my_robot_bringup/package.zsh'
[7.132s] Level 1:colcon.colcon_core.environment:create_file_with_runtime_dependencies(/home/electronica/ros2_ws/install/my_robot_bringup/share/colcon-core/packages/my_robot_bringup)
[14.345s] DEBUG:colcon.colcon_core.event_handler.log_command:Invoked command in '/home/electronica/ros2_ws/build/my_robots_interfaces' returned '0': CMAKE_PREFIX_PATH=${CMAKE_PREFIX_PATH}:/home/electronica/ros2_ws/install/turtlesim_catch_them_all:/home/electronica/ros2_ws/install/my_py_pkg:/opt/ros/humble /usr/bin/cmake --build /home/electronica/ros2_ws/build/my_robots_interfaces -- -j8 -l8
[14.548s] DEBUG:colcon.colcon_core.event_handler.log_command:Invoking command in '/home/electronica/ros2_ws/build/my_robots_interfaces': CMAKE_PREFIX_PATH=${CMAKE_PREFIX_PATH}:/home/electronica/ros2_ws/install/turtlesim_catch_them_all:/home/electronica/ros2_ws/install/my_py_pkg:/opt/ros/humble /usr/bin/cmake --install /home/electronica/ros2_ws/build/my_robots_interfaces
[14.667s] Level 1:colcon.colcon_core.environment:create_environment_scripts_only(my_robots_interfaces)
[14.669s] DEBUG:colcon.colcon_core.event_handler.log_command:Invoked command in '/home/electronica/ros2_ws/build/my_robots_interfaces' returned '0': CMAKE_PREFIX_PATH=${CMAKE_PREFIX_PATH}:/home/electronica/ros2_ws/install/turtlesim_catch_them_all:/home/electronica/ros2_ws/install/my_py_pkg:/opt/ros/humble /usr/bin/cmake --install /home/electronica/ros2_ws/build/my_robots_interfaces
[14.698s] Level 1:colcon.colcon_core.environment:checking '/home/electronica/ros2_ws/install/my_robots_interfaces' for CMake module files
[14.699s] Level 1:colcon.colcon_core.environment:checking '/home/electronica/ros2_ws/install/my_robots_interfaces' for CMake config files
[14.701s] Level 1:colcon.colcon_core.shell:create_environment_hook('my_robots_interfaces', 'cmake_prefix_path')
[14.729s] INFO:colcon.colcon_core.shell:Creating environment hook '/home/electronica/ros2_ws/install/my_robots_interfaces/share/my_robots_interfaces/hook/cmake_prefix_path.ps1'
[14.730s] INFO:colcon.colcon_core.shell:Creating environment descriptor '/home/electronica/ros2_ws/install/my_robots_interfaces/share/my_robots_interfaces/hook/cmake_prefix_path.dsv'
[14.730s] INFO:colcon.colcon_core.shell:Creating environment hook '/home/electronica/ros2_ws/install/my_robots_interfaces/share/my_robots_interfaces/hook/cmake_prefix_path.sh'
[14.731s] Level 1:colcon.colcon_core.environment:checking '/home/electronica/ros2_ws/install/my_robots_interfaces/lib'
[14.731s] Level 1:colcon.colcon_core.shell:create_environment_hook('my_robots_interfaces', 'ld_library_path_lib')
[14.760s] INFO:colcon.colcon_core.shell:Creating environment hook '/home/electronica/ros2_ws/install/my_robots_interfaces/share/my_robots_interfaces/hook/ld_library_path_lib.ps1'
[14.761s] INFO:colcon.colcon_core.shell:Creating environment descriptor '/home/electronica/ros2_ws/install/my_robots_interfaces/share/my_robots_interfaces/hook/ld_library_path_lib.dsv'
[14.761s] INFO:colcon.colcon_core.shell:Creating environment hook '/home/electronica/ros2_ws/install/my_robots_interfaces/share/my_robots_interfaces/hook/ld_library_path_lib.sh'
[14.761s] Level 1:colcon.colcon_core.environment:checking '/home/electronica/ros2_ws/install/my_robots_interfaces/bin'
[14.762s] Level 1:colcon.colcon_core.environment:checking '/home/electronica/ros2_ws/install/my_robots_interfaces/lib/pkgconfig/my_robots_interfaces.pc'
[14.762s] Level 1:colcon.colcon_core.environment:checking '/home/electronica/ros2_ws/install/my_robots_interfaces/lib/python3.10/site-packages'
[14.762s] Level 1:colcon.colcon_core.environment:checking '/home/electronica/ros2_ws/install/my_robots_interfaces/bin'
[14.791s] INFO:colcon.colcon_core.shell:Creating package script '/home/electronica/ros2_ws/install/my_robots_interfaces/share/my_robots_interfaces/package.ps1'
[14.792s] INFO:colcon.colcon_core.shell:Creating package descriptor '/home/electronica/ros2_ws/install/my_robots_interfaces/share/my_robots_interfaces/package.dsv'
[14.792s] INFO:colcon.colcon_core.shell:Creating package script '/home/electronica/ros2_ws/install/my_robots_interfaces/share/my_robots_interfaces/package.sh'
[14.793s] INFO:colcon.colcon_core.shell:Creating package script '/home/electronica/ros2_ws/install/my_robots_interfaces/share/my_robots_interfaces/package.bash'
[14.793s] INFO:colcon.colcon_core.shell:Creating package script '/home/electronica/ros2_ws/install/my_robots_interfaces/share/my_robots_interfaces/package.zsh'
[14.794s] Level 1:colcon.colcon_core.environment:create_file_with_runtime_dependencies(/home/electronica/ros2_ws/install/my_robots_interfaces/share/colcon-core/packages/my_robots_interfaces)
[15.064s] Level 1:colcon.colcon_core.environment:create_environment_scripts_only(my_robots_interfaces)
[15.099s] Level 1:colcon.colcon_core.environment:checking '/home/electronica/ros2_ws/install/my_robots_interfaces' for CMake module files
[15.100s] Level 1:colcon.colcon_core.environment:checking '/home/electronica/ros2_ws/install/my_robots_interfaces' for CMake config files
[15.102s] Level 1:colcon.colcon_core.shell:create_environment_hook('my_robots_interfaces', 'cmake_prefix_path')
[15.131s] INFO:colcon.colcon_core.shell:Creating environment hook '/home/electronica/ros2_ws/install/my_robots_interfaces/share/my_robots_interfaces/hook/cmake_prefix_path.ps1'
[15.132s] INFO:colcon.colcon_core.shell:Creating environment descriptor '/home/electronica/ros2_ws/install/my_robots_interfaces/share/my_robots_interfaces/hook/cmake_prefix_path.dsv'
[15.132s] INFO:colcon.colcon_core.shell:Creating environment hook '/home/electronica/ros2_ws/install/my_robots_interfaces/share/my_robots_interfaces/hook/cmake_prefix_path.sh'
[15.133s] Level 1:colcon.colcon_core.environment:checking '/home/electronica/ros2_ws/install/my_robots_interfaces/lib'
[15.133s] Level 1:colcon.colcon_core.shell:create_environment_hook('my_robots_interfaces', 'ld_library_path_lib')
[15.162s] INFO:colcon.colcon_core.shell:Creating environment hook '/home/electronica/ros2_ws/install/my_robots_interfaces/share/my_robots_interfaces/hook/ld_library_path_lib.ps1'
[15.163s] INFO:colcon.colcon_core.shell:Creating environment descriptor '/home/electronica/ros2_ws/install/my_robots_interfaces/share/my_robots_interfaces/hook/ld_library_path_lib.dsv'
[15.163s] INFO:colcon.colcon_core.shell:Creating environment hook '/home/electronica/ros2_ws/install/my_robots_interfaces/share/my_robots_interfaces/hook/ld_library_path_lib.sh'
[15.163s] Level 1:colcon.colcon_core.environment:checking '/home/electronica/ros2_ws/install/my_robots_interfaces/bin'
[15.164s] Level 1:colcon.colcon_core.environment:checking '/home/electronica/ros2_ws/install/my_robots_interfaces/lib/pkgconfig/my_robots_interfaces.pc'
[15.164s] Level 1:colcon.colcon_core.environment:checking '/home/electronica/ros2_ws/install/my_robots_interfaces/lib/python3.10/site-packages'
[15.164s] Level 1:colcon.colcon_core.environment:checking '/home/electronica/ros2_ws/install/my_robots_interfaces/bin'
[15.194s] INFO:colcon.colcon_core.shell:Creating package script '/home/electronica/ros2_ws/install/my_robots_interfaces/share/my_robots_interfaces/package.ps1'
[15.195s] INFO:colcon.colcon_core.shell:Creating package descriptor '/home/electronica/ros2_ws/install/my_robots_interfaces/share/my_robots_interfaces/package.dsv'
[15.196s] INFO:colcon.colcon_core.shell:Creating package script '/home/electronica/ros2_ws/install/my_robots_interfaces/share/my_robots_interfaces/package.sh'
[15.196s] INFO:colcon.colcon_core.shell:Creating package script '/home/electronica/ros2_ws/install/my_robots_interfaces/share/my_robots_interfaces/package.bash'
[15.197s] INFO:colcon.colcon_core.shell:Creating package script '/home/electronica/ros2_ws/install/my_robots_interfaces/share/my_robots_interfaces/package.zsh'
[15.198s] Level 1:colcon.colcon_core.environment:create_file_with_runtime_dependencies(/home/electronica/ros2_ws/install/my_robots_interfaces/share/colcon-core/packages/my_robots_interfaces)
[15.198s] INFO:colcon.colcon_ros.task.ament_cmake.build:Building ROS package in '/home/electronica/ros2_ws/src/my_cpp_pkg' with build type 'ament_cmake'
[15.198s] INFO:colcon.colcon_cmake.task.cmake.build:Building CMake package in '/home/electronica/ros2_ws/src/my_cpp_pkg'
[15.231s] INFO:colcon.colcon_core.shell:Skip shell extension 'powershell' for command environment: Not usable outside of PowerShell
[15.231s] DEBUG:colcon.colcon_core.shell:Skip shell extension 'dsv' for command environment
[15.349s] DEBUG:colcon.colcon_core.event_handler.log_command:Invoking command in '/home/electronica/ros2_ws/build/my_cpp_pkg': CMAKE_PREFIX_PATH=/home/electronica/ros2_ws/install/my_robots_interfaces:/home/electronica/ros2_ws/install/my_cpp_pkg:/home/electronica/ros2_ws/install/my_robot_bringup:/home/electronica/ros2_ws/install/turtlesim_catch_them_all:/home/electronica/ros2_ws/install/my_py_pkg:/opt/ros/humble /usr/bin/cmake /home/electronica/ros2_ws/src/my_cpp_pkg -DCMAKE_INSTALL_PREFIX=/home/electronica/ros2_ws/install/my_cpp_pkg
[17.825s] DEBUG:colcon.colcon_core.event_handler.log_command:Invoked command in '/home/electronica/ros2_ws/build/my_cpp_pkg' returned '0': CMAKE_PREFIX_PATH=/home/electronica/ros2_ws/install/my_robots_interfaces:/home/electronica/ros2_ws/install/my_cpp_pkg:/home/electronica/ros2_ws/install/my_robot_bringup:/home/electronica/ros2_ws/install/turtlesim_catch_them_all:/home/electronica/ros2_ws/install/my_py_pkg:/opt/ros/humble /usr/bin/cmake /home/electronica/ros2_ws/src/my_cpp_pkg -DCMAKE_INSTALL_PREFIX=/home/electronica/ros2_ws/install/my_cpp_pkg
[17.828s] DEBUG:colcon.colcon_core.event_handler.log_command:Invoking command in '/home/electronica/ros2_ws/build/my_cpp_pkg': CMAKE_PREFIX_PATH=/home/electronica/ros2_ws/install/my_robots_interfaces:/home/electronica/ros2_ws/install/my_cpp_pkg:/home/electronica/ros2_ws/install/my_robot_bringup:/home/electronica/ros2_ws/install/turtlesim_catch_them_all:/home/electronica/ros2_ws/install/my_py_pkg:/opt/ros/humble /usr/bin/cmake --build /home/electronica/ros2_ws/build/my_cpp_pkg -- -j8 -l8
[32.609s] DEBUG:colcon.colcon_core.event_handler.log_command:Invoked command in '/home/electronica/ros2_ws/build/my_cpp_pkg' returned '0': CMAKE_PREFIX_PATH=/home/electronica/ros2_ws/install/my_robots_interfaces:/home/electronica/ros2_ws/install/my_cpp_pkg:/home/electronica/ros2_ws/install/my_robot_bringup:/home/electronica/ros2_ws/install/turtlesim_catch_them_all:/home/electronica/ros2_ws/install/my_py_pkg:/opt/ros/humble /usr/bin/cmake --build /home/electronica/ros2_ws/build/my_cpp_pkg -- -j8 -l8
[32.671s] DEBUG:colcon.colcon_core.event_handler.log_command:Invoking command in '/home/electronica/ros2_ws/build/my_cpp_pkg': CMAKE_PREFIX_PATH=/home/electronica/ros2_ws/install/my_robots_interfaces:/home/electronica/ros2_ws/install/my_cpp_pkg:/home/electronica/ros2_ws/install/my_robot_bringup:/home/electronica/ros2_ws/install/turtlesim_catch_them_all:/home/electronica/ros2_ws/install/my_py_pkg:/opt/ros/humble /usr/bin/cmake --install /home/electronica/ros2_ws/build/my_cpp_pkg
[32.703s] Level 1:colcon.colcon_core.environment:create_environment_scripts_only(my_cpp_pkg)
[32.704s] DEBUG:colcon.colcon_core.event_handler.log_command:Invoked command in '/home/electronica/ros2_ws/build/my_cpp_pkg' returned '0': CMAKE_PREFIX_PATH=/home/electronica/ros2_ws/install/my_robots_interfaces:/home/electronica/ros2_ws/install/my_cpp_pkg:/home/electronica/ros2_ws/install/my_robot_bringup:/home/electronica/ros2_ws/install/turtlesim_catch_them_all:/home/electronica/ros2_ws/install/my_py_pkg:/opt/ros/humble /usr/bin/cmake --install /home/electronica/ros2_ws/build/my_cpp_pkg
[32.745s] Level 1:colcon.colcon_core.environment:checking '/home/electronica/ros2_ws/install/my_cpp_pkg' for CMake module files
[32.746s] Level 1:colcon.colcon_core.environment:checking '/home/electronica/ros2_ws/install/my_cpp_pkg' for CMake config files
[32.747s] Level 1:colcon.colcon_core.shell:create_environment_hook('my_cpp_pkg', 'cmake_prefix_path')
[32.786s] INFO:colcon.colcon_core.shell:Creating environment hook '/home/electronica/ros2_ws/install/my_cpp_pkg/share/my_cpp_pkg/hook/cmake_prefix_path.ps1'
[32.786s] INFO:colcon.colcon_core.shell:Creating environment descriptor '/home/electronica/ros2_ws/install/my_cpp_pkg/share/my_cpp_pkg/hook/cmake_prefix_path.dsv'
[32.787s] INFO:colcon.colcon_core.shell:Creating environment hook '/home/electronica/ros2_ws/install/my_cpp_pkg/share/my_cpp_pkg/hook/cmake_prefix_path.sh'
[32.787s] Level 1:colcon.colcon_core.environment:checking '/home/electronica/ros2_ws/install/my_cpp_pkg/lib'
[32.788s] Level 1:colcon.colcon_core.environment:checking '/home/electronica/ros2_ws/install/my_cpp_pkg/bin'
[32.788s] Level 1:colcon.colcon_core.environment:checking '/home/electronica/ros2_ws/install/my_cpp_pkg/lib/pkgconfig/my_cpp_pkg.pc'
[32.788s] Level 1:colcon.colcon_core.environment:checking '/home/electronica/ros2_ws/install/my_cpp_pkg/lib/python3.10/site-packages'
[32.788s] Level 1:colcon.colcon_core.environment:checking '/home/electronica/ros2_ws/install/my_cpp_pkg/bin'
[32.818s] INFO:colcon.colcon_core.shell:Creating package script '/home/electronica/ros2_ws/install/my_cpp_pkg/share/my_cpp_pkg/package.ps1'
[32.819s] INFO:colcon.colcon_core.shell:Creating package descriptor '/home/electronica/ros2_ws/install/my_cpp_pkg/share/my_cpp_pkg/package.dsv'
[32.819s] INFO:colcon.colcon_core.shell:Creating package script '/home/electronica/ros2_ws/install/my_cpp_pkg/share/my_cpp_pkg/package.sh'
[32.820s] INFO:colcon.colcon_core.shell:Creating package script '/home/electronica/ros2_ws/install/my_cpp_pkg/share/my_cpp_pkg/package.bash'
[32.820s] INFO:colcon.colcon_core.shell:Creating package script '/home/electronica/ros2_ws/install/my_cpp_pkg/share/my_cpp_pkg/package.zsh'
[32.821s] Level 1:colcon.colcon_core.environment:create_file_with_runtime_dependencies(/home/electronica/ros2_ws/install/my_cpp_pkg/share/colcon-core/packages/my_cpp_pkg)
[32.932s] Level 1:colcon.colcon_core.environment:create_environment_scripts_only(my_cpp_pkg)
[32.973s] Level 1:colcon.colcon_core.environment:checking '/home/electronica/ros2_ws/install/my_cpp_pkg' for CMake module files
[32.974s] Level 1:colcon.colcon_core.environment:checking '/home/electronica/ros2_ws/install/my_cpp_pkg' for CMake config files
[32.975s] Level 1:colcon.colcon_core.shell:create_environment_hook('my_cpp_pkg', 'cmake_prefix_path')
[33.006s] INFO:colcon.colcon_core.shell:Creating environment hook '/home/electronica/ros2_ws/install/my_cpp_pkg/share/my_cpp_pkg/hook/cmake_prefix_path.ps1'
[33.007s] INFO:colcon.colcon_core.shell:Creating environment descriptor '/home/electronica/ros2_ws/install/my_cpp_pkg/share/my_cpp_pkg/hook/cmake_prefix_path.dsv'
[33.007s] INFO:colcon.colcon_core.shell:Creating environment hook '/home/electronica/ros2_ws/install/my_cpp_pkg/share/my_cpp_pkg/hook/cmake_prefix_path.sh'
[33.008s] Level 1:colcon.colcon_core.environment:checking '/home/electronica/ros2_ws/install/my_cpp_pkg/lib'
[33.008s] Level 1:colcon.colcon_core.environment:checking '/home/electronica/ros2_ws/install/my_cpp_pkg/bin'
[33.008s] Level 1:colcon.colcon_core.environment:checking '/home/electronica/ros2_ws/install/my_cpp_pkg/lib/pkgconfig/my_cpp_pkg.pc'
[33.008s] Level 1:colcon.colcon_core.environment:checking '/home/electronica/ros2_ws/install/my_cpp_pkg/lib/python3.10/site-packages'
[33.009s] Level 1:colcon.colcon_core.environment:checking '/home/electronica/ros2_ws/install/my_cpp_pkg/bin'
[33.038s] INFO:colcon.colcon_core.shell:Creating package script '/home/electronica/ros2_ws/install/my_cpp_pkg/share/my_cpp_pkg/package.ps1'
[33.039s] INFO:colcon.colcon_core.shell:Creating package descriptor '/home/electronica/ros2_ws/install/my_cpp_pkg/share/my_cpp_pkg/package.dsv'
[33.039s] INFO:colcon.colcon_core.shell:Creating package script '/home/electronica/ros2_ws/install/my_cpp_pkg/share/my_cpp_pkg/package.sh'
[33.040s] INFO:colcon.colcon_core.shell:Creating package script '/home/electronica/ros2_ws/install/my_cpp_pkg/share/my_cpp_pkg/package.bash'
[33.040s] INFO:colcon.colcon_core.shell:Creating package script '/home/electronica/ros2_ws/install/my_cpp_pkg/share/my_cpp_pkg/package.zsh'
[33.041s] Level 1:colcon.colcon_core.environment:create_file_with_runtime_dependencies(/home/electronica/ros2_ws/install/my_cpp_pkg/share/colcon-core/packages/my_cpp_pkg)
[33.041s] DEBUG:colcon.colcon_parallel_executor.executor.parallel:closing loop
[33.042s] DEBUG:colcon.colcon_parallel_executor.executor.parallel:loop closed
[33.042s] DEBUG:colcon.colcon_parallel_executor.executor.parallel:run_until_complete finished with '0'
[33.042s] DEBUG:colcon.colcon_core.event_reactor:joining thread
[33.080s] INFO:colcon.colcon_core.plugin_system:Skipping extension 'colcon_notification.desktop_notification.terminal_notifier': Not used on non-Darwin systems
[33.080s] INFO:colcon.colcon_core.plugin_system:Skipping extension 'colcon_notification.desktop_notification.win32': Not used on non-Windows systems
[33.080s] INFO:colcon.colcon_notification.desktop_notification:Sending desktop notification using 'notify2'
[33.101s] DEBUG:colcon.colcon_core.event_reactor:joined thread
[33.132s] INFO:colcon.colcon_core.shell:Creating prefix script '/home/electronica/ros2_ws/install/local_setup.ps1'
[33.133s] INFO:colcon.colcon_core.shell:Creating prefix util module '/home/electronica/ros2_ws/install/_local_setup_util_ps1.py'
[33.135s] INFO:colcon.colcon_core.shell:Creating prefix chain script '/home/electronica/ros2_ws/install/setup.ps1'
[33.166s] INFO:colcon.colcon_core.shell:Creating prefix script '/home/electronica/ros2_ws/install/local_setup.sh'
[33.167s] INFO:colcon.colcon_core.shell:Creating prefix util module '/home/electronica/ros2_ws/install/_local_setup_util_sh.py'
[33.167s] INFO:colcon.colcon_core.shell:Creating prefix chain script '/home/electronica/ros2_ws/install/setup.sh'
[33.198s] INFO:colcon.colcon_core.shell:Creating prefix script '/home/electronica/ros2_ws/install/local_setup.bash'
[33.199s] INFO:colcon.colcon_core.shell:Creating prefix chain script '/home/electronica/ros2_ws/install/setup.bash'
[33.230s] INFO:colcon.colcon_core.shell:Creating prefix script '/home/electronica/ros2_ws/install/local_setup.zsh'
[33.231s] INFO:colcon.colcon_core.shell:Creating prefix chain script '/home/electronica/ros2_ws/install/setup.zsh'
