[2.099s] Invoking command in '/home/electronica/ros2_ws/src/my_py_pkg': PYTHONPATH=/home/electronica/ros2_ws/build/my_py_pkg/prefix_override:/home/electronica/ros2_ws/install/my_py_pkg/lib/python3.10/site-packages:${PYTHONPATH} /usr/bin/python3 setup.py egg_info --egg-base ../../build/my_py_pkg build --build-base /home/electronica/ros2_ws/build/my_py_pkg/build install --record /home/electronica/ros2_ws/build/my_py_pkg/install.log --single-version-externally-managed
[2.555s] running egg_info
[2.556s] writing ../../build/my_py_pkg/my_py_pkg.egg-info/PKG-INFO
[2.559s] writing dependency_links to ../../build/my_py_pkg/my_py_pkg.egg-info/dependency_links.txt
[2.560s] writing entry points to ../../build/my_py_pkg/my_py_pkg.egg-info/entry_points.txt
[2.560s] writing requirements to ../../build/my_py_pkg/my_py_pkg.egg-info/requires.txt
[2.560s] writing top-level names to ../../build/my_py_pkg/my_py_pkg.egg-info/top_level.txt
[2.566s] reading manifest file '../../build/my_py_pkg/my_py_pkg.egg-info/SOURCES.txt'
[2.566s] writing manifest file '../../build/my_py_pkg/my_py_pkg.egg-info/SOURCES.txt'
[2.566s] running build
[2.566s] running build_py
[2.567s] running install
[2.567s] running install_lib
[2.572s] running install_data
[2.573s] running install_egg_info
[2.574s] removing '/home/electronica/ros2_ws/install/my_py_pkg/lib/python3.10/site-packages/my_py_pkg-0.0.0-py3.10.egg-info' (and everything under it)
[2.575s] Copying ../../build/my_py_pkg/my_py_pkg.egg-info to /home/electronica/ros2_ws/install/my_py_pkg/lib/python3.10/site-packages/my_py_pkg-0.0.0-py3.10.egg-info
[2.576s] running install_scripts
[2.598s] Installing add_two_ints_client script to /home/electronica/ros2_ws/install/my_py_pkg/lib/my_py_pkg
[2.598s] Installing add_two_ints_client_no_oop script to /home/electronica/ros2_ws/install/my_py_pkg/lib/my_py_pkg
[2.599s] Installing add_two_ints_server script to /home/electronica/ros2_ws/install/my_py_pkg/lib/my_py_pkg
[2.599s] Installing battery_node script to /home/electronica/ros2_ws/install/my_py_pkg/lib/my_py_pkg
[2.599s] Installing hw_status_publisher script to /home/electronica/ros2_ws/install/my_py_pkg/lib/my_py_pkg
[2.600s] Installing led_status_node script to /home/electronica/ros2_ws/install/my_py_pkg/lib/my_py_pkg
[2.600s] Installing number_counter script to /home/electronica/ros2_ws/install/my_py_pkg/lib/my_py_pkg
[2.601s] Installing number_publisher script to /home/electronica/ros2_ws/install/my_py_pkg/lib/my_py_pkg
[2.602s] Installing py_node script to /home/electronica/ros2_ws/install/my_py_pkg/lib/my_py_pkg
[2.603s] Installing robot_news_station script to /home/electronica/ros2_ws/install/my_py_pkg/lib/my_py_pkg
[2.603s] Installing smartphone script to /home/electronica/ros2_ws/install/my_py_pkg/lib/my_py_pkg
[2.604s] writing list of installed files to '/home/electronica/ros2_ws/build/my_py_pkg/install.log'
[2.784s] Invoked command in '/home/electronica/ros2_ws/src/my_py_pkg' returned '0': PYTHONPATH=/home/electronica/ros2_ws/build/my_py_pkg/prefix_override:/home/electronica/ros2_ws/install/my_py_pkg/lib/python3.10/site-packages:${PYTHONPATH} /usr/bin/python3 setup.py egg_info --egg-base ../../build/my_py_pkg build --build-base /home/electronica/ros2_ws/build/my_py_pkg/build install --record /home/electronica/ros2_ws/build/my_py_pkg/install.log --single-version-externally-managed
