[0.138s] Invoking command in '/home/electronica/ros2_ws/build/my_robots_interfaces': CMAKE_PREFIX_PATH=${CMAKE_PREFIX_PATH}:/home/electronica/ros2_ws/install/turtlesim_catch_them_all:/home/electronica/ros2_ws/install/my_py_pkg:/opt/ros/humble /usr/bin/cmake --build /home/electronica/ros2_ws/build/my_robots_interfaces -- -j8 -l8
[0.177s] -- Found ament_cmake: 1.3.5 (/opt/ros/humble/share/ament_cmake/cmake)
[0.409s] -- Found rosidl_default_generators: 1.2.0 (/opt/ros/humble/share/rosidl_default_generators/cmake)
[0.415s] -- Using all available rosidl_typesupport_c: rosidl_typesupport_fastrtps_c;rosidl_typesupport_introspection_c
[0.423s] -- Found rosidl_adapter: 3.1.5 (/opt/ros/humble/share/rosidl_adapter/cmake)
[0.493s] -- Using all available rosidl_typesupport_cpp: rosidl_typesupport_fastrtps_cpp;rosidl_typesupport_introspection_cpp
[0.972s] -- Found ament_cmake_ros: 0.10.0 (/opt/ros/humble/share/ament_cmake_ros/cmake)
[1.279s] -- Using all available rosidl_typesupport_c: rosidl_typesupport_fastrtps_c;rosidl_typesupport_introspection_c
[1.704s] -- Using all available rosidl_typesupport_cpp: rosidl_typesupport_fastrtps_cpp;rosidl_typesupport_introspection_cpp
[1.746s] -- Found python_cmake_module: 0.10.0 (/opt/ros/humble/share/python_cmake_module/cmake)
[1.792s] -- Using PYTHON_EXECUTABLE: /usr/bin/python3
[1.792s] -- Using PYTHON_INCLUDE_DIRS: /usr/include/python3.10
[1.793s] -- Using PYTHON_LIBRARIES: /usr/lib/x86_64-linux-gnu/libpython3.10.so
[2.023s] -- Configuring done
[2.186s] -- Generating done
[2.223s] -- Build files have been written to: /home/electronica/ros2_ws/build/my_robots_interfaces
[2.264s] [  1%] [34m[1mGenerating C code for ROS interfaces[0m
[2.278s] [  2%] [34m[1mGenerating C++ code for ROS interfaces[0m
[2.294s] [  2%] Built target ament_cmake_python_copy_my_robots_interfaces
[2.733s] running egg_info
[2.734s] writing my_robots_interfaces.egg-info/PKG-INFO
[2.734s] writing dependency_links to my_robots_interfaces.egg-info/dependency_links.txt
[2.734s] writing top-level names to my_robots_interfaces.egg-info/top_level.txt
[2.738s] reading manifest file 'my_robots_interfaces.egg-info/SOURCES.txt'
[2.739s] writing manifest file 'my_robots_interfaces.egg-info/SOURCES.txt'
[2.775s] [  2%] Built target ament_cmake_python_build_my_robots_interfaces_egg
[3.201s] [  2%] Built target my_robots_interfaces__cpp
[3.221s] [  5%] [34m[1mGenerating C++ type support for eProsima Fast-RTPS[0m
[3.221s] [  5%] [34m[1mGenerating C++ type support dispatch for ROS interfaces[0m
[3.222s] [  6%] [34m[1mGenerating C++ introspection for ROS interfaces[0m
[3.313s] [35m[1mConsolidate compiler generated dependencies of target my_robots_interfaces__rosidl_generator_c[0m
[3.337s] [ 10%] [32mBuilding C object CMakeFiles/my_robots_interfaces__rosidl_generator_c.dir/rosidl_generator_c/my_robots_interfaces/msg/detail/led_state_array__functions.c.o[0m
[3.337s] [ 10%] [32mBuilding C object CMakeFiles/my_robots_interfaces__rosidl_generator_c.dir/rosidl_generator_c/my_robots_interfaces/srv/detail/compute_rectangle_area__functions.c.o[0m
[3.337s] [ 10%] [32mBuilding C object CMakeFiles/my_robots_interfaces__rosidl_generator_c.dir/rosidl_generator_c/my_robots_interfaces/msg/detail/turtle__functions.c.o[0m
[3.338s] [ 11%] [32mBuilding C object CMakeFiles/my_robots_interfaces__rosidl_generator_c.dir/rosidl_generator_c/my_robots_interfaces/msg/detail/turtle_array__functions.c.o[0m
[3.340s] [ 12%] [32mBuilding C object CMakeFiles/my_robots_interfaces__rosidl_generator_c.dir/rosidl_generator_c/my_robots_interfaces/msg/detail/hardware_status__functions.c.o[0m
[3.434s] [ 13%] [32mBuilding C object CMakeFiles/my_robots_interfaces__rosidl_generator_c.dir/rosidl_generator_c/my_robots_interfaces/srv/detail/set_leds_staus__functions.c.o[0m
[3.436s] [ 15%] [32mBuilding C object CMakeFiles/my_robots_interfaces__rosidl_generator_c.dir/rosidl_generator_c/my_robots_interfaces/srv/detail/catch_turtle__functions.c.o[0m
[3.554s] [ 16%] [32m[1mLinking C shared library libmy_robots_interfaces__rosidl_generator_c.so[0m
[3.604s] [ 16%] Built target my_robots_interfaces__rosidl_generator_c
[3.619s] [ 17%] [34m[1mGenerating C type support dispatch for ROS interfaces[0m
[3.624s] [ 20%] [34m[1mGenerating C type support for eProsima Fast-RTPS[0m
[3.624s] [ 20%] [34m[1mGenerating C introspection for ROS interfaces[0m
[4.067s] [35m[1mConsolidate compiler generated dependencies of target my_robots_interfaces__rosidl_typesupport_cpp[0m
[4.112s] [ 21%] [32mBuilding CXX object CMakeFiles/my_robots_interfaces__rosidl_typesupport_cpp.dir/rosidl_typesupport_cpp/my_robots_interfaces/msg/hardware_status__type_support.cpp.o[0m
[4.129s] [ 22%] [32mBuilding CXX object CMakeFiles/my_robots_interfaces__rosidl_typesupport_cpp.dir/rosidl_typesupport_cpp/my_robots_interfaces/msg/led_state_array__type_support.cpp.o[0m
[4.134s] [ 24%] [32mBuilding CXX object CMakeFiles/my_robots_interfaces__rosidl_typesupport_cpp.dir/rosidl_typesupport_cpp/my_robots_interfaces/msg/turtle__type_support.cpp.o[0m
[4.155s] [35m[1mConsolidate compiler generated dependencies of target my_robots_interfaces__rosidl_typesupport_introspection_cpp[0m
[4.192s] [ 25%] [32mBuilding CXX object CMakeFiles/my_robots_interfaces__rosidl_typesupport_introspection_cpp.dir/rosidl_typesupport_introspection_cpp/my_robots_interfaces/msg/detail/hardware_status__type_support.cpp.o[0m
[4.433s] [35m[1mConsolidate compiler generated dependencies of target my_robots_interfaces__rosidl_typesupport_fastrtps_cpp[0m
[4.474s] [ 26%] [32mBuilding CXX object CMakeFiles/my_robots_interfaces__rosidl_typesupport_fastrtps_cpp.dir/rosidl_typesupport_fastrtps_cpp/my_robots_interfaces/msg/detail/dds_fastrtps/hardware_status__type_support.cpp.o[0m
[4.695s] [35m[1mConsolidate compiler generated dependencies of target my_robots_interfaces__rosidl_typesupport_c[0m
[4.721s] [ 27%] [32mBuilding CXX object CMakeFiles/my_robots_interfaces__rosidl_typesupport_c.dir/rosidl_typesupport_c/my_robots_interfaces/msg/hardware_status__type_support.cpp.o[0m
[4.786s] [ 29%] [32mBuilding CXX object CMakeFiles/my_robots_interfaces__rosidl_typesupport_c.dir/rosidl_typesupport_c/my_robots_interfaces/msg/led_state_array__type_support.cpp.o[0m
[4.824s] [ 30%] [32mBuilding CXX object CMakeFiles/my_robots_interfaces__rosidl_typesupport_fastrtps_cpp.dir/rosidl_typesupport_fastrtps_cpp/my_robots_interfaces/msg/detail/dds_fastrtps/led_state_array__type_support.cpp.o[0m
[4.830s] [ 31%] [32mBuilding CXX object CMakeFiles/my_robots_interfaces__rosidl_typesupport_cpp.dir/rosidl_typesupport_cpp/my_robots_interfaces/msg/turtle_array__type_support.cpp.o[0m
[4.847s] [ 32%] [32mBuilding CXX object CMakeFiles/my_robots_interfaces__rosidl_typesupport_cpp.dir/rosidl_typesupport_cpp/my_robots_interfaces/srv/compute_rectangle_area__type_support.cpp.o[0m
[4.858s] [ 34%] [32mBuilding CXX object CMakeFiles/my_robots_interfaces__rosidl_typesupport_c.dir/rosidl_typesupport_c/my_robots_interfaces/msg/turtle__type_support.cpp.o[0m
[4.922s] [ 35%] [32mBuilding CXX object CMakeFiles/my_robots_interfaces__rosidl_typesupport_c.dir/rosidl_typesupport_c/my_robots_interfaces/msg/turtle_array__type_support.cpp.o[0m
[4.989s] [ 36%] [32mBuilding CXX object CMakeFiles/my_robots_interfaces__rosidl_typesupport_c.dir/rosidl_typesupport_c/my_robots_interfaces/srv/compute_rectangle_area__type_support.cpp.o[0m
[5.063s] [ 37%] [32mBuilding CXX object CMakeFiles/my_robots_interfaces__rosidl_typesupport_c.dir/rosidl_typesupport_c/my_robots_interfaces/srv/set_leds_staus__type_support.cpp.o[0m
[5.107s] [35m[1mConsolidate compiler generated dependencies of target my_robots_interfaces__rosidl_typesupport_introspection_c[0m
[5.131s] [ 39%] [32mBuilding CXX object CMakeFiles/my_robots_interfaces__rosidl_typesupport_c.dir/rosidl_typesupport_c/my_robots_interfaces/srv/catch_turtle__type_support.cpp.o[0m
[5.139s] [ 40%] [32mBuilding C object CMakeFiles/my_robots_interfaces__rosidl_typesupport_introspection_c.dir/rosidl_typesupport_introspection_c/my_robots_interfaces/msg/detail/hardware_status__type_support.c.o[0m
[5.201s] [ 41%] [32m[1mLinking CXX shared library libmy_robots_interfaces__rosidl_typesupport_c.so[0m
[5.213s] [ 43%] [32mBuilding C object CMakeFiles/my_robots_interfaces__rosidl_typesupport_introspection_c.dir/rosidl_typesupport_introspection_c/my_robots_interfaces/msg/detail/led_state_array__type_support.c.o[0m
[5.215s] [35m[1mConsolidate compiler generated dependencies of target my_robots_interfaces__rosidl_typesupport_fastrtps_c[0m
[5.238s] [ 44%] [32mBuilding CXX object CMakeFiles/my_robots_interfaces__rosidl_typesupport_introspection_cpp.dir/rosidl_typesupport_introspection_cpp/my_robots_interfaces/msg/detail/led_state_array__type_support.cpp.o[0m
[5.260s] [ 45%] [32mBuilding CXX object CMakeFiles/my_robots_interfaces__rosidl_typesupport_fastrtps_c.dir/rosidl_typesupport_fastrtps_c/my_robots_interfaces/msg/detail/hardware_status__type_support_c.cpp.o[0m
[5.296s] [ 46%] [32mBuilding C object CMakeFiles/my_robots_interfaces__rosidl_typesupport_introspection_c.dir/rosidl_typesupport_introspection_c/my_robots_interfaces/msg/detail/turtle__type_support.c.o[0m
[5.297s] [ 46%] Built target my_robots_interfaces__rosidl_typesupport_c
[5.316s] [ 48%] [32mBuilding CXX object CMakeFiles/my_robots_interfaces__rosidl_typesupport_cpp.dir/rosidl_typesupport_cpp/my_robots_interfaces/srv/set_leds_staus__type_support.cpp.o[0m
[5.370s] [ 49%] [32mBuilding C object CMakeFiles/my_robots_interfaces__rosidl_typesupport_introspection_c.dir/rosidl_typesupport_introspection_c/my_robots_interfaces/msg/detail/turtle_array__type_support.c.o[0m
[5.459s] [ 50%] [32mBuilding C object CMakeFiles/my_robots_interfaces__rosidl_typesupport_introspection_c.dir/rosidl_typesupport_introspection_c/my_robots_interfaces/srv/detail/compute_rectangle_area__type_support.c.o[0m
[5.536s] [ 51%] [32mBuilding C object CMakeFiles/my_robots_interfaces__rosidl_typesupport_introspection_c.dir/rosidl_typesupport_introspection_c/my_robots_interfaces/srv/detail/set_leds_staus__type_support.c.o[0m
[5.571s] [ 53%] [32mBuilding CXX object CMakeFiles/my_robots_interfaces__rosidl_typesupport_fastrtps_cpp.dir/rosidl_typesupport_fastrtps_cpp/my_robots_interfaces/msg/detail/dds_fastrtps/turtle__type_support.cpp.o[0m
[5.572s] [ 54%] [32mBuilding CXX object CMakeFiles/my_robots_interfaces__rosidl_typesupport_cpp.dir/rosidl_typesupport_cpp/my_robots_interfaces/srv/catch_turtle__type_support.cpp.o[0m
[5.584s] [ 55%] [32mBuilding CXX object CMakeFiles/my_robots_interfaces__rosidl_typesupport_fastrtps_cpp.dir/rosidl_typesupport_fastrtps_cpp/my_robots_interfaces/msg/detail/dds_fastrtps/turtle_array__type_support.cpp.o[0m
[5.614s] [ 56%] [32mBuilding C object CMakeFiles/my_robots_interfaces__rosidl_typesupport_introspection_c.dir/rosidl_typesupport_introspection_c/my_robots_interfaces/srv/detail/catch_turtle__type_support.c.o[0m
[5.691s] [ 58%] [32m[1mLinking C shared library libmy_robots_interfaces__rosidl_typesupport_introspection_c.so[0m
[5.760s] [ 58%] Built target my_robots_interfaces__rosidl_typesupport_introspection_c
[5.779s] [ 59%] [32mBuilding CXX object CMakeFiles/my_robots_interfaces__rosidl_typesupport_fastrtps_cpp.dir/rosidl_typesupport_fastrtps_cpp/my_robots_interfaces/srv/detail/dds_fastrtps/compute_rectangle_area__type_support.cpp.o[0m
[5.968s] [ 60%] [32mBuilding CXX object CMakeFiles/my_robots_interfaces__rosidl_typesupport_fastrtps_cpp.dir/rosidl_typesupport_fastrtps_cpp/my_robots_interfaces/srv/detail/dds_fastrtps/set_leds_staus__type_support.cpp.o[0m
[6.033s] [ 62%] [32mBuilding CXX object CMakeFiles/my_robots_interfaces__rosidl_typesupport_fastrtps_cpp.dir/rosidl_typesupport_fastrtps_cpp/my_robots_interfaces/srv/detail/dds_fastrtps/catch_turtle__type_support.cpp.o[0m
[6.169s] [ 63%] [32mBuilding CXX object CMakeFiles/my_robots_interfaces__rosidl_typesupport_fastrtps_c.dir/rosidl_typesupport_fastrtps_c/my_robots_interfaces/msg/detail/led_state_array__type_support_c.cpp.o[0m
[6.327s] [ 64%] [32m[1mLinking CXX shared library libmy_robots_interfaces__rosidl_typesupport_cpp.so[0m
[6.338s] [ 65%] [32mBuilding CXX object CMakeFiles/my_robots_interfaces__rosidl_typesupport_introspection_cpp.dir/rosidl_typesupport_introspection_cpp/my_robots_interfaces/msg/detail/turtle__type_support.cpp.o[0m
[6.429s] [ 65%] Built target my_robots_interfaces__rosidl_typesupport_cpp
[6.454s] [ 67%] [32mBuilding CXX object CMakeFiles/my_robots_interfaces__rosidl_typesupport_introspection_cpp.dir/rosidl_typesupport_introspection_cpp/my_robots_interfaces/msg/detail/turtle_array__type_support.cpp.o[0m
[6.636s] [ 68%] [32mBuilding CXX object CMakeFiles/my_robots_interfaces__rosidl_typesupport_introspection_cpp.dir/rosidl_typesupport_introspection_cpp/my_robots_interfaces/srv/detail/compute_rectangle_area__type_support.cpp.o[0m
[6.738s] [ 69%] [32mBuilding CXX object CMakeFiles/my_robots_interfaces__rosidl_typesupport_introspection_cpp.dir/rosidl_typesupport_introspection_cpp/my_robots_interfaces/srv/detail/set_leds_staus__type_support.cpp.o[0m
[6.840s] [ 70%] [32mBuilding CXX object CMakeFiles/my_robots_interfaces__rosidl_typesupport_introspection_cpp.dir/rosidl_typesupport_introspection_cpp/my_robots_interfaces/srv/detail/catch_turtle__type_support.cpp.o[0m
[7.042s] [ 72%] [32mBuilding CXX object CMakeFiles/my_robots_interfaces__rosidl_typesupport_fastrtps_c.dir/rosidl_typesupport_fastrtps_c/my_robots_interfaces/msg/detail/turtle__type_support_c.cpp.o[0m
[7.080s] [ 73%] [32mBuilding CXX object CMakeFiles/my_robots_interfaces__rosidl_typesupport_fastrtps_c.dir/rosidl_typesupport_fastrtps_c/my_robots_interfaces/msg/detail/turtle_array__type_support_c.cpp.o[0m
[7.182s] [ 74%] [32m[1mLinking CXX shared library libmy_robots_interfaces__rosidl_typesupport_fastrtps_cpp.so[0m
[7.389s] [ 75%] [32mBuilding CXX object CMakeFiles/my_robots_interfaces__rosidl_typesupport_fastrtps_c.dir/rosidl_typesupport_fastrtps_c/my_robots_interfaces/srv/detail/compute_rectangle_area__type_support_c.cpp.o[0m
[7.409s] [ 75%] Built target my_robots_interfaces__rosidl_typesupport_fastrtps_cpp
[7.428s] [ 77%] [32mBuilding CXX object CMakeFiles/my_robots_interfaces__rosidl_typesupport_fastrtps_c.dir/rosidl_typesupport_fastrtps_c/my_robots_interfaces/srv/detail/set_leds_staus__type_support_c.cpp.o[0m
[7.654s] [ 78%] [32mBuilding CXX object CMakeFiles/my_robots_interfaces__rosidl_typesupport_fastrtps_c.dir/rosidl_typesupport_fastrtps_c/my_robots_interfaces/srv/detail/catch_turtle__type_support_c.cpp.o[0m
[7.861s] [ 79%] [32m[1mLinking CXX shared library libmy_robots_interfaces__rosidl_typesupport_introspection_cpp.so[0m
[8.019s] [ 79%] Built target my_robots_interfaces__rosidl_typesupport_introspection_cpp
[8.329s] [ 81%] [32m[1mLinking CXX shared library libmy_robots_interfaces__rosidl_typesupport_fastrtps_c.so[0m
[8.451s] [ 81%] Built target my_robots_interfaces__rosidl_typesupport_fastrtps_c
[8.482s] [ 81%] Built target my_robots_interfaces
[8.515s] [ 82%] [34m[1mGenerating Python code for ROS interfaces[0m
[9.959s] [ 82%] Built target my_robots_interfaces__py
[9.974s] [35m[1mConsolidate compiler generated dependencies of target my_robots_interfaces__rosidl_generator_py[0m
[10.005s] [ 86%] [32mBuilding C object CMakeFiles/my_robots_interfaces__rosidl_generator_py.dir/rosidl_generator_py/my_robots_interfaces/msg/_led_state_array_s.c.o[0m
[10.005s] [ 86%] [32mBuilding C object CMakeFiles/my_robots_interfaces__rosidl_generator_py.dir/rosidl_generator_py/my_robots_interfaces/msg/_turtle_s.c.o[0m
[10.005s] [ 87%] [32mBuilding C object CMakeFiles/my_robots_interfaces__rosidl_generator_py.dir/rosidl_generator_py/my_robots_interfaces/msg/_turtle_array_s.c.o[0m
[10.006s] [ 86%] [32mBuilding C object CMakeFiles/my_robots_interfaces__rosidl_generator_py.dir/rosidl_generator_py/my_robots_interfaces/msg/_hardware_status_s.c.o[0m
[10.006s] [ 88%] [32mBuilding C object CMakeFiles/my_robots_interfaces__rosidl_generator_py.dir/rosidl_generator_py/my_robots_interfaces/srv/_compute_rectangle_area_s.c.o[0m
[10.007s] [ 89%] [32mBuilding C object CMakeFiles/my_robots_interfaces__rosidl_generator_py.dir/rosidl_generator_py/my_robots_interfaces/srv/_set_leds_staus_s.c.o[0m
[10.008s] [ 91%] [32mBuilding C object CMakeFiles/my_robots_interfaces__rosidl_generator_py.dir/rosidl_generator_py/my_robots_interfaces/srv/_catch_turtle_s.c.o[0m
[10.251s] [ 92%] [32m[1mLinking C shared library rosidl_generator_py/my_robots_interfaces/libmy_robots_interfaces__rosidl_generator_py.so[0m
[10.304s] [ 92%] Built target my_robots_interfaces__rosidl_generator_py
[10.318s] [35m[1mConsolidate compiler generated dependencies of target my_robots_interfaces__rosidl_typesupport_c__pyext[0m
[10.318s] [35m[1mConsolidate compiler generated dependencies of target my_robots_interfaces__rosidl_typesupport_introspection_c__pyext[0m
[10.318s] [35m[1mConsolidate compiler generated dependencies of target my_robots_interfaces__rosidl_typesupport_fastrtps_c__pyext[0m
[10.336s] [ 96%] [32mBuilding C object CMakeFiles/my_robots_interfaces__rosidl_typesupport_introspection_c__pyext.dir/rosidl_generator_py/my_robots_interfaces/_my_robots_interfaces_s.ep.rosidl_typesupport_introspection_c.c.o[0m
[10.336s] [ 96%] [32mBuilding C object CMakeFiles/my_robots_interfaces__rosidl_typesupport_c__pyext.dir/rosidl_generator_py/my_robots_interfaces/_my_robots_interfaces_s.ep.rosidl_typesupport_c.c.o[0m
[10.336s] [ 96%] [32mBuilding C object CMakeFiles/my_robots_interfaces__rosidl_typesupport_fastrtps_c__pyext.dir/rosidl_generator_py/my_robots_interfaces/_my_robots_interfaces_s.ep.rosidl_typesupport_fastrtps_c.c.o[0m
[10.523s] [ 97%] [32m[1mLinking C shared library rosidl_generator_py/my_robots_interfaces/my_robots_interfaces_s__rosidl_typesupport_c.cpython-310-x86_64-linux-gnu.so[0m
[10.525s] [ 98%] [32m[1mLinking C shared library rosidl_generator_py/my_robots_interfaces/my_robots_interfaces_s__rosidl_typesupport_introspection_c.cpython-310-x86_64-linux-gnu.so[0m
[10.527s] [100%] [32m[1mLinking C shared library rosidl_generator_py/my_robots_interfaces/my_robots_interfaces_s__rosidl_typesupport_fastrtps_c.cpython-310-x86_64-linux-gnu.so[0m
[10.571s] [100%] Built target my_robots_interfaces__rosidl_typesupport_introspection_c__pyext
[10.571s] [100%] Built target my_robots_interfaces__rosidl_typesupport_c__pyext
[10.574s] [100%] Built target my_robots_interfaces__rosidl_typesupport_fastrtps_c__pyext
[10.591s] Invoked command in '/home/electronica/ros2_ws/build/my_robots_interfaces' returned '0': CMAKE_PREFIX_PATH=${CMAKE_PREFIX_PATH}:/home/electronica/ros2_ws/install/turtlesim_catch_them_all:/home/electronica/ros2_ws/install/my_py_pkg:/opt/ros/humble /usr/bin/cmake --build /home/electronica/ros2_ws/build/my_robots_interfaces -- -j8 -l8
[10.836s] Invoking command in '/home/electronica/ros2_ws/build/my_robots_interfaces': CMAKE_PREFIX_PATH=${CMAKE_PREFIX_PATH}:/home/electronica/ros2_ws/install/turtlesim_catch_them_all:/home/electronica/ros2_ws/install/my_py_pkg:/opt/ros/humble /usr/bin/cmake --install /home/electronica/ros2_ws/build/my_robots_interfaces
[10.847s] -- Install configuration: ""
[10.847s] -- Up-to-date: /home/electronica/ros2_ws/install/my_robots_interfaces/share/ament_index/resource_index/rosidl_interfaces/my_robots_interfaces
[10.847s] -- Up-to-date: /home/electronica/ros2_ws/install/my_robots_interfaces/include/my_robots_interfaces/my_robots_interfaces
[10.847s] -- Up-to-date: /home/electronica/ros2_ws/install/my_robots_interfaces/include/my_robots_interfaces/my_robots_interfaces/msg
[10.847s] -- Installing: /home/electronica/ros2_ws/install/my_robots_interfaces/include/my_robots_interfaces/my_robots_interfaces/msg/turtle.h
[10.847s] -- Installing: /home/electronica/ros2_ws/install/my_robots_interfaces/include/my_robots_interfaces/my_robots_interfaces/msg/led_state_array.h
[10.848s] -- Up-to-date: /home/electronica/ros2_ws/install/my_robots_interfaces/include/my_robots_interfaces/my_robots_interfaces/msg/rosidl_generator_c__visibility_control.h
[10.848s] -- Installing: /home/electronica/ros2_ws/install/my_robots_interfaces/include/my_robots_interfaces/my_robots_interfaces/msg/turtle_array.h
[10.848s] -- Installing: /home/electronica/ros2_ws/install/my_robots_interfaces/include/my_robots_interfaces/my_robots_interfaces/msg/hardware_status.h
[10.848s] -- Up-to-date: /home/electronica/ros2_ws/install/my_robots_interfaces/include/my_robots_interfaces/my_robots_interfaces/msg/detail
[10.848s] -- Installing: /home/electronica/ros2_ws/install/my_robots_interfaces/include/my_robots_interfaces/my_robots_interfaces/msg/detail/turtle__type_support.h
[10.849s] -- Installing: /home/electronica/ros2_ws/install/my_robots_interfaces/include/my_robots_interfaces/my_robots_interfaces/msg/detail/turtle_array__functions.c
[10.849s] -- Installing: /home/electronica/ros2_ws/install/my_robots_interfaces/include/my_robots_interfaces/my_robots_interfaces/msg/detail/turtle__functions.h
[10.849s] -- Installing: /home/electronica/ros2_ws/install/my_robots_interfaces/include/my_robots_interfaces/my_robots_interfaces/msg/detail/turtle__struct.h
[10.849s] -- Installing: /home/electronica/ros2_ws/install/my_robots_interfaces/include/my_robots_interfaces/my_robots_interfaces/msg/detail/led_state_array__functions.c
[10.849s] -- Installing: /home/electronica/ros2_ws/install/my_robots_interfaces/include/my_robots_interfaces/my_robots_interfaces/msg/detail/turtle_array__functions.h
[10.849s] -- Installing: /home/electronica/ros2_ws/install/my_robots_interfaces/include/my_robots_interfaces/my_robots_interfaces/msg/detail/led_state_array__struct.h
[10.850s] -- Installing: /home/electronica/ros2_ws/install/my_robots_interfaces/include/my_robots_interfaces/my_robots_interfaces/msg/detail/turtle__functions.c
[10.850s] -- Installing: /home/electronica/ros2_ws/install/my_robots_interfaces/include/my_robots_interfaces/my_robots_interfaces/msg/detail/hardware_status__struct.h
[10.850s] -- Installing: /home/electronica/ros2_ws/install/my_robots_interfaces/include/my_robots_interfaces/my_robots_interfaces/msg/detail/hardware_status__functions.c
[10.850s] -- Installing: /home/electronica/ros2_ws/install/my_robots_interfaces/include/my_robots_interfaces/my_robots_interfaces/msg/detail/led_state_array__type_support.h
[10.851s] -- Installing: /home/electronica/ros2_ws/install/my_robots_interfaces/include/my_robots_interfaces/my_robots_interfaces/msg/detail/led_state_array__functions.h
[10.851s] -- Installing: /home/electronica/ros2_ws/install/my_robots_interfaces/include/my_robots_interfaces/my_robots_interfaces/msg/detail/hardware_status__type_support.h
[10.851s] -- Installing: /home/electronica/ros2_ws/install/my_robots_interfaces/include/my_robots_interfaces/my_robots_interfaces/msg/detail/hardware_status__functions.h
[10.851s] -- Installing: /home/electronica/ros2_ws/install/my_robots_interfaces/include/my_robots_interfaces/my_robots_interfaces/msg/detail/turtle_array__struct.h
[10.852s] -- Installing: /home/electronica/ros2_ws/install/my_robots_interfaces/include/my_robots_interfaces/my_robots_interfaces/msg/detail/turtle_array__type_support.h
[10.852s] -- Up-to-date: /home/electronica/ros2_ws/install/my_robots_interfaces/include/my_robots_interfaces/my_robots_interfaces/srv
[10.852s] -- Installing: /home/electronica/ros2_ws/install/my_robots_interfaces/include/my_robots_interfaces/my_robots_interfaces/srv/compute_rectangle_area.h
[10.853s] -- Installing: /home/electronica/ros2_ws/install/my_robots_interfaces/include/my_robots_interfaces/my_robots_interfaces/srv/catch_turtle.h
[10.853s] -- Installing: /home/electronica/ros2_ws/install/my_robots_interfaces/include/my_robots_interfaces/my_robots_interfaces/srv/set_leds_staus.h
[10.853s] -- Up-to-date: /home/electronica/ros2_ws/install/my_robots_interfaces/include/my_robots_interfaces/my_robots_interfaces/srv/detail
[10.853s] -- Installing: /home/electronica/ros2_ws/install/my_robots_interfaces/include/my_robots_interfaces/my_robots_interfaces/srv/detail/catch_turtle__functions.c
[10.853s] -- Installing: /home/electronica/ros2_ws/install/my_robots_interfaces/include/my_robots_interfaces/my_robots_interfaces/srv/detail/set_leds_staus__type_support.h
[10.853s] -- Installing: /home/electronica/ros2_ws/install/my_robots_interfaces/include/my_robots_interfaces/my_robots_interfaces/srv/detail/catch_turtle__type_support.h
[10.854s] -- Installing: /home/electronica/ros2_ws/install/my_robots_interfaces/include/my_robots_interfaces/my_robots_interfaces/srv/detail/compute_rectangle_area__struct.h
[10.854s] -- Installing: /home/electronica/ros2_ws/install/my_robots_interfaces/include/my_robots_interfaces/my_robots_interfaces/srv/detail/set_leds_staus__functions.h
[10.854s] -- Installing: /home/electronica/ros2_ws/install/my_robots_interfaces/include/my_robots_interfaces/my_robots_interfaces/srv/detail/catch_turtle__struct.h
[10.854s] -- Installing: /home/electronica/ros2_ws/install/my_robots_interfaces/include/my_robots_interfaces/my_robots_interfaces/srv/detail/set_leds_staus__functions.c
[10.855s] -- Installing: /home/electronica/ros2_ws/install/my_robots_interfaces/include/my_robots_interfaces/my_robots_interfaces/srv/detail/compute_rectangle_area__functions.h
[10.855s] -- Installing: /home/electronica/ros2_ws/install/my_robots_interfaces/include/my_robots_interfaces/my_robots_interfaces/srv/detail/catch_turtle__functions.h
[10.855s] -- Installing: /home/electronica/ros2_ws/install/my_robots_interfaces/include/my_robots_interfaces/my_robots_interfaces/srv/detail/set_leds_staus__struct.h
[10.855s] -- Installing: /home/electronica/ros2_ws/install/my_robots_interfaces/include/my_robots_interfaces/my_robots_interfaces/srv/detail/compute_rectangle_area__functions.c
[10.855s] -- Installing: /home/electronica/ros2_ws/install/my_robots_interfaces/include/my_robots_interfaces/my_robots_interfaces/srv/detail/compute_rectangle_area__type_support.h
[10.856s] -- Up-to-date: /home/electronica/ros2_ws/install/my_robots_interfaces/share/my_robots_interfaces/environment/library_path.sh
[10.856s] -- Installing: /home/electronica/ros2_ws/install/my_robots_interfaces/share/my_robots_interfaces/environment/library_path.dsv
[10.856s] -- Installing: /home/electronica/ros2_ws/install/my_robots_interfaces/lib/libmy_robots_interfaces__rosidl_generator_c.so
[10.857s] -- Set runtime path of "/home/electronica/ros2_ws/install/my_robots_interfaces/lib/libmy_robots_interfaces__rosidl_generator_c.so" to ""
[10.857s] -- Up-to-date: /home/electronica/ros2_ws/install/my_robots_interfaces/include/my_robots_interfaces/my_robots_interfaces
[10.857s] -- Up-to-date: /home/electronica/ros2_ws/install/my_robots_interfaces/include/my_robots_interfaces/my_robots_interfaces/msg
[10.858s] -- Up-to-date: /home/electronica/ros2_ws/install/my_robots_interfaces/include/my_robots_interfaces/my_robots_interfaces/msg/rosidl_typesupport_fastrtps_c__visibility_control.h
[10.858s] -- Up-to-date: /home/electronica/ros2_ws/install/my_robots_interfaces/include/my_robots_interfaces/my_robots_interfaces/msg/detail
[10.858s] -- Installing: /home/electronica/ros2_ws/install/my_robots_interfaces/include/my_robots_interfaces/my_robots_interfaces/msg/detail/turtle_array__rosidl_typesupport_fastrtps_c.h
[10.858s] -- Installing: /home/electronica/ros2_ws/install/my_robots_interfaces/include/my_robots_interfaces/my_robots_interfaces/msg/detail/led_state_array__rosidl_typesupport_fastrtps_c.h
[10.858s] -- Installing: /home/electronica/ros2_ws/install/my_robots_interfaces/include/my_robots_interfaces/my_robots_interfaces/msg/detail/turtle__rosidl_typesupport_fastrtps_c.h
[10.859s] -- Installing: /home/electronica/ros2_ws/install/my_robots_interfaces/include/my_robots_interfaces/my_robots_interfaces/msg/detail/hardware_status__rosidl_typesupport_fastrtps_c.h
[10.859s] -- Up-to-date: /home/electronica/ros2_ws/install/my_robots_interfaces/include/my_robots_interfaces/my_robots_interfaces/srv
[10.859s] -- Up-to-date: /home/electronica/ros2_ws/install/my_robots_interfaces/include/my_robots_interfaces/my_robots_interfaces/srv/detail
[10.859s] -- Installing: /home/electronica/ros2_ws/install/my_robots_interfaces/include/my_robots_interfaces/my_robots_interfaces/srv/detail/catch_turtle__rosidl_typesupport_fastrtps_c.h
[10.859s] -- Installing: /home/electronica/ros2_ws/install/my_robots_interfaces/include/my_robots_interfaces/my_robots_interfaces/srv/detail/set_leds_staus__rosidl_typesupport_fastrtps_c.h
[10.859s] -- Installing: /home/electronica/ros2_ws/install/my_robots_interfaces/include/my_robots_interfaces/my_robots_interfaces/srv/detail/compute_rectangle_area__rosidl_typesupport_fastrtps_c.h
[10.860s] -- Installing: /home/electronica/ros2_ws/install/my_robots_interfaces/lib/libmy_robots_interfaces__rosidl_typesupport_fastrtps_c.so
[10.860s] -- Set runtime path of "/home/electronica/ros2_ws/install/my_robots_interfaces/lib/libmy_robots_interfaces__rosidl_typesupport_fastrtps_c.so" to ""
[10.860s] -- Up-to-date: /home/electronica/ros2_ws/install/my_robots_interfaces/include/my_robots_interfaces/my_robots_interfaces
[10.860s] -- Up-to-date: /home/electronica/ros2_ws/install/my_robots_interfaces/include/my_robots_interfaces/my_robots_interfaces/msg
[10.861s] -- Up-to-date: /home/electronica/ros2_ws/install/my_robots_interfaces/include/my_robots_interfaces/my_robots_interfaces/msg/rosidl_typesupport_introspection_c__visibility_control.h
[10.861s] -- Up-to-date: /home/electronica/ros2_ws/install/my_robots_interfaces/include/my_robots_interfaces/my_robots_interfaces/msg/detail
[10.861s] -- Installing: /home/electronica/ros2_ws/install/my_robots_interfaces/include/my_robots_interfaces/my_robots_interfaces/msg/detail/turtle_array__type_support.c
[10.861s] -- Installing: /home/electronica/ros2_ws/install/my_robots_interfaces/include/my_robots_interfaces/my_robots_interfaces/msg/detail/led_state_array__type_support.c
[10.861s] -- Installing: /home/electronica/ros2_ws/install/my_robots_interfaces/include/my_robots_interfaces/my_robots_interfaces/msg/detail/turtle__type_support.c
[10.862s] -- Installing: /home/electronica/ros2_ws/install/my_robots_interfaces/include/my_robots_interfaces/my_robots_interfaces/msg/detail/turtle_array__rosidl_typesupport_introspection_c.h
[10.862s] -- Installing: /home/electronica/ros2_ws/install/my_robots_interfaces/include/my_robots_interfaces/my_robots_interfaces/msg/detail/led_state_array__rosidl_typesupport_introspection_c.h
[10.862s] -- Installing: /home/electronica/ros2_ws/install/my_robots_interfaces/include/my_robots_interfaces/my_robots_interfaces/msg/detail/turtle__rosidl_typesupport_introspection_c.h
[10.862s] -- Installing: /home/electronica/ros2_ws/install/my_robots_interfaces/include/my_robots_interfaces/my_robots_interfaces/msg/detail/hardware_status__type_support.c
[10.862s] -- Installing: /home/electronica/ros2_ws/install/my_robots_interfaces/include/my_robots_interfaces/my_robots_interfaces/msg/detail/hardware_status__rosidl_typesupport_introspection_c.h
[10.863s] -- Up-to-date: /home/electronica/ros2_ws/install/my_robots_interfaces/include/my_robots_interfaces/my_robots_interfaces/srv
[10.863s] -- Up-to-date: /home/electronica/ros2_ws/install/my_robots_interfaces/include/my_robots_interfaces/my_robots_interfaces/srv/detail
[10.863s] -- Installing: /home/electronica/ros2_ws/install/my_robots_interfaces/include/my_robots_interfaces/my_robots_interfaces/srv/detail/compute_rectangle_area__type_support.c
[10.863s] -- Installing: /home/electronica/ros2_ws/install/my_robots_interfaces/include/my_robots_interfaces/my_robots_interfaces/srv/detail/compute_rectangle_area__rosidl_typesupport_introspection_c.h
[10.863s] -- Installing: /home/electronica/ros2_ws/install/my_robots_interfaces/include/my_robots_interfaces/my_robots_interfaces/srv/detail/set_leds_staus__rosidl_typesupport_introspection_c.h
[10.863s] -- Installing: /home/electronica/ros2_ws/install/my_robots_interfaces/include/my_robots_interfaces/my_robots_interfaces/srv/detail/catch_turtle__rosidl_typesupport_introspection_c.h
[10.864s] -- Installing: /home/electronica/ros2_ws/install/my_robots_interfaces/include/my_robots_interfaces/my_robots_interfaces/srv/detail/catch_turtle__type_support.c
[10.864s] -- Installing: /home/electronica/ros2_ws/install/my_robots_interfaces/include/my_robots_interfaces/my_robots_interfaces/srv/detail/set_leds_staus__type_support.c
[10.864s] -- Installing: /home/electronica/ros2_ws/install/my_robots_interfaces/lib/libmy_robots_interfaces__rosidl_typesupport_introspection_c.so
[10.864s] -- Set runtime path of "/home/electronica/ros2_ws/install/my_robots_interfaces/lib/libmy_robots_interfaces__rosidl_typesupport_introspection_c.so" to ""
[10.864s] -- Installing: /home/electronica/ros2_ws/install/my_robots_interfaces/lib/libmy_robots_interfaces__rosidl_typesupport_c.so
[10.865s] -- Set runtime path of "/home/electronica/ros2_ws/install/my_robots_interfaces/lib/libmy_robots_interfaces__rosidl_typesupport_c.so" to ""
[10.865s] -- Up-to-date: /home/electronica/ros2_ws/install/my_robots_interfaces/include/my_robots_interfaces/my_robots_interfaces
[10.865s] -- Up-to-date: /home/electronica/ros2_ws/install/my_robots_interfaces/include/my_robots_interfaces/my_robots_interfaces/msg
[10.866s] -- Installing: /home/electronica/ros2_ws/install/my_robots_interfaces/include/my_robots_interfaces/my_robots_interfaces/msg/turtle.hpp
[10.866s] -- Installing: /home/electronica/ros2_ws/install/my_robots_interfaces/include/my_robots_interfaces/my_robots_interfaces/msg/led_state_array.hpp
[10.866s] -- Installing: /home/electronica/ros2_ws/install/my_robots_interfaces/include/my_robots_interfaces/my_robots_interfaces/msg/turtle_array.hpp
[10.866s] -- Up-to-date: /home/electronica/ros2_ws/install/my_robots_interfaces/include/my_robots_interfaces/my_robots_interfaces/msg/detail
[10.866s] -- Installing: /home/electronica/ros2_ws/install/my_robots_interfaces/include/my_robots_interfaces/my_robots_interfaces/msg/detail/turtle_array__struct.hpp
[10.866s] -- Installing: /home/electronica/ros2_ws/install/my_robots_interfaces/include/my_robots_interfaces/my_robots_interfaces/msg/detail/turtle__builder.hpp
[10.867s] -- Installing: /home/electronica/ros2_ws/install/my_robots_interfaces/include/my_robots_interfaces/my_robots_interfaces/msg/detail/turtle__struct.hpp
[10.867s] -- Installing: /home/electronica/ros2_ws/install/my_robots_interfaces/include/my_robots_interfaces/my_robots_interfaces/msg/detail/led_state_array__builder.hpp
[10.867s] -- Installing: /home/electronica/ros2_ws/install/my_robots_interfaces/include/my_robots_interfaces/my_robots_interfaces/msg/detail/led_state_array__struct.hpp
[10.867s] -- Installing: /home/electronica/ros2_ws/install/my_robots_interfaces/include/my_robots_interfaces/my_robots_interfaces/msg/detail/hardware_status__traits.hpp
[10.867s] -- Installing: /home/electronica/ros2_ws/install/my_robots_interfaces/include/my_robots_interfaces/my_robots_interfaces/msg/detail/turtle__traits.hpp
[10.868s] -- Installing: /home/electronica/ros2_ws/install/my_robots_interfaces/include/my_robots_interfaces/my_robots_interfaces/msg/detail/hardware_status__builder.hpp
[10.868s] -- Installing: /home/electronica/ros2_ws/install/my_robots_interfaces/include/my_robots_interfaces/my_robots_interfaces/msg/detail/hardware_status__struct.hpp
[10.868s] -- Installing: /home/electronica/ros2_ws/install/my_robots_interfaces/include/my_robots_interfaces/my_robots_interfaces/msg/detail/turtle_array__builder.hpp
[10.868s] -- Installing: /home/electronica/ros2_ws/install/my_robots_interfaces/include/my_robots_interfaces/my_robots_interfaces/msg/detail/led_state_array__traits.hpp
[10.869s] -- Installing: /home/electronica/ros2_ws/install/my_robots_interfaces/include/my_robots_interfaces/my_robots_interfaces/msg/detail/turtle_array__traits.hpp
[10.869s] -- Installing: /home/electronica/ros2_ws/install/my_robots_interfaces/include/my_robots_interfaces/my_robots_interfaces/msg/hardware_status.hpp
[10.869s] -- Up-to-date: /home/electronica/ros2_ws/install/my_robots_interfaces/include/my_robots_interfaces/my_robots_interfaces/srv
[10.869s] -- Installing: /home/electronica/ros2_ws/install/my_robots_interfaces/include/my_robots_interfaces/my_robots_interfaces/srv/catch_turtle.hpp
[10.869s] -- Installing: /home/electronica/ros2_ws/install/my_robots_interfaces/include/my_robots_interfaces/my_robots_interfaces/srv/compute_rectangle_area.hpp
[10.870s] -- Up-to-date: /home/electronica/ros2_ws/install/my_robots_interfaces/include/my_robots_interfaces/my_robots_interfaces/srv/detail
[10.870s] -- Installing: /home/electronica/ros2_ws/install/my_robots_interfaces/include/my_robots_interfaces/my_robots_interfaces/srv/detail/catch_turtle__builder.hpp
[10.870s] -- Installing: /home/electronica/ros2_ws/install/my_robots_interfaces/include/my_robots_interfaces/my_robots_interfaces/srv/detail/catch_turtle__struct.hpp
[10.870s] -- Installing: /home/electronica/ros2_ws/install/my_robots_interfaces/include/my_robots_interfaces/my_robots_interfaces/srv/detail/set_leds_staus__struct.hpp
[10.870s] -- Installing: /home/electronica/ros2_ws/install/my_robots_interfaces/include/my_robots_interfaces/my_robots_interfaces/srv/detail/compute_rectangle_area__builder.hpp
[10.871s] -- Installing: /home/electronica/ros2_ws/install/my_robots_interfaces/include/my_robots_interfaces/my_robots_interfaces/srv/detail/compute_rectangle_area__traits.hpp
[10.871s] -- Installing: /home/electronica/ros2_ws/install/my_robots_interfaces/include/my_robots_interfaces/my_robots_interfaces/srv/detail/compute_rectangle_area__struct.hpp
[10.871s] -- Installing: /home/electronica/ros2_ws/install/my_robots_interfaces/include/my_robots_interfaces/my_robots_interfaces/srv/detail/set_leds_staus__builder.hpp
[10.871s] -- Installing: /home/electronica/ros2_ws/install/my_robots_interfaces/include/my_robots_interfaces/my_robots_interfaces/srv/detail/set_leds_staus__traits.hpp
[10.871s] -- Installing: /home/electronica/ros2_ws/install/my_robots_interfaces/include/my_robots_interfaces/my_robots_interfaces/srv/detail/catch_turtle__traits.hpp
[10.872s] -- Installing: /home/electronica/ros2_ws/install/my_robots_interfaces/include/my_robots_interfaces/my_robots_interfaces/srv/set_leds_staus.hpp
[10.872s] -- Up-to-date: /home/electronica/ros2_ws/install/my_robots_interfaces/include/my_robots_interfaces/my_robots_interfaces
[10.872s] -- Up-to-date: /home/electronica/ros2_ws/install/my_robots_interfaces/include/my_robots_interfaces/my_robots_interfaces/msg
[10.872s] -- Up-to-date: /home/electronica/ros2_ws/install/my_robots_interfaces/include/my_robots_interfaces/my_robots_interfaces/msg/rosidl_typesupport_fastrtps_cpp__visibility_control.h
[10.872s] -- Up-to-date: /home/electronica/ros2_ws/install/my_robots_interfaces/include/my_robots_interfaces/my_robots_interfaces/msg/detail
[10.873s] -- Installing: /home/electronica/ros2_ws/install/my_robots_interfaces/include/my_robots_interfaces/my_robots_interfaces/msg/detail/hardware_status__rosidl_typesupport_fastrtps_cpp.hpp
[10.873s] -- Installing: /home/electronica/ros2_ws/install/my_robots_interfaces/include/my_robots_interfaces/my_robots_interfaces/msg/detail/turtle_array__rosidl_typesupport_fastrtps_cpp.hpp
[10.873s] -- Installing: /home/electronica/ros2_ws/install/my_robots_interfaces/include/my_robots_interfaces/my_robots_interfaces/msg/detail/led_state_array__rosidl_typesupport_fastrtps_cpp.hpp
[10.873s] -- Installing: /home/electronica/ros2_ws/install/my_robots_interfaces/include/my_robots_interfaces/my_robots_interfaces/msg/detail/turtle__rosidl_typesupport_fastrtps_cpp.hpp
[10.873s] -- Up-to-date: /home/electronica/ros2_ws/install/my_robots_interfaces/include/my_robots_interfaces/my_robots_interfaces/msg/detail/dds_fastrtps
[10.873s] -- Up-to-date: /home/electronica/ros2_ws/install/my_robots_interfaces/include/my_robots_interfaces/my_robots_interfaces/srv
[10.873s] -- Up-to-date: /home/electronica/ros2_ws/install/my_robots_interfaces/include/my_robots_interfaces/my_robots_interfaces/srv/detail
[10.874s] -- Installing: /home/electronica/ros2_ws/install/my_robots_interfaces/include/my_robots_interfaces/my_robots_interfaces/srv/detail/set_leds_staus__rosidl_typesupport_fastrtps_cpp.hpp
[10.874s] -- Installing: /home/electronica/ros2_ws/install/my_robots_interfaces/include/my_robots_interfaces/my_robots_interfaces/srv/detail/catch_turtle__rosidl_typesupport_fastrtps_cpp.hpp
[10.874s] -- Installing: /home/electronica/ros2_ws/install/my_robots_interfaces/include/my_robots_interfaces/my_robots_interfaces/srv/detail/compute_rectangle_area__rosidl_typesupport_fastrtps_cpp.hpp
[10.874s] -- Up-to-date: /home/electronica/ros2_ws/install/my_robots_interfaces/include/my_robots_interfaces/my_robots_interfaces/srv/detail/dds_fastrtps
[10.874s] -- Installing: /home/electronica/ros2_ws/install/my_robots_interfaces/lib/libmy_robots_interfaces__rosidl_typesupport_fastrtps_cpp.so
[10.875s] -- Set runtime path of "/home/electronica/ros2_ws/install/my_robots_interfaces/lib/libmy_robots_interfaces__rosidl_typesupport_fastrtps_cpp.so" to ""
[10.875s] -- Up-to-date: /home/electronica/ros2_ws/install/my_robots_interfaces/include/my_robots_interfaces/my_robots_interfaces
[10.875s] -- Up-to-date: /home/electronica/ros2_ws/install/my_robots_interfaces/include/my_robots_interfaces/my_robots_interfaces/msg
[10.875s] -- Up-to-date: /home/electronica/ros2_ws/install/my_robots_interfaces/include/my_robots_interfaces/my_robots_interfaces/msg/detail
[10.875s] -- Installing: /home/electronica/ros2_ws/install/my_robots_interfaces/include/my_robots_interfaces/my_robots_interfaces/msg/detail/turtle_array__rosidl_typesupport_introspection_cpp.hpp
[10.876s] -- Installing: /home/electronica/ros2_ws/install/my_robots_interfaces/include/my_robots_interfaces/my_robots_interfaces/msg/detail/turtle_array__type_support.cpp
[10.876s] -- Installing: /home/electronica/ros2_ws/install/my_robots_interfaces/include/my_robots_interfaces/my_robots_interfaces/msg/detail/led_state_array__rosidl_typesupport_introspection_cpp.hpp
[10.876s] -- Installing: /home/electronica/ros2_ws/install/my_robots_interfaces/include/my_robots_interfaces/my_robots_interfaces/msg/detail/turtle__rosidl_typesupport_introspection_cpp.hpp
[10.876s] -- Installing: /home/electronica/ros2_ws/install/my_robots_interfaces/include/my_robots_interfaces/my_robots_interfaces/msg/detail/hardware_status__rosidl_typesupport_introspection_cpp.hpp
[10.876s] -- Installing: /home/electronica/ros2_ws/install/my_robots_interfaces/include/my_robots_interfaces/my_robots_interfaces/msg/detail/led_state_array__type_support.cpp
[10.876s] -- Installing: /home/electronica/ros2_ws/install/my_robots_interfaces/include/my_robots_interfaces/my_robots_interfaces/msg/detail/turtle__type_support.cpp
[10.877s] -- Installing: /home/electronica/ros2_ws/install/my_robots_interfaces/include/my_robots_interfaces/my_robots_interfaces/msg/detail/hardware_status__type_support.cpp
[10.877s] -- Up-to-date: /home/electronica/ros2_ws/install/my_robots_interfaces/include/my_robots_interfaces/my_robots_interfaces/srv
[10.877s] -- Up-to-date: /home/electronica/ros2_ws/install/my_robots_interfaces/include/my_robots_interfaces/my_robots_interfaces/srv/detail
[10.877s] -- Installing: /home/electronica/ros2_ws/install/my_robots_interfaces/include/my_robots_interfaces/my_robots_interfaces/srv/detail/set_leds_staus__type_support.cpp
[10.877s] -- Installing: /home/electronica/ros2_ws/install/my_robots_interfaces/include/my_robots_interfaces/my_robots_interfaces/srv/detail/set_leds_staus__rosidl_typesupport_introspection_cpp.hpp
[10.877s] -- Installing: /home/electronica/ros2_ws/install/my_robots_interfaces/include/my_robots_interfaces/my_robots_interfaces/srv/detail/catch_turtle__rosidl_typesupport_introspection_cpp.hpp
[10.877s] -- Installing: /home/electronica/ros2_ws/install/my_robots_interfaces/include/my_robots_interfaces/my_robots_interfaces/srv/detail/compute_rectangle_area__rosidl_typesupport_introspection_cpp.hpp
[10.878s] -- Installing: /home/electronica/ros2_ws/install/my_robots_interfaces/include/my_robots_interfaces/my_robots_interfaces/srv/detail/compute_rectangle_area__type_support.cpp
[10.878s] -- Installing: /home/electronica/ros2_ws/install/my_robots_interfaces/include/my_robots_interfaces/my_robots_interfaces/srv/detail/catch_turtle__type_support.cpp
[10.878s] -- Installing: /home/electronica/ros2_ws/install/my_robots_interfaces/lib/libmy_robots_interfaces__rosidl_typesupport_introspection_cpp.so
[10.878s] -- Set runtime path of "/home/electronica/ros2_ws/install/my_robots_interfaces/lib/libmy_robots_interfaces__rosidl_typesupport_introspection_cpp.so" to ""
[10.878s] -- Installing: /home/electronica/ros2_ws/install/my_robots_interfaces/lib/libmy_robots_interfaces__rosidl_typesupport_cpp.so
[10.879s] -- Set runtime path of "/home/electronica/ros2_ws/install/my_robots_interfaces/lib/libmy_robots_interfaces__rosidl_typesupport_cpp.so" to ""
[10.879s] -- Up-to-date: /home/electronica/ros2_ws/install/my_robots_interfaces/share/my_robots_interfaces/environment/pythonpath.sh
[10.879s] -- Installing: /home/electronica/ros2_ws/install/my_robots_interfaces/share/my_robots_interfaces/environment/pythonpath.dsv
[10.879s] -- Up-to-date: /home/electronica/ros2_ws/install/my_robots_interfaces/local/lib/python3.10/dist-packages/my_robots_interfaces-0.0.0-py3.10.egg-info
[10.879s] -- Installing: /home/electronica/ros2_ws/install/my_robots_interfaces/local/lib/python3.10/dist-packages/my_robots_interfaces-0.0.0-py3.10.egg-info/SOURCES.txt
[10.880s] -- Installing: /home/electronica/ros2_ws/install/my_robots_interfaces/local/lib/python3.10/dist-packages/my_robots_interfaces-0.0.0-py3.10.egg-info/dependency_links.txt
[10.880s] -- Installing: /home/electronica/ros2_ws/install/my_robots_interfaces/local/lib/python3.10/dist-packages/my_robots_interfaces-0.0.0-py3.10.egg-info/PKG-INFO
[10.880s] -- Installing: /home/electronica/ros2_ws/install/my_robots_interfaces/local/lib/python3.10/dist-packages/my_robots_interfaces-0.0.0-py3.10.egg-info/top_level.txt
[10.880s] -- Up-to-date: /home/electronica/ros2_ws/install/my_robots_interfaces/local/lib/python3.10/dist-packages/my_robots_interfaces
[10.880s] -- Installing: /home/electronica/ros2_ws/install/my_robots_interfaces/local/lib/python3.10/dist-packages/my_robots_interfaces/my_robots_interfaces_s__rosidl_typesupport_c.cpython-310-x86_64-linux-gnu.so
[10.880s] -- Up-to-date: /home/electronica/ros2_ws/install/my_robots_interfaces/local/lib/python3.10/dist-packages/my_robots_interfaces/msg
[10.881s] -- Installing: /home/electronica/ros2_ws/install/my_robots_interfaces/local/lib/python3.10/dist-packages/my_robots_interfaces/msg/_turtle_array_s.c
[10.881s] -- Installing: /home/electronica/ros2_ws/install/my_robots_interfaces/local/lib/python3.10/dist-packages/my_robots_interfaces/msg/__init__.py
[10.881s] -- Installing: /home/electronica/ros2_ws/install/my_robots_interfaces/local/lib/python3.10/dist-packages/my_robots_interfaces/msg/_hardware_status.py
[10.881s] -- Installing: /home/electronica/ros2_ws/install/my_robots_interfaces/local/lib/python3.10/dist-packages/my_robots_interfaces/msg/_turtle_s.c
[10.881s] -- Installing: /home/electronica/ros2_ws/install/my_robots_interfaces/local/lib/python3.10/dist-packages/my_robots_interfaces/msg/_hardware_status_s.c
[10.882s] -- Installing: /home/electronica/ros2_ws/install/my_robots_interfaces/local/lib/python3.10/dist-packages/my_robots_interfaces/msg/_turtle.py
[10.882s] -- Installing: /home/electronica/ros2_ws/install/my_robots_interfaces/local/lib/python3.10/dist-packages/my_robots_interfaces/msg/_led_state_array_s.c
[10.882s] -- Installing: /home/electronica/ros2_ws/install/my_robots_interfaces/local/lib/python3.10/dist-packages/my_robots_interfaces/msg/_led_state_array.py
[10.882s] -- Installing: /home/electronica/ros2_ws/install/my_robots_interfaces/local/lib/python3.10/dist-packages/my_robots_interfaces/msg/_turtle_array.py
[10.882s] -- Installing: /home/electronica/ros2_ws/install/my_robots_interfaces/local/lib/python3.10/dist-packages/my_robots_interfaces/_my_robots_interfaces_s.ep.rosidl_typesupport_fastrtps_c.c
[10.883s] -- Installing: /home/electronica/ros2_ws/install/my_robots_interfaces/local/lib/python3.10/dist-packages/my_robots_interfaces/__init__.py
[10.883s] -- Installing: /home/electronica/ros2_ws/install/my_robots_interfaces/local/lib/python3.10/dist-packages/my_robots_interfaces/_my_robots_interfaces_s.ep.rosidl_typesupport_c.c
[10.883s] -- Installing: /home/electronica/ros2_ws/install/my_robots_interfaces/local/lib/python3.10/dist-packages/my_robots_interfaces/libmy_robots_interfaces__rosidl_generator_py.so
[10.883s] -- Installing: /home/electronica/ros2_ws/install/my_robots_interfaces/local/lib/python3.10/dist-packages/my_robots_interfaces/_my_robots_interfaces_s.ep.rosidl_typesupport_introspection_c.c
[10.884s] -- Installing: /home/electronica/ros2_ws/install/my_robots_interfaces/local/lib/python3.10/dist-packages/my_robots_interfaces/my_robots_interfaces_s__rosidl_typesupport_introspection_c.cpython-310-x86_64-linux-gnu.so
[10.884s] -- Installing: /home/electronica/ros2_ws/install/my_robots_interfaces/local/lib/python3.10/dist-packages/my_robots_interfaces/my_robots_interfaces_s__rosidl_typesupport_fastrtps_c.cpython-310-x86_64-linux-gnu.so
[10.885s] -- Up-to-date: /home/electronica/ros2_ws/install/my_robots_interfaces/local/lib/python3.10/dist-packages/my_robots_interfaces/srv
[10.885s] -- Installing: /home/electronica/ros2_ws/install/my_robots_interfaces/local/lib/python3.10/dist-packages/my_robots_interfaces/srv/__init__.py
[10.885s] -- Installing: /home/electronica/ros2_ws/install/my_robots_interfaces/local/lib/python3.10/dist-packages/my_robots_interfaces/srv/_set_leds_staus.py
[10.885s] -- Installing: /home/electronica/ros2_ws/install/my_robots_interfaces/local/lib/python3.10/dist-packages/my_robots_interfaces/srv/_set_leds_staus_s.c
[10.885s] -- Installing: /home/electronica/ros2_ws/install/my_robots_interfaces/local/lib/python3.10/dist-packages/my_robots_interfaces/srv/_catch_turtle_s.c
[10.885s] -- Installing: /home/electronica/ros2_ws/install/my_robots_interfaces/local/lib/python3.10/dist-packages/my_robots_interfaces/srv/_compute_rectangle_area_s.c
[10.886s] -- Installing: /home/electronica/ros2_ws/install/my_robots_interfaces/local/lib/python3.10/dist-packages/my_robots_interfaces/srv/_compute_rectangle_area.py
[10.886s] -- Installing: /home/electronica/ros2_ws/install/my_robots_interfaces/local/lib/python3.10/dist-packages/my_robots_interfaces/srv/_catch_turtle.py
[10.948s] Listing '/home/electronica/ros2_ws/install/my_robots_interfaces/local/lib/python3.10/dist-packages/my_robots_interfaces'...
[10.948s] Compiling '/home/electronica/ros2_ws/install/my_robots_interfaces/local/lib/python3.10/dist-packages/my_robots_interfaces/__init__.py'...
[10.948s] Listing '/home/electronica/ros2_ws/install/my_robots_interfaces/local/lib/python3.10/dist-packages/my_robots_interfaces/msg'...
[10.948s] Compiling '/home/electronica/ros2_ws/install/my_robots_interfaces/local/lib/python3.10/dist-packages/my_robots_interfaces/msg/__init__.py'...
[10.948s] Compiling '/home/electronica/ros2_ws/install/my_robots_interfaces/local/lib/python3.10/dist-packages/my_robots_interfaces/msg/_hardware_status.py'...
[10.949s] Compiling '/home/electronica/ros2_ws/install/my_robots_interfaces/local/lib/python3.10/dist-packages/my_robots_interfaces/msg/_led_state_array.py'...
[10.949s] Compiling '/home/electronica/ros2_ws/install/my_robots_interfaces/local/lib/python3.10/dist-packages/my_robots_interfaces/msg/_turtle.py'...
[10.949s] Compiling '/home/electronica/ros2_ws/install/my_robots_interfaces/local/lib/python3.10/dist-packages/my_robots_interfaces/msg/_turtle_array.py'...
[10.949s] Listing '/home/electronica/ros2_ws/install/my_robots_interfaces/local/lib/python3.10/dist-packages/my_robots_interfaces/srv'...
[10.949s] Compiling '/home/electronica/ros2_ws/install/my_robots_interfaces/local/lib/python3.10/dist-packages/my_robots_interfaces/srv/__init__.py'...
[10.949s] Compiling '/home/electronica/ros2_ws/install/my_robots_interfaces/local/lib/python3.10/dist-packages/my_robots_interfaces/srv/_catch_turtle.py'...
[10.949s] Compiling '/home/electronica/ros2_ws/install/my_robots_interfaces/local/lib/python3.10/dist-packages/my_robots_interfaces/srv/_compute_rectangle_area.py'...
[10.950s] Compiling '/home/electronica/ros2_ws/install/my_robots_interfaces/local/lib/python3.10/dist-packages/my_robots_interfaces/srv/_set_leds_staus.py'...
[10.954s] -- Installing: /home/electronica/ros2_ws/install/my_robots_interfaces/local/lib/python3.10/dist-packages/my_robots_interfaces/my_robots_interfaces_s__rosidl_typesupport_fastrtps_c.cpython-310-x86_64-linux-gnu.so
[10.955s] -- Set runtime path of "/home/electronica/ros2_ws/install/my_robots_interfaces/local/lib/python3.10/dist-packages/my_robots_interfaces/my_robots_interfaces_s__rosidl_typesupport_fastrtps_c.cpython-310-x86_64-linux-gnu.so" to ""
[10.955s] -- Installing: /home/electronica/ros2_ws/install/my_robots_interfaces/local/lib/python3.10/dist-packages/my_robots_interfaces/my_robots_interfaces_s__rosidl_typesupport_introspection_c.cpython-310-x86_64-linux-gnu.so
[10.956s] -- Set runtime path of "/home/electronica/ros2_ws/install/my_robots_interfaces/local/lib/python3.10/dist-packages/my_robots_interfaces/my_robots_interfaces_s__rosidl_typesupport_introspection_c.cpython-310-x86_64-linux-gnu.so" to ""
[10.956s] -- Installing: /home/electronica/ros2_ws/install/my_robots_interfaces/local/lib/python3.10/dist-packages/my_robots_interfaces/my_robots_interfaces_s__rosidl_typesupport_c.cpython-310-x86_64-linux-gnu.so
[10.957s] -- Set runtime path of "/home/electronica/ros2_ws/install/my_robots_interfaces/local/lib/python3.10/dist-packages/my_robots_interfaces/my_robots_interfaces_s__rosidl_typesupport_c.cpython-310-x86_64-linux-gnu.so" to ""
[10.957s] -- Installing: /home/electronica/ros2_ws/install/my_robots_interfaces/lib/libmy_robots_interfaces__rosidl_generator_py.so
[10.958s] -- Set runtime path of "/home/electronica/ros2_ws/install/my_robots_interfaces/lib/libmy_robots_interfaces__rosidl_generator_py.so" to ""
[10.958s] -- Up-to-date: /home/electronica/ros2_ws/install/my_robots_interfaces/share/my_robots_interfaces/msg/HardwareStatus.idl
[10.959s] -- Up-to-date: /home/electronica/ros2_ws/install/my_robots_interfaces/share/my_robots_interfaces/msg/LedStateArray.idl
[10.959s] -- Up-to-date: /home/electronica/ros2_ws/install/my_robots_interfaces/share/my_robots_interfaces/msg/Turtle.idl
[10.959s] -- Up-to-date: /home/electronica/ros2_ws/install/my_robots_interfaces/share/my_robots_interfaces/msg/TurtleArray.idl
[10.959s] -- Up-to-date: /home/electronica/ros2_ws/install/my_robots_interfaces/share/my_robots_interfaces/srv/ComputeRectangleArea.idl
[10.960s] -- Up-to-date: /home/electronica/ros2_ws/install/my_robots_interfaces/share/my_robots_interfaces/srv/SetLedsStaus.idl
[10.960s] -- Installing: /home/electronica/ros2_ws/install/my_robots_interfaces/share/my_robots_interfaces/srv/CatchTurtle.idl
[10.960s] -- Up-to-date: /home/electronica/ros2_ws/install/my_robots_interfaces/share/my_robots_interfaces/msg/HardwareStatus.msg
[10.960s] -- Up-to-date: /home/electronica/ros2_ws/install/my_robots_interfaces/share/my_robots_interfaces/msg/LedStateArray.msg
[10.961s] -- Up-to-date: /home/electronica/ros2_ws/install/my_robots_interfaces/share/my_robots_interfaces/msg/Turtle.msg
[10.961s] -- Up-to-date: /home/electronica/ros2_ws/install/my_robots_interfaces/share/my_robots_interfaces/msg/TurtleArray.msg
[10.961s] -- Up-to-date: /home/electronica/ros2_ws/install/my_robots_interfaces/share/my_robots_interfaces/srv/ComputeRectangleArea.srv
[10.961s] -- Up-to-date: /home/electronica/ros2_ws/install/my_robots_interfaces/share/my_robots_interfaces/srv/ComputeRectangleArea_Request.msg
[10.961s] -- Up-to-date: /home/electronica/ros2_ws/install/my_robots_interfaces/share/my_robots_interfaces/srv/ComputeRectangleArea_Response.msg
[10.962s] -- Up-to-date: /home/electronica/ros2_ws/install/my_robots_interfaces/share/my_robots_interfaces/srv/SetLedsStaus.srv
[10.962s] -- Up-to-date: /home/electronica/ros2_ws/install/my_robots_interfaces/share/my_robots_interfaces/srv/SetLedsStaus_Request.msg
[10.962s] -- Up-to-date: /home/electronica/ros2_ws/install/my_robots_interfaces/share/my_robots_interfaces/srv/SetLedsStaus_Response.msg
[10.962s] -- Installing: /home/electronica/ros2_ws/install/my_robots_interfaces/share/my_robots_interfaces/srv/CatchTurtle.srv
[10.962s] -- Up-to-date: /home/electronica/ros2_ws/install/my_robots_interfaces/share/my_robots_interfaces/srv/CatchTurtle_Request.msg
[10.963s] -- Installing: /home/electronica/ros2_ws/install/my_robots_interfaces/share/my_robots_interfaces/srv/CatchTurtle_Response.msg
[10.963s] -- Up-to-date: /home/electronica/ros2_ws/install/my_robots_interfaces/share/ament_index/resource_index/package_run_dependencies/my_robots_interfaces
[10.963s] -- Up-to-date: /home/electronica/ros2_ws/install/my_robots_interfaces/share/ament_index/resource_index/parent_prefix_path/my_robots_interfaces
[10.963s] -- Up-to-date: /home/electronica/ros2_ws/install/my_robots_interfaces/share/my_robots_interfaces/environment/ament_prefix_path.sh
[10.963s] -- Installing: /home/electronica/ros2_ws/install/my_robots_interfaces/share/my_robots_interfaces/environment/ament_prefix_path.dsv
[10.964s] -- Up-to-date: /home/electronica/ros2_ws/install/my_robots_interfaces/share/my_robots_interfaces/environment/path.sh
[10.964s] -- Installing: /home/electronica/ros2_ws/install/my_robots_interfaces/share/my_robots_interfaces/environment/path.dsv
[10.964s] -- Up-to-date: /home/electronica/ros2_ws/install/my_robots_interfaces/share/my_robots_interfaces/local_setup.bash
[10.964s] -- Up-to-date: /home/electronica/ros2_ws/install/my_robots_interfaces/share/my_robots_interfaces/local_setup.sh
[10.964s] -- Up-to-date: /home/electronica/ros2_ws/install/my_robots_interfaces/share/my_robots_interfaces/local_setup.zsh
[10.965s] -- Installing: /home/electronica/ros2_ws/install/my_robots_interfaces/share/my_robots_interfaces/local_setup.dsv
[10.965s] -- Installing: /home/electronica/ros2_ws/install/my_robots_interfaces/share/my_robots_interfaces/package.dsv
[10.965s] -- Up-to-date: /home/electronica/ros2_ws/install/my_robots_interfaces/share/ament_index/resource_index/packages/my_robots_interfaces
[10.965s] -- Up-to-date: /home/electronica/ros2_ws/install/my_robots_interfaces/share/my_robots_interfaces/cmake/export_my_robots_interfaces__rosidl_generator_cExport.cmake
[10.965s] -- Up-to-date: /home/electronica/ros2_ws/install/my_robots_interfaces/share/my_robots_interfaces/cmake/export_my_robots_interfaces__rosidl_generator_cExport-noconfig.cmake
[10.966s] -- Up-to-date: /home/electronica/ros2_ws/install/my_robots_interfaces/share/my_robots_interfaces/cmake/export_my_robots_interfaces__rosidl_typesupport_fastrtps_cExport.cmake
[10.966s] -- Up-to-date: /home/electronica/ros2_ws/install/my_robots_interfaces/share/my_robots_interfaces/cmake/export_my_robots_interfaces__rosidl_typesupport_fastrtps_cExport-noconfig.cmake
[10.966s] -- Up-to-date: /home/electronica/ros2_ws/install/my_robots_interfaces/share/my_robots_interfaces/cmake/my_robots_interfaces__rosidl_typesupport_introspection_cExport.cmake
[10.966s] -- Up-to-date: /home/electronica/ros2_ws/install/my_robots_interfaces/share/my_robots_interfaces/cmake/my_robots_interfaces__rosidl_typesupport_introspection_cExport-noconfig.cmake
[10.966s] -- Up-to-date: /home/electronica/ros2_ws/install/my_robots_interfaces/share/my_robots_interfaces/cmake/my_robots_interfaces__rosidl_typesupport_cExport.cmake
[10.966s] -- Up-to-date: /home/electronica/ros2_ws/install/my_robots_interfaces/share/my_robots_interfaces/cmake/my_robots_interfaces__rosidl_typesupport_cExport-noconfig.cmake
[10.966s] -- Up-to-date: /home/electronica/ros2_ws/install/my_robots_interfaces/share/my_robots_interfaces/cmake/export_my_robots_interfaces__rosidl_generator_cppExport.cmake
[10.967s] -- Up-to-date: /home/electronica/ros2_ws/install/my_robots_interfaces/share/my_robots_interfaces/cmake/export_my_robots_interfaces__rosidl_typesupport_fastrtps_cppExport.cmake
[10.967s] -- Up-to-date: /home/electronica/ros2_ws/install/my_robots_interfaces/share/my_robots_interfaces/cmake/export_my_robots_interfaces__rosidl_typesupport_fastrtps_cppExport-noconfig.cmake
[10.967s] -- Up-to-date: /home/electronica/ros2_ws/install/my_robots_interfaces/share/my_robots_interfaces/cmake/my_robots_interfaces__rosidl_typesupport_introspection_cppExport.cmake
[10.967s] -- Up-to-date: /home/electronica/ros2_ws/install/my_robots_interfaces/share/my_robots_interfaces/cmake/my_robots_interfaces__rosidl_typesupport_introspection_cppExport-noconfig.cmake
[10.967s] -- Up-to-date: /home/electronica/ros2_ws/install/my_robots_interfaces/share/my_robots_interfaces/cmake/my_robots_interfaces__rosidl_typesupport_cppExport.cmake
[10.967s] -- Up-to-date: /home/electronica/ros2_ws/install/my_robots_interfaces/share/my_robots_interfaces/cmake/my_robots_interfaces__rosidl_typesupport_cppExport-noconfig.cmake
[10.968s] -- Up-to-date: /home/electronica/ros2_ws/install/my_robots_interfaces/share/my_robots_interfaces/cmake/export_my_robots_interfaces__rosidl_generator_pyExport.cmake
[10.968s] -- Up-to-date: /home/electronica/ros2_ws/install/my_robots_interfaces/share/my_robots_interfaces/cmake/export_my_robots_interfaces__rosidl_generator_pyExport-noconfig.cmake
[10.968s] -- Up-to-date: /home/electronica/ros2_ws/install/my_robots_interfaces/share/my_robots_interfaces/cmake/rosidl_cmake-extras.cmake
[10.969s] -- Up-to-date: /home/electronica/ros2_ws/install/my_robots_interfaces/share/my_robots_interfaces/cmake/ament_cmake_export_include_directories-extras.cmake
[10.969s] -- Up-to-date: /home/electronica/ros2_ws/install/my_robots_interfaces/share/my_robots_interfaces/cmake/ament_cmake_export_libraries-extras.cmake
[10.970s] -- Up-to-date: /home/electronica/ros2_ws/install/my_robots_interfaces/share/my_robots_interfaces/cmake/ament_cmake_export_targets-extras.cmake
[10.972s] -- Up-to-date: /home/electronica/ros2_ws/install/my_robots_interfaces/share/my_robots_interfaces/cmake/rosidl_cmake_export_typesupport_targets-extras.cmake
[10.972s] -- Up-to-date: /home/electronica/ros2_ws/install/my_robots_interfaces/share/my_robots_interfaces/cmake/ament_cmake_export_dependencies-extras.cmake
[10.973s] -- Up-to-date: /home/electronica/ros2_ws/install/my_robots_interfaces/share/my_robots_interfaces/cmake/rosidl_cmake_export_typesupport_libraries-extras.cmake
[10.973s] -- Up-to-date: /home/electronica/ros2_ws/install/my_robots_interfaces/share/my_robots_interfaces/cmake/my_robots_interfacesConfig.cmake
[10.974s] -- Up-to-date: /home/electronica/ros2_ws/install/my_robots_interfaces/share/my_robots_interfaces/cmake/my_robots_interfacesConfig-version.cmake
[10.974s] -- Up-to-date: /home/electronica/ros2_ws/install/my_robots_interfaces/share/my_robots_interfaces/package.xml
[10.975s] Invoked command in '/home/electronica/ros2_ws/build/my_robots_interfaces' returned '0': CMAKE_PREFIX_PATH=${CMAKE_PREFIX_PATH}:/home/electronica/ros2_ws/install/turtlesim_catch_them_all:/home/electronica/ros2_ws/install/my_py_pkg:/opt/ros/humble /usr/bin/cmake --install /home/electronica/ros2_ws/build/my_robots_interfaces
