[0.137s] Invoking command in '/home/electronica/ros2_ws/build/my_robot_bringup': AMENT_PREFIX_PATH=/home/electronica/ros2_ws/install/turtlesim_catch_them_all:/home/electronica/ros2_ws/install/my_py_pkg:/home/electronica/ros2_ws/install/my_cpp_pkg:/home/electronica/ros2_ws/install/my_robots_interfaces:/home/electronica/ros2_ws/install/my_robot_bringup:/opt/ros/humble CMAKE_PREFIX_PATH=${CMAKE_PREFIX_PATH}:/home/electronica/ros2_ws/install/turtlesim_catch_them_all:/home/electronica/ros2_ws/install/my_py_pkg:/opt/ros/humble PYTHONPATH=/home/electronica/ros2_ws/build/turtlesim_catch_them_all:/home/electronica/ros2_ws/install/turtlesim_catch_them_all/lib/python3.10/site-packages:/home/electronica/ros2_ws/install/my_py_pkg/lib/python3.10/site-packages:/home/electronica/ros2_ws/install/my_robots_interfaces/local/lib/python3.10/dist-packages:/opt/ros/humble/lib/python3.10/site-packages:/opt/ros/humble/local/lib/python3.10/dist-packages /usr/bin/cmake --build /home/electronica/ros2_ws/build/my_robot_bringup -- -j8 -l8
[0.174s] -- Found ament_cmake: 1.3.5 (/opt/ros/humble/share/ament_cmake/cmake)
[0.507s] -- Configuring done
[0.513s] -- Generating done
[0.516s] -- Build files have been written to: /home/electronica/ros2_ws/build/my_robot_bringup
[0.557s] Invoked command in '/home/electronica/ros2_ws/build/my_robot_bringup' returned '0': AMENT_PREFIX_PATH=/home/electronica/ros2_ws/install/turtlesim_catch_them_all:/home/electronica/ros2_ws/install/my_py_pkg:/home/electronica/ros2_ws/install/my_cpp_pkg:/home/electronica/ros2_ws/install/my_robots_interfaces:/home/electronica/ros2_ws/install/my_robot_bringup:/opt/ros/humble CMAKE_PREFIX_PATH=${CMAKE_PREFIX_PATH}:/home/electronica/ros2_ws/install/turtlesim_catch_them_all:/home/electronica/ros2_ws/install/my_py_pkg:/opt/ros/humble PYTHONPATH=/home/electronica/ros2_ws/build/turtlesim_catch_them_all:/home/electronica/ros2_ws/install/turtlesim_catch_them_all/lib/python3.10/site-packages:/home/electronica/ros2_ws/install/my_py_pkg/lib/python3.10/site-packages:/home/electronica/ros2_ws/install/my_robots_interfaces/local/lib/python3.10/dist-packages:/opt/ros/humble/lib/python3.10/site-packages:/opt/ros/humble/local/lib/python3.10/dist-packages /usr/bin/cmake --build /home/electronica/ros2_ws/build/my_robot_bringup -- -j8 -l8
[0.599s] Invoking command in '/home/electronica/ros2_ws/build/my_robot_bringup': AMENT_PREFIX_PATH=/home/electronica/ros2_ws/install/turtlesim_catch_them_all:/home/electronica/ros2_ws/install/my_py_pkg:/home/electronica/ros2_ws/install/my_cpp_pkg:/home/electronica/ros2_ws/install/my_robots_interfaces:/home/electronica/ros2_ws/install/my_robot_bringup:/opt/ros/humble CMAKE_PREFIX_PATH=${CMAKE_PREFIX_PATH}:/home/electronica/ros2_ws/install/turtlesim_catch_them_all:/home/electronica/ros2_ws/install/my_py_pkg:/opt/ros/humble PYTHONPATH=/home/electronica/ros2_ws/build/turtlesim_catch_them_all:/home/electronica/ros2_ws/install/turtlesim_catch_them_all/lib/python3.10/site-packages:/home/electronica/ros2_ws/install/my_py_pkg/lib/python3.10/site-packages:/home/electronica/ros2_ws/install/my_robots_interfaces/local/lib/python3.10/dist-packages:/opt/ros/humble/lib/python3.10/site-packages:/opt/ros/humble/local/lib/python3.10/dist-packages /usr/bin/cmake --install /home/electronica/ros2_ws/build/my_robot_bringup
[0.610s] -- Install configuration: ""
[0.611s] -- Up-to-date: /home/electronica/ros2_ws/install/my_robot_bringup/share/my_robot_bringup/launch
[0.611s] -- Up-to-date: /home/electronica/ros2_ws/install/my_robot_bringup/share/my_robot_bringup/launch/numer_app.launch.py
[0.611s] -- Installing: /home/electronica/ros2_ws/install/my_robot_bringup/share/my_robot_bringup/launch/turtlesim_catch_them_all.launch.py
[0.611s] -- Up-to-date: /home/electronica/ros2_ws/install/my_robot_bringup/share/my_robot_bringup/launch/robot_news_station_app.launch.py
[0.612s] -- Up-to-date: /home/electronica/ros2_ws/install/my_robot_bringup/share/ament_index/resource_index/package_run_dependencies/my_robot_bringup
[0.612s] -- Up-to-date: /home/electronica/ros2_ws/install/my_robot_bringup/share/ament_index/resource_index/parent_prefix_path/my_robot_bringup
[0.612s] -- Up-to-date: /home/electronica/ros2_ws/install/my_robot_bringup/share/my_robot_bringup/environment/ament_prefix_path.sh
[0.612s] -- Installing: /home/electronica/ros2_ws/install/my_robot_bringup/share/my_robot_bringup/environment/ament_prefix_path.dsv
[0.612s] -- Up-to-date: /home/electronica/ros2_ws/install/my_robot_bringup/share/my_robot_bringup/environment/path.sh
[0.612s] -- Installing: /home/electronica/ros2_ws/install/my_robot_bringup/share/my_robot_bringup/environment/path.dsv
[0.613s] -- Up-to-date: /home/electronica/ros2_ws/install/my_robot_bringup/share/my_robot_bringup/local_setup.bash
[0.613s] -- Up-to-date: /home/electronica/ros2_ws/install/my_robot_bringup/share/my_robot_bringup/local_setup.sh
[0.613s] -- Up-to-date: /home/electronica/ros2_ws/install/my_robot_bringup/share/my_robot_bringup/local_setup.zsh
[0.613s] -- Installing: /home/electronica/ros2_ws/install/my_robot_bringup/share/my_robot_bringup/local_setup.dsv
[0.613s] -- Installing: /home/electronica/ros2_ws/install/my_robot_bringup/share/my_robot_bringup/package.dsv
[0.613s] -- Up-to-date: /home/electronica/ros2_ws/install/my_robot_bringup/share/ament_index/resource_index/packages/my_robot_bringup
[0.613s] -- Up-to-date: /home/electronica/ros2_ws/install/my_robot_bringup/share/my_robot_bringup/cmake/my_robot_bringupConfig.cmake
[0.614s] -- Up-to-date: /home/electronica/ros2_ws/install/my_robot_bringup/share/my_robot_bringup/cmake/my_robot_bringupConfig-version.cmake
[0.614s] -- Installing: /home/electronica/ros2_ws/install/my_robot_bringup/share/my_robot_bringup/package.xml
[0.615s] Invoked command in '/home/electronica/ros2_ws/build/my_robot_bringup' returned '0': AMENT_PREFIX_PATH=/home/electronica/ros2_ws/install/turtlesim_catch_them_all:/home/electronica/ros2_ws/install/my_py_pkg:/home/electronica/ros2_ws/install/my_cpp_pkg:/home/electronica/ros2_ws/install/my_robots_interfaces:/home/electronica/ros2_ws/install/my_robot_bringup:/opt/ros/humble CMAKE_PREFIX_PATH=${CMAKE_PREFIX_PATH}:/home/electronica/ros2_ws/install/turtlesim_catch_them_all:/home/electronica/ros2_ws/install/my_py_pkg:/opt/ros/humble PYTHONPATH=/home/electronica/ros2_ws/build/turtlesim_catch_them_all:/home/electronica/ros2_ws/install/turtlesim_catch_them_all/lib/python3.10/site-packages:/home/electronica/ros2_ws/install/my_py_pkg/lib/python3.10/site-packages:/home/electronica/ros2_ws/install/my_robots_interfaces/local/lib/python3.10/dist-packages:/opt/ros/humble/lib/python3.10/site-packages:/opt/ros/humble/local/lib/python3.10/dist-packages /usr/bin/cmake --install /home/electronica/ros2_ws/build/my_robot_bringup
