[0.148s] Invoking command in '/home/electronica/ros2_ws/build/my_cpp_pkg': CMAKE_PREFIX_PATH=/home/electronica/ros2_ws/install/my_robots_interfaces:/home/electronica/ros2_ws/install/my_cpp_pkg:/home/electronica/ros2_ws/install/my_robot_bringup:/home/electronica/ros2_ws/install/turtlesim_catch_them_all:/home/electronica/ros2_ws/install/my_py_pkg:/opt/ros/humble /usr/bin/cmake /home/electronica/ros2_ws/src/my_cpp_pkg -DCMAKE_INSTALL_PREFIX=/home/electronica/ros2_ws/install/my_cpp_pkg
[0.227s] -- The C compiler identification is GNU 11.4.0
[0.318s] -- The CXX compiler identification is GNU 11.4.0
[0.333s] -- Detecting C compiler ABI info
[0.441s] -- Detecting C compiler ABI info - done
[0.461s] -- Check for working C compiler: /usr/bin/cc - skipped
[0.461s] -- Detecting C compile features
[0.462s] -- Detecting C compile features - done
[0.469s] -- Detecting CXX compiler ABI info
[0.591s] -- Detecting CXX compiler ABI info - done
[0.606s] -- Check for working CXX compiler: /usr/bin/c++ - skipped
[0.606s] -- Detecting CXX compile features
[0.607s] -- Detecting CXX compile features - done
[0.611s] -- Found ament_cmake: 1.3.5 (/opt/ros/humble/share/ament_cmake/cmake)
[0.903s] -- Found Python3: /usr/bin/python3.10 (found version "3.10.12") found components: Interpreter 
[1.085s] -- Found rclcpp: 16.0.6 (/opt/ros/humble/share/rclcpp/cmake)
[1.171s] -- Found rosidl_generator_c: 3.1.5 (/opt/ros/humble/share/rosidl_generator_c/cmake)
[1.179s] -- Found rosidl_adapter: 3.1.5 (/opt/ros/humble/share/rosidl_adapter/cmake)
[1.192s] -- Found rosidl_generator_cpp: 3.1.5 (/opt/ros/humble/share/rosidl_generator_cpp/cmake)
[1.213s] -- Using all available rosidl_typesupport_c: rosidl_typesupport_fastrtps_c;rosidl_typesupport_introspection_c
[1.243s] -- Using all available rosidl_typesupport_cpp: rosidl_typesupport_fastrtps_cpp;rosidl_typesupport_introspection_cpp
[1.359s] -- Found rmw_implementation_cmake: 6.1.1 (/opt/ros/humble/share/rmw_implementation_cmake/cmake)
[1.363s] -- Found rmw_fastrtps_cpp: 6.2.4 (/opt/ros/humble/share/rmw_fastrtps_cpp/cmake)
[1.577s] -- Found OpenSSL: /usr/lib/x86_64-linux-gnu/libcrypto.so (found version "3.0.2")  
[1.615s] -- Found FastRTPS: /opt/ros/humble/include  
[1.682s] -- Using RMW implementation 'rmw_fastrtps_cpp' as default
[1.704s] -- Looking for pthread.h
[1.824s] -- Looking for pthread.h - found
[1.825s] -- Performing Test CMAKE_HAVE_LIBC_PTHREAD
[1.935s] -- Performing Test CMAKE_HAVE_LIBC_PTHREAD - Success
[1.936s] -- Found Threads: TRUE  
[2.212s] -- Found example_interfaces: 0.9.3 (/opt/ros/humble/share/example_interfaces/cmake)
[2.439s] -- Found my_robots_interfaces: 0.0.0 (/home/electronica/ros2_ws/install/my_robots_interfaces/share/my_robots_interfaces/cmake)
[2.576s] -- Configuring done
[2.608s] -- Generating done
[2.611s] -- Build files have been written to: /home/electronica/ros2_ws/build/my_cpp_pkg
[2.625s] Invoked command in '/home/electronica/ros2_ws/build/my_cpp_pkg' returned '0': CMAKE_PREFIX_PATH=/home/electronica/ros2_ws/install/my_robots_interfaces:/home/electronica/ros2_ws/install/my_cpp_pkg:/home/electronica/ros2_ws/install/my_robot_bringup:/home/electronica/ros2_ws/install/turtlesim_catch_them_all:/home/electronica/ros2_ws/install/my_py_pkg:/opt/ros/humble /usr/bin/cmake /home/electronica/ros2_ws/src/my_cpp_pkg -DCMAKE_INSTALL_PREFIX=/home/electronica/ros2_ws/install/my_cpp_pkg
[2.628s] Invoking command in '/home/electronica/ros2_ws/build/my_cpp_pkg': CMAKE_PREFIX_PATH=/home/electronica/ros2_ws/install/my_robots_interfaces:/home/electronica/ros2_ws/install/my_cpp_pkg:/home/electronica/ros2_ws/install/my_robot_bringup:/home/electronica/ros2_ws/install/turtlesim_catch_them_all:/home/electronica/ros2_ws/install/my_py_pkg:/opt/ros/humble /usr/bin/cmake --build /home/electronica/ros2_ws/build/my_cpp_pkg -- -j8 -l8
[2.710s] [  8%] [32mBuilding CXX object CMakeFiles/robot_news_station.dir/src/robot_news_station.cpp.o[0m
[2.711s] [ 16%] [32mBuilding CXX object CMakeFiles/smartphone.dir/src/smartphone.cpp.o[0m
[2.712s] [ 25%] [32mBuilding CXX object CMakeFiles/add_two_ints_server.dir/src/add_two_ints_server.cpp.o[0m
[2.714s] [ 33%] [32mBuilding CXX object CMakeFiles/cpp_node.dir/src/my_first_node.cpp.o[0m
[2.716s] [ 41%] [32mBuilding CXX object CMakeFiles/add_two_ints_client.dir/src/add_two_ints_client.cpp.o[0m
[2.717s] [ 50%] [32mBuilding CXX object CMakeFiles/add_two_ints_client_no_oop.dir/src/add_two_ints_client_no_oop.cpp.o[0m
[10.998s] [ 58%] [32m[1mLinking CXX executable robot_news_station[0m
[11.109s] [ 66%] [32m[1mLinking CXX executable cpp_node[0m
[11.446s] [ 66%] Built target cpp_node
[11.604s] [ 66%] Built target robot_news_station
[12.017s] [ 75%] [32m[1mLinking CXX executable add_two_ints_server[0m
[12.173s] [ 83%] [32m[1mLinking CXX executable add_two_ints_client_no_oop[0m
[12.230s] [ 91%] [32m[1mLinking CXX executable add_two_ints_client[0m
[12.310s] [ 91%] Built target add_two_ints_server
[12.472s] [ 91%] Built target add_two_ints_client_no_oop
[12.517s] [ 91%] Built target add_two_ints_client
[16.827s] [100%] [32m[1mLinking CXX executable smartphone[0m
[17.388s] [100%] Built target smartphone
[17.409s] Invoked command in '/home/electronica/ros2_ws/build/my_cpp_pkg' returned '0': CMAKE_PREFIX_PATH=/home/electronica/ros2_ws/install/my_robots_interfaces:/home/electronica/ros2_ws/install/my_cpp_pkg:/home/electronica/ros2_ws/install/my_robot_bringup:/home/electronica/ros2_ws/install/turtlesim_catch_them_all:/home/electronica/ros2_ws/install/my_py_pkg:/opt/ros/humble /usr/bin/cmake --build /home/electronica/ros2_ws/build/my_cpp_pkg -- -j8 -l8
[17.471s] Invoking command in '/home/electronica/ros2_ws/build/my_cpp_pkg': CMAKE_PREFIX_PATH=/home/electronica/ros2_ws/install/my_robots_interfaces:/home/electronica/ros2_ws/install/my_cpp_pkg:/home/electronica/ros2_ws/install/my_robot_bringup:/home/electronica/ros2_ws/install/turtlesim_catch_them_all:/home/electronica/ros2_ws/install/my_py_pkg:/opt/ros/humble /usr/bin/cmake --install /home/electronica/ros2_ws/build/my_cpp_pkg
[17.482s] -- Install configuration: ""
[17.483s] -- Installing: /home/electronica/ros2_ws/install/my_cpp_pkg/lib/my_cpp_pkg/cpp_node
[17.484s] -- Set runtime path of "/home/electronica/ros2_ws/install/my_cpp_pkg/lib/my_cpp_pkg/cpp_node" to ""
[17.484s] -- Installing: /home/electronica/ros2_ws/install/my_cpp_pkg/lib/my_cpp_pkg/robot_news_station
[17.486s] -- Set runtime path of "/home/electronica/ros2_ws/install/my_cpp_pkg/lib/my_cpp_pkg/robot_news_station" to ""
[17.486s] -- Installing: /home/electronica/ros2_ws/install/my_cpp_pkg/lib/my_cpp_pkg/smartphone
[17.493s] -- Set runtime path of "/home/electronica/ros2_ws/install/my_cpp_pkg/lib/my_cpp_pkg/smartphone" to ""
[17.493s] -- Installing: /home/electronica/ros2_ws/install/my_cpp_pkg/lib/my_cpp_pkg/add_two_ints_server
[17.495s] -- Set runtime path of "/home/electronica/ros2_ws/install/my_cpp_pkg/lib/my_cpp_pkg/add_two_ints_server" to ""
[17.495s] -- Installing: /home/electronica/ros2_ws/install/my_cpp_pkg/lib/my_cpp_pkg/add_two_ints_client_no_oop
[17.497s] -- Set runtime path of "/home/electronica/ros2_ws/install/my_cpp_pkg/lib/my_cpp_pkg/add_two_ints_client_no_oop" to ""
[17.497s] -- Installing: /home/electronica/ros2_ws/install/my_cpp_pkg/lib/my_cpp_pkg/add_two_ints_client
[17.498s] -- Set runtime path of "/home/electronica/ros2_ws/install/my_cpp_pkg/lib/my_cpp_pkg/add_two_ints_client" to ""
[17.499s] -- Installing: /home/electronica/ros2_ws/install/my_cpp_pkg/share/ament_index/resource_index/package_run_dependencies/my_cpp_pkg
[17.499s] -- Installing: /home/electronica/ros2_ws/install/my_cpp_pkg/share/ament_index/resource_index/parent_prefix_path/my_cpp_pkg
[17.499s] -- Installing: /home/electronica/ros2_ws/install/my_cpp_pkg/share/my_cpp_pkg/environment/ament_prefix_path.sh
[17.499s] -- Installing: /home/electronica/ros2_ws/install/my_cpp_pkg/share/my_cpp_pkg/environment/ament_prefix_path.dsv
[17.499s] -- Installing: /home/electronica/ros2_ws/install/my_cpp_pkg/share/my_cpp_pkg/environment/path.sh
[17.500s] -- Installing: /home/electronica/ros2_ws/install/my_cpp_pkg/share/my_cpp_pkg/environment/path.dsv
[17.500s] -- Installing: /home/electronica/ros2_ws/install/my_cpp_pkg/share/my_cpp_pkg/local_setup.bash
[17.500s] -- Installing: /home/electronica/ros2_ws/install/my_cpp_pkg/share/my_cpp_pkg/local_setup.sh
[17.500s] -- Installing: /home/electronica/ros2_ws/install/my_cpp_pkg/share/my_cpp_pkg/local_setup.zsh
[17.500s] -- Installing: /home/electronica/ros2_ws/install/my_cpp_pkg/share/my_cpp_pkg/local_setup.dsv
[17.501s] -- Installing: /home/electronica/ros2_ws/install/my_cpp_pkg/share/my_cpp_pkg/package.dsv
[17.501s] -- Installing: /home/electronica/ros2_ws/install/my_cpp_pkg/share/ament_index/resource_index/packages/my_cpp_pkg
[17.501s] -- Installing: /home/electronica/ros2_ws/install/my_cpp_pkg/share/my_cpp_pkg/cmake/my_cpp_pkgConfig.cmake
[17.501s] -- Installing: /home/electronica/ros2_ws/install/my_cpp_pkg/share/my_cpp_pkg/cmake/my_cpp_pkgConfig-version.cmake
[17.501s] -- Installing: /home/electronica/ros2_ws/install/my_cpp_pkg/share/my_cpp_pkg/package.xml
[17.504s] Invoked command in '/home/electronica/ros2_ws/build/my_cpp_pkg' returned '0': CMAKE_PREFIX_PATH=/home/electronica/ros2_ws/install/my_robots_interfaces:/home/electronica/ros2_ws/install/my_cpp_pkg:/home/electronica/ros2_ws/install/my_robot_bringup:/home/electronica/ros2_ws/install/turtlesim_catch_them_all:/home/electronica/ros2_ws/install/my_py_pkg:/opt/ros/humble /usr/bin/cmake --install /home/electronica/ros2_ws/build/my_cpp_pkg
