[1.884s] Invoking command in '/home/electronica/ros2_ws/src/turtlesim_catch_them_all': PYTHONPATH=/home/electronica/ros2_ws/build/turtlesim_catch_them_all/prefix_override:/home/electronica/ros2_ws/install/turtlesim_catch_them_all/lib/python3.10/site-packages:${PYTHONPATH} /usr/bin/python3 setup.py egg_info --egg-base ../../build/turtlesim_catch_them_all build --build-base /home/electronica/ros2_ws/build/turtlesim_catch_them_all/build install --record /home/electronica/ros2_ws/build/turtlesim_catch_them_all/install.log --single-version-externally-managed
[2.345s] running egg_info
[2.348s] writing ../../build/turtlesim_catch_them_all/turtlesim_catch_them_all.egg-info/PKG-INFO
[2.348s] writing dependency_links to ../../build/turtlesim_catch_them_all/turtlesim_catch_them_all.egg-info/dependency_links.txt
[2.348s] writing entry points to ../../build/turtlesim_catch_them_all/turtlesim_catch_them_all.egg-info/entry_points.txt
[2.349s] writing requirements to ../../build/turtlesim_catch_them_all/turtlesim_catch_them_all.egg-info/requires.txt
[2.351s] writing top-level names to ../../build/turtlesim_catch_them_all/turtlesim_catch_them_all.egg-info/top_level.txt
[2.353s] reading manifest file '../../build/turtlesim_catch_them_all/turtlesim_catch_them_all.egg-info/SOURCES.txt'
[2.355s] writing manifest file '../../build/turtlesim_catch_them_all/turtlesim_catch_them_all.egg-info/SOURCES.txt'
[2.355s] running build
[2.356s] running build_py
[2.356s] running install
[2.358s] running install_lib
[2.360s] running install_data
[2.360s] running install_egg_info
[2.362s] removing '/home/electronica/ros2_ws/install/turtlesim_catch_them_all/lib/python3.10/site-packages/turtlesim_catch_them_all-0.0.0-py3.10.egg-info' (and everything under it)
[2.363s] Copying ../../build/turtlesim_catch_them_all/turtlesim_catch_them_all.egg-info to /home/electronica/ros2_ws/install/turtlesim_catch_them_all/lib/python3.10/site-packages/turtlesim_catch_them_all-0.0.0-py3.10.egg-info
[2.364s] running install_scripts
[2.391s] Installing turtle_controller script to /home/electronica/ros2_ws/install/turtlesim_catch_them_all/lib/turtlesim_catch_them_all
[2.391s] Installing turtle_spawner script to /home/electronica/ros2_ws/install/turtlesim_catch_them_all/lib/turtlesim_catch_them_all
[2.392s] writing list of installed files to '/home/electronica/ros2_ws/build/turtlesim_catch_them_all/install.log'
[2.473s] Invoked command in '/home/electronica/ros2_ws/src/turtlesim_catch_them_all' returned '0': PYTHONPATH=/home/electronica/ros2_ws/build/turtlesim_catch_them_all/prefix_override:/home/electronica/ros2_ws/install/turtlesim_catch_them_all/lib/python3.10/site-packages:${PYTHONPATH} /usr/bin/python3 setup.py egg_info --egg-base ../../build/turtlesim_catch_them_all build --build-base /home/electronica/ros2_ws/build/turtlesim_catch_them_all/build install --record /home/electronica/ros2_ws/build/turtlesim_catch_them_all/install.log --single-version-externally-managed
