[  1%] Built target my_robots_interfaces__cpp
[ 12%] Built target my_robots_interfaces__rosidl_generator_c
[ 12%] Built target ament_cmake_python_copy_my_robots_interfaces
[ 23%] Built target my_robots_interfaces__rosidl_typesupport_cpp
[ 35%] Built target my_robots_interfaces__rosidl_typesupport_c
[ 64%] Built target my_robots_interfaces__rosidl_typesupport_introspection_cpp
[ 69%] Built target my_robots_interfaces__rosidl_typesupport_fastrtps_cpp
[ 69%] Built target my_robots_interfaces__rosidl_typesupport_introspection_c
[ 80%] Built target my_robots_interfaces__rosidl_typesupport_fastrtps_c
[ 80%] Built target my_robots_interfaces
[ 81%] Built target my_robots_interfaces__py
[ 91%] Built target my_robots_interfaces__rosidl_generator_py
[100%] Built target my_robots_interfaces__rosidl_typesupport_introspection_c__pyext
[100%] Built target my_robots_interfaces__rosidl_typesupport_fastrtps_c__pyext
[100%] Built target my_robots_interfaces__rosidl_typesupport_c__pyext
running egg_info
writing my_robots_interfaces.egg-info/PKG-INFO
writing dependency_links to my_robots_interfaces.egg-info/dependency_links.txt
writing top-level names to my_robots_interfaces.egg-info/top_level.txt
reading manifest file 'my_robots_interfaces.egg-info/SOURCES.txt'
writing manifest file 'my_robots_interfaces.egg-info/SOURCES.txt'
[100%] Built target ament_cmake_python_build_my_robots_interfaces_egg
-- Install configuration: ""
-- Up-to-date: /home/electronica/ros2_ws/install/my_robots_interfaces/share/ament_index/resource_index/rosidl_interfaces/my_robots_interfaces
-- Up-to-date: /home/electronica/ros2_ws/install/my_robots_interfaces/include/my_robots_interfaces/my_robots_interfaces
-- Up-to-date: /home/electronica/ros2_ws/install/my_robots_interfaces/include/my_robots_interfaces/my_robots_interfaces/msg
-- Up-to-date: /home/electronica/ros2_ws/install/my_robots_interfaces/include/my_robots_interfaces/my_robots_interfaces/msg/turtle.h
-- Up-to-date: /home/electronica/ros2_ws/install/my_robots_interfaces/include/my_robots_interfaces/my_robots_interfaces/msg/led_state_array.h
-- Up-to-date: /home/electronica/ros2_ws/install/my_robots_interfaces/include/my_robots_interfaces/my_robots_interfaces/msg/rosidl_generator_c__visibility_control.h
-- Up-to-date: /home/electronica/ros2_ws/install/my_robots_interfaces/include/my_robots_interfaces/my_robots_interfaces/msg/turtle_array.h
-- Up-to-date: /home/electronica/ros2_ws/install/my_robots_interfaces/include/my_robots_interfaces/my_robots_interfaces/msg/hardware_status.h
-- Up-to-date: /home/electronica/ros2_ws/install/my_robots_interfaces/include/my_robots_interfaces/my_robots_interfaces/msg/detail
-- Up-to-date: /home/electronica/ros2_ws/install/my_robots_interfaces/include/my_robots_interfaces/my_robots_interfaces/msg/detail/turtle__type_support.h
-- Up-to-date: /home/electronica/ros2_ws/install/my_robots_interfaces/include/my_robots_interfaces/my_robots_interfaces/msg/detail/turtle_array__functions.c
-- Up-to-date: /home/electronica/ros2_ws/install/my_robots_interfaces/include/my_robots_interfaces/my_robots_interfaces/msg/detail/turtle__functions.h
-- Up-to-date: /home/electronica/ros2_ws/install/my_robots_interfaces/include/my_robots_interfaces/my_robots_interfaces/msg/detail/turtle__struct.h
-- Up-to-date: /home/electronica/ros2_ws/install/my_robots_interfaces/include/my_robots_interfaces/my_robots_interfaces/msg/detail/led_state_array__functions.c
-- Up-to-date: /home/electronica/ros2_ws/install/my_robots_interfaces/include/my_robots_interfaces/my_robots_interfaces/msg/detail/turtle_array__functions.h
-- Up-to-date: /home/electronica/ros2_ws/install/my_robots_interfaces/include/my_robots_interfaces/my_robots_interfaces/msg/detail/led_state_array__struct.h
-- Up-to-date: /home/electronica/ros2_ws/install/my_robots_interfaces/include/my_robots_interfaces/my_robots_interfaces/msg/detail/turtle__functions.c
-- Up-to-date: /home/electronica/ros2_ws/install/my_robots_interfaces/include/my_robots_interfaces/my_robots_interfaces/msg/detail/hardware_status__struct.h
-- Up-to-date: /home/electronica/ros2_ws/install/my_robots_interfaces/include/my_robots_interfaces/my_robots_interfaces/msg/detail/hardware_status__functions.c
-- Up-to-date: /home/electronica/ros2_ws/install/my_robots_interfaces/include/my_robots_interfaces/my_robots_interfaces/msg/detail/led_state_array__type_support.h
-- Up-to-date: /home/electronica/ros2_ws/install/my_robots_interfaces/include/my_robots_interfaces/my_robots_interfaces/msg/detail/led_state_array__functions.h
-- Up-to-date: /home/electronica/ros2_ws/install/my_robots_interfaces/include/my_robots_interfaces/my_robots_interfaces/msg/detail/hardware_status__type_support.h
-- Up-to-date: /home/electronica/ros2_ws/install/my_robots_interfaces/include/my_robots_interfaces/my_robots_interfaces/msg/detail/hardware_status__functions.h
-- Up-to-date: /home/electronica/ros2_ws/install/my_robots_interfaces/include/my_robots_interfaces/my_robots_interfaces/msg/detail/turtle_array__struct.h
-- Up-to-date: /home/electronica/ros2_ws/install/my_robots_interfaces/include/my_robots_interfaces/my_robots_interfaces/msg/detail/turtle_array__type_support.h
-- Up-to-date: /home/electronica/ros2_ws/install/my_robots_interfaces/include/my_robots_interfaces/my_robots_interfaces/srv
-- Up-to-date: /home/electronica/ros2_ws/install/my_robots_interfaces/include/my_robots_interfaces/my_robots_interfaces/srv/compute_rectangle_area.h
-- Up-to-date: /home/electronica/ros2_ws/install/my_robots_interfaces/include/my_robots_interfaces/my_robots_interfaces/srv/set_leds_staus.h
-- Up-to-date: /home/electronica/ros2_ws/install/my_robots_interfaces/include/my_robots_interfaces/my_robots_interfaces/srv/detail
-- Up-to-date: /home/electronica/ros2_ws/install/my_robots_interfaces/include/my_robots_interfaces/my_robots_interfaces/srv/detail/set_leds_staus__type_support.h
-- Up-to-date: /home/electronica/ros2_ws/install/my_robots_interfaces/include/my_robots_interfaces/my_robots_interfaces/srv/detail/compute_rectangle_area__struct.h
-- Up-to-date: /home/electronica/ros2_ws/install/my_robots_interfaces/include/my_robots_interfaces/my_robots_interfaces/srv/detail/set_leds_staus__functions.h
-- Up-to-date: /home/electronica/ros2_ws/install/my_robots_interfaces/include/my_robots_interfaces/my_robots_interfaces/srv/detail/set_leds_staus__functions.c
-- Up-to-date: /home/electronica/ros2_ws/install/my_robots_interfaces/include/my_robots_interfaces/my_robots_interfaces/srv/detail/compute_rectangle_area__functions.h
-- Up-to-date: /home/electronica/ros2_ws/install/my_robots_interfaces/include/my_robots_interfaces/my_robots_interfaces/srv/detail/set_leds_staus__struct.h
-- Up-to-date: /home/electronica/ros2_ws/install/my_robots_interfaces/include/my_robots_interfaces/my_robots_interfaces/srv/detail/compute_rectangle_area__functions.c
-- Up-to-date: /home/electronica/ros2_ws/install/my_robots_interfaces/include/my_robots_interfaces/my_robots_interfaces/srv/detail/compute_rectangle_area__type_support.h
-- Up-to-date: /home/electronica/ros2_ws/install/my_robots_interfaces/share/my_robots_interfaces/environment/library_path.sh
-- Up-to-date: /home/electronica/ros2_ws/install/my_robots_interfaces/share/my_robots_interfaces/environment/library_path.dsv
-- Up-to-date: /home/electronica/ros2_ws/install/my_robots_interfaces/lib/libmy_robots_interfaces__rosidl_generator_c.so
-- Up-to-date: /home/electronica/ros2_ws/install/my_robots_interfaces/include/my_robots_interfaces/my_robots_interfaces
-- Up-to-date: /home/electronica/ros2_ws/install/my_robots_interfaces/include/my_robots_interfaces/my_robots_interfaces/msg
-- Up-to-date: /home/electronica/ros2_ws/install/my_robots_interfaces/include/my_robots_interfaces/my_robots_interfaces/msg/rosidl_typesupport_fastrtps_c__visibility_control.h
-- Up-to-date: /home/electronica/ros2_ws/install/my_robots_interfaces/include/my_robots_interfaces/my_robots_interfaces/msg/detail
-- Up-to-date: /home/electronica/ros2_ws/install/my_robots_interfaces/include/my_robots_interfaces/my_robots_interfaces/msg/detail/turtle_array__rosidl_typesupport_fastrtps_c.h
-- Up-to-date: /home/electronica/ros2_ws/install/my_robots_interfaces/include/my_robots_interfaces/my_robots_interfaces/msg/detail/led_state_array__rosidl_typesupport_fastrtps_c.h
-- Up-to-date: /home/electronica/ros2_ws/install/my_robots_interfaces/include/my_robots_interfaces/my_robots_interfaces/msg/detail/turtle__rosidl_typesupport_fastrtps_c.h
-- Up-to-date: /home/electronica/ros2_ws/install/my_robots_interfaces/include/my_robots_interfaces/my_robots_interfaces/msg/detail/hardware_status__rosidl_typesupport_fastrtps_c.h
-- Up-to-date: /home/electronica/ros2_ws/install/my_robots_interfaces/include/my_robots_interfaces/my_robots_interfaces/srv
-- Up-to-date: /home/electronica/ros2_ws/install/my_robots_interfaces/include/my_robots_interfaces/my_robots_interfaces/srv/detail
-- Up-to-date: /home/electronica/ros2_ws/install/my_robots_interfaces/include/my_robots_interfaces/my_robots_interfaces/srv/detail/set_leds_staus__rosidl_typesupport_fastrtps_c.h
-- Up-to-date: /home/electronica/ros2_ws/install/my_robots_interfaces/include/my_robots_interfaces/my_robots_interfaces/srv/detail/compute_rectangle_area__rosidl_typesupport_fastrtps_c.h
-- Up-to-date: /home/electronica/ros2_ws/install/my_robots_interfaces/lib/libmy_robots_interfaces__rosidl_typesupport_fastrtps_c.so
-- Up-to-date: /home/electronica/ros2_ws/install/my_robots_interfaces/include/my_robots_interfaces/my_robots_interfaces
-- Up-to-date: /home/electronica/ros2_ws/install/my_robots_interfaces/include/my_robots_interfaces/my_robots_interfaces/msg
-- Up-to-date: /home/electronica/ros2_ws/install/my_robots_interfaces/include/my_robots_interfaces/my_robots_interfaces/msg/rosidl_typesupport_introspection_c__visibility_control.h
-- Up-to-date: /home/electronica/ros2_ws/install/my_robots_interfaces/include/my_robots_interfaces/my_robots_interfaces/msg/detail
-- Up-to-date: /home/electronica/ros2_ws/install/my_robots_interfaces/include/my_robots_interfaces/my_robots_interfaces/msg/detail/turtle_array__type_support.c
-- Up-to-date: /home/electronica/ros2_ws/install/my_robots_interfaces/include/my_robots_interfaces/my_robots_interfaces/msg/detail/led_state_array__type_support.c
-- Up-to-date: /home/electronica/ros2_ws/install/my_robots_interfaces/include/my_robots_interfaces/my_robots_interfaces/msg/detail/turtle__type_support.c
-- Up-to-date: /home/electronica/ros2_ws/install/my_robots_interfaces/include/my_robots_interfaces/my_robots_interfaces/msg/detail/turtle_array__rosidl_typesupport_introspection_c.h
-- Up-to-date: /home/electronica/ros2_ws/install/my_robots_interfaces/include/my_robots_interfaces/my_robots_interfaces/msg/detail/led_state_array__rosidl_typesupport_introspection_c.h
-- Up-to-date: /home/electronica/ros2_ws/install/my_robots_interfaces/include/my_robots_interfaces/my_robots_interfaces/msg/detail/turtle__rosidl_typesupport_introspection_c.h
-- Up-to-date: /home/electronica/ros2_ws/install/my_robots_interfaces/include/my_robots_interfaces/my_robots_interfaces/msg/detail/hardware_status__type_support.c
-- Up-to-date: /home/electronica/ros2_ws/install/my_robots_interfaces/include/my_robots_interfaces/my_robots_interfaces/msg/detail/hardware_status__rosidl_typesupport_introspection_c.h
-- Up-to-date: /home/electronica/ros2_ws/install/my_robots_interfaces/include/my_robots_interfaces/my_robots_interfaces/srv
-- Up-to-date: /home/electronica/ros2_ws/install/my_robots_interfaces/include/my_robots_interfaces/my_robots_interfaces/srv/detail
-- Up-to-date: /home/electronica/ros2_ws/install/my_robots_interfaces/include/my_robots_interfaces/my_robots_interfaces/srv/detail/compute_rectangle_area__type_support.c
-- Up-to-date: /home/electronica/ros2_ws/install/my_robots_interfaces/include/my_robots_interfaces/my_robots_interfaces/srv/detail/compute_rectangle_area__rosidl_typesupport_introspection_c.h
-- Up-to-date: /home/electronica/ros2_ws/install/my_robots_interfaces/include/my_robots_interfaces/my_robots_interfaces/srv/detail/set_leds_staus__rosidl_typesupport_introspection_c.h
-- Up-to-date: /home/electronica/ros2_ws/install/my_robots_interfaces/include/my_robots_interfaces/my_robots_interfaces/srv/detail/set_leds_staus__type_support.c
-- Up-to-date: /home/electronica/ros2_ws/install/my_robots_interfaces/lib/libmy_robots_interfaces__rosidl_typesupport_introspection_c.so
-- Up-to-date: /home/electronica/ros2_ws/install/my_robots_interfaces/lib/libmy_robots_interfaces__rosidl_typesupport_c.so
-- Up-to-date: /home/electronica/ros2_ws/install/my_robots_interfaces/include/my_robots_interfaces/my_robots_interfaces
-- Up-to-date: /home/electronica/ros2_ws/install/my_robots_interfaces/include/my_robots_interfaces/my_robots_interfaces/msg
-- Up-to-date: /home/electronica/ros2_ws/install/my_robots_interfaces/include/my_robots_interfaces/my_robots_interfaces/msg/turtle.hpp
-- Up-to-date: /home/electronica/ros2_ws/install/my_robots_interfaces/include/my_robots_interfaces/my_robots_interfaces/msg/led_state_array.hpp
-- Up-to-date: /home/electronica/ros2_ws/install/my_robots_interfaces/include/my_robots_interfaces/my_robots_interfaces/msg/turtle_array.hpp
-- Up-to-date: /home/electronica/ros2_ws/install/my_robots_interfaces/include/my_robots_interfaces/my_robots_interfaces/msg/detail
-- Up-to-date: /home/electronica/ros2_ws/install/my_robots_interfaces/include/my_robots_interfaces/my_robots_interfaces/msg/detail/turtle_array__struct.hpp
-- Up-to-date: /home/electronica/ros2_ws/install/my_robots_interfaces/include/my_robots_interfaces/my_robots_interfaces/msg/detail/turtle__builder.hpp
-- Up-to-date: /home/electronica/ros2_ws/install/my_robots_interfaces/include/my_robots_interfaces/my_robots_interfaces/msg/detail/turtle__struct.hpp
-- Up-to-date: /home/electronica/ros2_ws/install/my_robots_interfaces/include/my_robots_interfaces/my_robots_interfaces/msg/detail/led_state_array__builder.hpp
-- Up-to-date: /home/electronica/ros2_ws/install/my_robots_interfaces/include/my_robots_interfaces/my_robots_interfaces/msg/detail/led_state_array__struct.hpp
-- Up-to-date: /home/electronica/ros2_ws/install/my_robots_interfaces/include/my_robots_interfaces/my_robots_interfaces/msg/detail/hardware_status__traits.hpp
-- Up-to-date: /home/electronica/ros2_ws/install/my_robots_interfaces/include/my_robots_interfaces/my_robots_interfaces/msg/detail/turtle__traits.hpp
-- Up-to-date: /home/electronica/ros2_ws/install/my_robots_interfaces/include/my_robots_interfaces/my_robots_interfaces/msg/detail/hardware_status__builder.hpp
-- Up-to-date: /home/electronica/ros2_ws/install/my_robots_interfaces/include/my_robots_interfaces/my_robots_interfaces/msg/detail/hardware_status__struct.hpp
-- Up-to-date: /home/electronica/ros2_ws/install/my_robots_interfaces/include/my_robots_interfaces/my_robots_interfaces/msg/detail/turtle_array__builder.hpp
-- Up-to-date: /home/electronica/ros2_ws/install/my_robots_interfaces/include/my_robots_interfaces/my_robots_interfaces/msg/detail/led_state_array__traits.hpp
-- Up-to-date: /home/electronica/ros2_ws/install/my_robots_interfaces/include/my_robots_interfaces/my_robots_interfaces/msg/detail/turtle_array__traits.hpp
-- Up-to-date: /home/electronica/ros2_ws/install/my_robots_interfaces/include/my_robots_interfaces/my_robots_interfaces/msg/hardware_status.hpp
-- Up-to-date: /home/electronica/ros2_ws/install/my_robots_interfaces/include/my_robots_interfaces/my_robots_interfaces/srv
-- Up-to-date: /home/electronica/ros2_ws/install/my_robots_interfaces/include/my_robots_interfaces/my_robots_interfaces/srv/compute_rectangle_area.hpp
-- Up-to-date: /home/electronica/ros2_ws/install/my_robots_interfaces/include/my_robots_interfaces/my_robots_interfaces/srv/detail
-- Up-to-date: /home/electronica/ros2_ws/install/my_robots_interfaces/include/my_robots_interfaces/my_robots_interfaces/srv/detail/set_leds_staus__struct.hpp
-- Up-to-date: /home/electronica/ros2_ws/install/my_robots_interfaces/include/my_robots_interfaces/my_robots_interfaces/srv/detail/compute_rectangle_area__builder.hpp
-- Up-to-date: /home/electronica/ros2_ws/install/my_robots_interfaces/include/my_robots_interfaces/my_robots_interfaces/srv/detail/compute_rectangle_area__traits.hpp
-- Up-to-date: /home/electronica/ros2_ws/install/my_robots_interfaces/include/my_robots_interfaces/my_robots_interfaces/srv/detail/compute_rectangle_area__struct.hpp
-- Up-to-date: /home/electronica/ros2_ws/install/my_robots_interfaces/include/my_robots_interfaces/my_robots_interfaces/srv/detail/set_leds_staus__builder.hpp
-- Up-to-date: /home/electronica/ros2_ws/install/my_robots_interfaces/include/my_robots_interfaces/my_robots_interfaces/srv/detail/set_leds_staus__traits.hpp
-- Up-to-date: /home/electronica/ros2_ws/install/my_robots_interfaces/include/my_robots_interfaces/my_robots_interfaces/srv/set_leds_staus.hpp
-- Up-to-date: /home/electronica/ros2_ws/install/my_robots_interfaces/include/my_robots_interfaces/my_robots_interfaces
-- Up-to-date: /home/electronica/ros2_ws/install/my_robots_interfaces/include/my_robots_interfaces/my_robots_interfaces/msg
-- Up-to-date: /home/electronica/ros2_ws/install/my_robots_interfaces/include/my_robots_interfaces/my_robots_interfaces/msg/rosidl_typesupport_fastrtps_cpp__visibility_control.h
-- Up-to-date: /home/electronica/ros2_ws/install/my_robots_interfaces/include/my_robots_interfaces/my_robots_interfaces/msg/detail
-- Up-to-date: /home/electronica/ros2_ws/install/my_robots_interfaces/include/my_robots_interfaces/my_robots_interfaces/msg/detail/hardware_status__rosidl_typesupport_fastrtps_cpp.hpp
-- Up-to-date: /home/electronica/ros2_ws/install/my_robots_interfaces/include/my_robots_interfaces/my_robots_interfaces/msg/detail/turtle_array__rosidl_typesupport_fastrtps_cpp.hpp
-- Up-to-date: /home/electronica/ros2_ws/install/my_robots_interfaces/include/my_robots_interfaces/my_robots_interfaces/msg/detail/led_state_array__rosidl_typesupport_fastrtps_cpp.hpp
-- Up-to-date: /home/electronica/ros2_ws/install/my_robots_interfaces/include/my_robots_interfaces/my_robots_interfaces/msg/detail/turtle__rosidl_typesupport_fastrtps_cpp.hpp
-- Up-to-date: /home/electronica/ros2_ws/install/my_robots_interfaces/include/my_robots_interfaces/my_robots_interfaces/msg/detail/dds_fastrtps
-- Up-to-date: /home/electronica/ros2_ws/install/my_robots_interfaces/include/my_robots_interfaces/my_robots_interfaces/srv
-- Up-to-date: /home/electronica/ros2_ws/install/my_robots_interfaces/include/my_robots_interfaces/my_robots_interfaces/srv/detail
-- Up-to-date: /home/electronica/ros2_ws/install/my_robots_interfaces/include/my_robots_interfaces/my_robots_interfaces/srv/detail/set_leds_staus__rosidl_typesupport_fastrtps_cpp.hpp
-- Up-to-date: /home/electronica/ros2_ws/install/my_robots_interfaces/include/my_robots_interfaces/my_robots_interfaces/srv/detail/compute_rectangle_area__rosidl_typesupport_fastrtps_cpp.hpp
-- Up-to-date: /home/electronica/ros2_ws/install/my_robots_interfaces/include/my_robots_interfaces/my_robots_interfaces/srv/detail/dds_fastrtps
-- Up-to-date: /home/electronica/ros2_ws/install/my_robots_interfaces/lib/libmy_robots_interfaces__rosidl_typesupport_fastrtps_cpp.so
-- Up-to-date: /home/electronica/ros2_ws/install/my_robots_interfaces/include/my_robots_interfaces/my_robots_interfaces
-- Up-to-date: /home/electronica/ros2_ws/install/my_robots_interfaces/include/my_robots_interfaces/my_robots_interfaces/msg
-- Up-to-date: /home/electronica/ros2_ws/install/my_robots_interfaces/include/my_robots_interfaces/my_robots_interfaces/msg/detail
-- Up-to-date: /home/electronica/ros2_ws/install/my_robots_interfaces/include/my_robots_interfaces/my_robots_interfaces/msg/detail/turtle_array__rosidl_typesupport_introspection_cpp.hpp
-- Up-to-date: /home/electronica/ros2_ws/install/my_robots_interfaces/include/my_robots_interfaces/my_robots_interfaces/msg/detail/turtle_array__type_support.cpp
-- Up-to-date: /home/electronica/ros2_ws/install/my_robots_interfaces/include/my_robots_interfaces/my_robots_interfaces/msg/detail/led_state_array__rosidl_typesupport_introspection_cpp.hpp
-- Up-to-date: /home/electronica/ros2_ws/install/my_robots_interfaces/include/my_robots_interfaces/my_robots_interfaces/msg/detail/turtle__rosidl_typesupport_introspection_cpp.hpp
-- Up-to-date: /home/electronica/ros2_ws/install/my_robots_interfaces/include/my_robots_interfaces/my_robots_interfaces/msg/detail/hardware_status__rosidl_typesupport_introspection_cpp.hpp
-- Up-to-date: /home/electronica/ros2_ws/install/my_robots_interfaces/include/my_robots_interfaces/my_robots_interfaces/msg/detail/led_state_array__type_support.cpp
-- Up-to-date: /home/electronica/ros2_ws/install/my_robots_interfaces/include/my_robots_interfaces/my_robots_interfaces/msg/detail/turtle__type_support.cpp
-- Up-to-date: /home/electronica/ros2_ws/install/my_robots_interfaces/include/my_robots_interfaces/my_robots_interfaces/msg/detail/hardware_status__type_support.cpp
-- Up-to-date: /home/electronica/ros2_ws/install/my_robots_interfaces/include/my_robots_interfaces/my_robots_interfaces/srv
-- Up-to-date: /home/electronica/ros2_ws/install/my_robots_interfaces/include/my_robots_interfaces/my_robots_interfaces/srv/detail
-- Up-to-date: /home/electronica/ros2_ws/install/my_robots_interfaces/include/my_robots_interfaces/my_robots_interfaces/srv/detail/set_leds_staus__type_support.cpp
-- Up-to-date: /home/electronica/ros2_ws/install/my_robots_interfaces/include/my_robots_interfaces/my_robots_interfaces/srv/detail/set_leds_staus__rosidl_typesupport_introspection_cpp.hpp
-- Up-to-date: /home/electronica/ros2_ws/install/my_robots_interfaces/include/my_robots_interfaces/my_robots_interfaces/srv/detail/compute_rectangle_area__rosidl_typesupport_introspection_cpp.hpp
-- Up-to-date: /home/electronica/ros2_ws/install/my_robots_interfaces/include/my_robots_interfaces/my_robots_interfaces/srv/detail/compute_rectangle_area__type_support.cpp
-- Up-to-date: /home/electronica/ros2_ws/install/my_robots_interfaces/lib/libmy_robots_interfaces__rosidl_typesupport_introspection_cpp.so
-- Up-to-date: /home/electronica/ros2_ws/install/my_robots_interfaces/lib/libmy_robots_interfaces__rosidl_typesupport_cpp.so
-- Up-to-date: /home/electronica/ros2_ws/install/my_robots_interfaces/share/my_robots_interfaces/environment/pythonpath.sh
-- Up-to-date: /home/electronica/ros2_ws/install/my_robots_interfaces/share/my_robots_interfaces/environment/pythonpath.dsv
-- Up-to-date: /home/electronica/ros2_ws/install/my_robots_interfaces/local/lib/python3.10/dist-packages/my_robots_interfaces-0.0.0-py3.10.egg-info
-- Installing: /home/electronica/ros2_ws/install/my_robots_interfaces/local/lib/python3.10/dist-packages/my_robots_interfaces-0.0.0-py3.10.egg-info/SOURCES.txt
-- Installing: /home/electronica/ros2_ws/install/my_robots_interfaces/local/lib/python3.10/dist-packages/my_robots_interfaces-0.0.0-py3.10.egg-info/dependency_links.txt
-- Installing: /home/electronica/ros2_ws/install/my_robots_interfaces/local/lib/python3.10/dist-packages/my_robots_interfaces-0.0.0-py3.10.egg-info/PKG-INFO
-- Installing: /home/electronica/ros2_ws/install/my_robots_interfaces/local/lib/python3.10/dist-packages/my_robots_interfaces-0.0.0-py3.10.egg-info/top_level.txt
-- Up-to-date: /home/electronica/ros2_ws/install/my_robots_interfaces/local/lib/python3.10/dist-packages/my_robots_interfaces
-- Up-to-date: /home/electronica/ros2_ws/install/my_robots_interfaces/local/lib/python3.10/dist-packages/my_robots_interfaces/my_robots_interfaces_s__rosidl_typesupport_c.cpython-310-x86_64-linux-gnu.so
-- Up-to-date: /home/electronica/ros2_ws/install/my_robots_interfaces/local/lib/python3.10/dist-packages/my_robots_interfaces/msg
-- Up-to-date: /home/electronica/ros2_ws/install/my_robots_interfaces/local/lib/python3.10/dist-packages/my_robots_interfaces/msg/_turtle_array_s.c
-- Up-to-date: /home/electronica/ros2_ws/install/my_robots_interfaces/local/lib/python3.10/dist-packages/my_robots_interfaces/msg/__init__.py
-- Up-to-date: /home/electronica/ros2_ws/install/my_robots_interfaces/local/lib/python3.10/dist-packages/my_robots_interfaces/msg/_hardware_status.py
-- Up-to-date: /home/electronica/ros2_ws/install/my_robots_interfaces/local/lib/python3.10/dist-packages/my_robots_interfaces/msg/_turtle_s.c
-- Up-to-date: /home/electronica/ros2_ws/install/my_robots_interfaces/local/lib/python3.10/dist-packages/my_robots_interfaces/msg/_hardware_status_s.c
-- Up-to-date: /home/electronica/ros2_ws/install/my_robots_interfaces/local/lib/python3.10/dist-packages/my_robots_interfaces/msg/_turtle.py
-- Up-to-date: /home/electronica/ros2_ws/install/my_robots_interfaces/local/lib/python3.10/dist-packages/my_robots_interfaces/msg/_led_state_array_s.c
-- Up-to-date: /home/electronica/ros2_ws/install/my_robots_interfaces/local/lib/python3.10/dist-packages/my_robots_interfaces/msg/_led_state_array.py
-- Up-to-date: /home/electronica/ros2_ws/install/my_robots_interfaces/local/lib/python3.10/dist-packages/my_robots_interfaces/msg/_turtle_array.py
-- Up-to-date: /home/electronica/ros2_ws/install/my_robots_interfaces/local/lib/python3.10/dist-packages/my_robots_interfaces/_my_robots_interfaces_s.ep.rosidl_typesupport_fastrtps_c.c
-- Up-to-date: /home/electronica/ros2_ws/install/my_robots_interfaces/local/lib/python3.10/dist-packages/my_robots_interfaces/__init__.py
-- Up-to-date: /home/electronica/ros2_ws/install/my_robots_interfaces/local/lib/python3.10/dist-packages/my_robots_interfaces/_my_robots_interfaces_s.ep.rosidl_typesupport_c.c
-- Up-to-date: /home/electronica/ros2_ws/install/my_robots_interfaces/local/lib/python3.10/dist-packages/my_robots_interfaces/libmy_robots_interfaces__rosidl_generator_py.so
-- Up-to-date: /home/electronica/ros2_ws/install/my_robots_interfaces/local/lib/python3.10/dist-packages/my_robots_interfaces/_my_robots_interfaces_s.ep.rosidl_typesupport_introspection_c.c
-- Up-to-date: /home/electronica/ros2_ws/install/my_robots_interfaces/local/lib/python3.10/dist-packages/my_robots_interfaces/my_robots_interfaces_s__rosidl_typesupport_introspection_c.cpython-310-x86_64-linux-gnu.so
-- Up-to-date: /home/electronica/ros2_ws/install/my_robots_interfaces/local/lib/python3.10/dist-packages/my_robots_interfaces/my_robots_interfaces_s__rosidl_typesupport_fastrtps_c.cpython-310-x86_64-linux-gnu.so
-- Up-to-date: /home/electronica/ros2_ws/install/my_robots_interfaces/local/lib/python3.10/dist-packages/my_robots_interfaces/srv
-- Up-to-date: /home/electronica/ros2_ws/install/my_robots_interfaces/local/lib/python3.10/dist-packages/my_robots_interfaces/srv/__init__.py
-- Up-to-date: /home/electronica/ros2_ws/install/my_robots_interfaces/local/lib/python3.10/dist-packages/my_robots_interfaces/srv/_set_leds_staus.py
-- Up-to-date: /home/electronica/ros2_ws/install/my_robots_interfaces/local/lib/python3.10/dist-packages/my_robots_interfaces/srv/_set_leds_staus_s.c
-- Up-to-date: /home/electronica/ros2_ws/install/my_robots_interfaces/local/lib/python3.10/dist-packages/my_robots_interfaces/srv/_compute_rectangle_area_s.c
-- Up-to-date: /home/electronica/ros2_ws/install/my_robots_interfaces/local/lib/python3.10/dist-packages/my_robots_interfaces/srv/_compute_rectangle_area.py
Listing '/home/electronica/ros2_ws/install/my_robots_interfaces/local/lib/python3.10/dist-packages/my_robots_interfaces'...
Listing '/home/electronica/ros2_ws/install/my_robots_interfaces/local/lib/python3.10/dist-packages/my_robots_interfaces/msg'...
Listing '/home/electronica/ros2_ws/install/my_robots_interfaces/local/lib/python3.10/dist-packages/my_robots_interfaces/srv'...
-- Up-to-date: /home/electronica/ros2_ws/install/my_robots_interfaces/local/lib/python3.10/dist-packages/my_robots_interfaces/my_robots_interfaces_s__rosidl_typesupport_fastrtps_c.cpython-310-x86_64-linux-gnu.so
-- Up-to-date: /home/electronica/ros2_ws/install/my_robots_interfaces/local/lib/python3.10/dist-packages/my_robots_interfaces/my_robots_interfaces_s__rosidl_typesupport_introspection_c.cpython-310-x86_64-linux-gnu.so
-- Up-to-date: /home/electronica/ros2_ws/install/my_robots_interfaces/local/lib/python3.10/dist-packages/my_robots_interfaces/my_robots_interfaces_s__rosidl_typesupport_c.cpython-310-x86_64-linux-gnu.so
-- Up-to-date: /home/electronica/ros2_ws/install/my_robots_interfaces/lib/libmy_robots_interfaces__rosidl_generator_py.so
-- Up-to-date: /home/electronica/ros2_ws/install/my_robots_interfaces/share/my_robots_interfaces/msg/HardwareStatus.idl
-- Up-to-date: /home/electronica/ros2_ws/install/my_robots_interfaces/share/my_robots_interfaces/msg/LedStateArray.idl
-- Up-to-date: /home/electronica/ros2_ws/install/my_robots_interfaces/share/my_robots_interfaces/msg/Turtle.idl
-- Up-to-date: /home/electronica/ros2_ws/install/my_robots_interfaces/share/my_robots_interfaces/msg/TurtleArray.idl
-- Up-to-date: /home/electronica/ros2_ws/install/my_robots_interfaces/share/my_robots_interfaces/srv/ComputeRectangleArea.idl
-- Up-to-date: /home/electronica/ros2_ws/install/my_robots_interfaces/share/my_robots_interfaces/srv/SetLedsStaus.idl
-- Up-to-date: /home/electronica/ros2_ws/install/my_robots_interfaces/share/my_robots_interfaces/msg/HardwareStatus.msg
-- Up-to-date: /home/electronica/ros2_ws/install/my_robots_interfaces/share/my_robots_interfaces/msg/LedStateArray.msg
-- Up-to-date: /home/electronica/ros2_ws/install/my_robots_interfaces/share/my_robots_interfaces/msg/Turtle.msg
-- Up-to-date: /home/electronica/ros2_ws/install/my_robots_interfaces/share/my_robots_interfaces/msg/TurtleArray.msg
-- Up-to-date: /home/electronica/ros2_ws/install/my_robots_interfaces/share/my_robots_interfaces/srv/ComputeRectangleArea.srv
-- Up-to-date: /home/electronica/ros2_ws/install/my_robots_interfaces/share/my_robots_interfaces/srv/ComputeRectangleArea_Request.msg
-- Up-to-date: /home/electronica/ros2_ws/install/my_robots_interfaces/share/my_robots_interfaces/srv/ComputeRectangleArea_Response.msg
-- Up-to-date: /home/electronica/ros2_ws/install/my_robots_interfaces/share/my_robots_interfaces/srv/SetLedsStaus.srv
-- Up-to-date: /home/electronica/ros2_ws/install/my_robots_interfaces/share/my_robots_interfaces/srv/SetLedsStaus_Request.msg
-- Up-to-date: /home/electronica/ros2_ws/install/my_robots_interfaces/share/my_robots_interfaces/srv/SetLedsStaus_Response.msg
-- Up-to-date: /home/electronica/ros2_ws/install/my_robots_interfaces/share/ament_index/resource_index/package_run_dependencies/my_robots_interfaces
-- Up-to-date: /home/electronica/ros2_ws/install/my_robots_interfaces/share/ament_index/resource_index/parent_prefix_path/my_robots_interfaces
-- Up-to-date: /home/electronica/ros2_ws/install/my_robots_interfaces/share/my_robots_interfaces/environment/ament_prefix_path.sh
-- Up-to-date: /home/electronica/ros2_ws/install/my_robots_interfaces/share/my_robots_interfaces/environment/ament_prefix_path.dsv
-- Up-to-date: /home/electronica/ros2_ws/install/my_robots_interfaces/share/my_robots_interfaces/environment/path.sh
-- Up-to-date: /home/electronica/ros2_ws/install/my_robots_interfaces/share/my_robots_interfaces/environment/path.dsv
-- Up-to-date: /home/electronica/ros2_ws/install/my_robots_interfaces/share/my_robots_interfaces/local_setup.bash
-- Up-to-date: /home/electronica/ros2_ws/install/my_robots_interfaces/share/my_robots_interfaces/local_setup.sh
-- Up-to-date: /home/electronica/ros2_ws/install/my_robots_interfaces/share/my_robots_interfaces/local_setup.zsh
-- Up-to-date: /home/electronica/ros2_ws/install/my_robots_interfaces/share/my_robots_interfaces/local_setup.dsv
-- Installing: /home/electronica/ros2_ws/install/my_robots_interfaces/share/my_robots_interfaces/package.dsv
-- Up-to-date: /home/electronica/ros2_ws/install/my_robots_interfaces/share/ament_index/resource_index/packages/my_robots_interfaces
-- Up-to-date: /home/electronica/ros2_ws/install/my_robots_interfaces/share/my_robots_interfaces/cmake/export_my_robots_interfaces__rosidl_generator_cExport.cmake
-- Up-to-date: /home/electronica/ros2_ws/install/my_robots_interfaces/share/my_robots_interfaces/cmake/export_my_robots_interfaces__rosidl_generator_cExport-noconfig.cmake
-- Up-to-date: /home/electronica/ros2_ws/install/my_robots_interfaces/share/my_robots_interfaces/cmake/export_my_robots_interfaces__rosidl_typesupport_fastrtps_cExport.cmake
-- Up-to-date: /home/electronica/ros2_ws/install/my_robots_interfaces/share/my_robots_interfaces/cmake/export_my_robots_interfaces__rosidl_typesupport_fastrtps_cExport-noconfig.cmake
-- Up-to-date: /home/electronica/ros2_ws/install/my_robots_interfaces/share/my_robots_interfaces/cmake/my_robots_interfaces__rosidl_typesupport_introspection_cExport.cmake
-- Up-to-date: /home/electronica/ros2_ws/install/my_robots_interfaces/share/my_robots_interfaces/cmake/my_robots_interfaces__rosidl_typesupport_introspection_cExport-noconfig.cmake
-- Up-to-date: /home/electronica/ros2_ws/install/my_robots_interfaces/share/my_robots_interfaces/cmake/my_robots_interfaces__rosidl_typesupport_cExport.cmake
-- Up-to-date: /home/electronica/ros2_ws/install/my_robots_interfaces/share/my_robots_interfaces/cmake/my_robots_interfaces__rosidl_typesupport_cExport-noconfig.cmake
-- Up-to-date: /home/electronica/ros2_ws/install/my_robots_interfaces/share/my_robots_interfaces/cmake/export_my_robots_interfaces__rosidl_generator_cppExport.cmake
-- Up-to-date: /home/electronica/ros2_ws/install/my_robots_interfaces/share/my_robots_interfaces/cmake/export_my_robots_interfaces__rosidl_typesupport_fastrtps_cppExport.cmake
-- Up-to-date: /home/electronica/ros2_ws/install/my_robots_interfaces/share/my_robots_interfaces/cmake/export_my_robots_interfaces__rosidl_typesupport_fastrtps_cppExport-noconfig.cmake
-- Up-to-date: /home/electronica/ros2_ws/install/my_robots_interfaces/share/my_robots_interfaces/cmake/my_robots_interfaces__rosidl_typesupport_introspection_cppExport.cmake
-- Up-to-date: /home/electronica/ros2_ws/install/my_robots_interfaces/share/my_robots_interfaces/cmake/my_robots_interfaces__rosidl_typesupport_introspection_cppExport-noconfig.cmake
-- Up-to-date: /home/electronica/ros2_ws/install/my_robots_interfaces/share/my_robots_interfaces/cmake/my_robots_interfaces__rosidl_typesupport_cppExport.cmake
-- Up-to-date: /home/electronica/ros2_ws/install/my_robots_interfaces/share/my_robots_interfaces/cmake/my_robots_interfaces__rosidl_typesupport_cppExport-noconfig.cmake
-- Up-to-date: /home/electronica/ros2_ws/install/my_robots_interfaces/share/my_robots_interfaces/cmake/export_my_robots_interfaces__rosidl_generator_pyExport.cmake
-- Up-to-date: /home/electronica/ros2_ws/install/my_robots_interfaces/share/my_robots_interfaces/cmake/export_my_robots_interfaces__rosidl_generator_pyExport-noconfig.cmake
-- Up-to-date: /home/electronica/ros2_ws/install/my_robots_interfaces/share/my_robots_interfaces/cmake/rosidl_cmake-extras.cmake
-- Up-to-date: /home/electronica/ros2_ws/install/my_robots_interfaces/share/my_robots_interfaces/cmake/ament_cmake_export_include_directories-extras.cmake
-- Up-to-date: /home/electronica/ros2_ws/install/my_robots_interfaces/share/my_robots_interfaces/cmake/ament_cmake_export_libraries-extras.cmake
-- Up-to-date: /home/electronica/ros2_ws/install/my_robots_interfaces/share/my_robots_interfaces/cmake/ament_cmake_export_targets-extras.cmake
-- Up-to-date: /home/electronica/ros2_ws/install/my_robots_interfaces/share/my_robots_interfaces/cmake/rosidl_cmake_export_typesupport_targets-extras.cmake
-- Up-to-date: /home/electronica/ros2_ws/install/my_robots_interfaces/share/my_robots_interfaces/cmake/ament_cmake_export_dependencies-extras.cmake
-- Up-to-date: /home/electronica/ros2_ws/install/my_robots_interfaces/share/my_robots_interfaces/cmake/rosidl_cmake_export_typesupport_libraries-extras.cmake
-- Up-to-date: /home/electronica/ros2_ws/install/my_robots_interfaces/share/my_robots_interfaces/cmake/my_robots_interfacesConfig.cmake
-- Up-to-date: /home/electronica/ros2_ws/install/my_robots_interfaces/share/my_robots_interfaces/cmake/my_robots_interfacesConfig-version.cmake
-- Up-to-date: /home/electronica/ros2_ws/install/my_robots_interfaces/share/my_robots_interfaces/package.xml
