[0.216s] Invoking command in '/home/electronica/ros2_ws/build/my_robot_bringup': AMENT_PREFIX_PATH=/home/electronica/ros2_ws/install/my_py_pkg PYTHONPATH=/home/electronica/ros2_ws/install/my_py_pkg/lib/python3.10/site-packages:/home/electronica/ros2_ws/build/turtlesim_catch_them_all:/home/electronica/ros2_ws/install/turtlesim_catch_them_all/lib/python3.10/site-packages:/home/electronica/ros2_ws/install/my_robots_interfaces/local/lib/python3.10/dist-packages:/opt/ros/humble/lib/python3.10/site-packages:/opt/ros/humble/local/lib/python3.10/dist-packages /usr/bin/cmake --build /home/electronica/ros2_ws/build/my_robot_bringup -- -j8 -l8
[0.275s] Invoked command in '/home/electronica/ros2_ws/build/my_robot_bringup' returned '0': AMENT_PREFIX_PATH=/home/electronica/ros2_ws/install/my_py_pkg PYTHONPATH=/home/electronica/ros2_ws/install/my_py_pkg/lib/python3.10/site-packages:/home/electronica/ros2_ws/build/turtlesim_catch_them_all:/home/electronica/ros2_ws/install/turtlesim_catch_them_all/lib/python3.10/site-packages:/home/electronica/ros2_ws/install/my_robots_interfaces/local/lib/python3.10/dist-packages:/opt/ros/humble/lib/python3.10/site-packages:/opt/ros/humble/local/lib/python3.10/dist-packages /usr/bin/cmake --build /home/electronica/ros2_ws/build/my_robot_bringup -- -j8 -l8
[0.309s] Invoking command in '/home/electronica/ros2_ws/build/my_robot_bringup': AMENT_PREFIX_PATH=/home/electronica/ros2_ws/install/my_py_pkg PYTHONPATH=/home/electronica/ros2_ws/install/my_py_pkg/lib/python3.10/site-packages:/home/electronica/ros2_ws/build/turtlesim_catch_them_all:/home/electronica/ros2_ws/install/turtlesim_catch_them_all/lib/python3.10/site-packages:/home/electronica/ros2_ws/install/my_robots_interfaces/local/lib/python3.10/dist-packages:/opt/ros/humble/lib/python3.10/site-packages:/opt/ros/humble/local/lib/python3.10/dist-packages /usr/bin/cmake --install /home/electronica/ros2_ws/build/my_robot_bringup
[0.318s] -- Install configuration: ""
[0.318s] -- Up-to-date: /home/electronica/ros2_ws/install/my_robot_bringup/share/my_robot_bringup/launch
[0.318s] -- Up-to-date: /home/electronica/ros2_ws/install/my_robot_bringup/share/my_robot_bringup/launch/numer_app.launch.py
[0.319s] -- Up-to-date: /home/electronica/ros2_ws/install/my_robot_bringup/share/my_robot_bringup/launch/robot_news_station_app.launch.py
[0.319s] -- Up-to-date: /home/electronica/ros2_ws/install/my_robot_bringup/share/ament_index/resource_index/package_run_dependencies/my_robot_bringup
[0.319s] -- Up-to-date: /home/electronica/ros2_ws/install/my_robot_bringup/share/ament_index/resource_index/parent_prefix_path/my_robot_bringup
[0.319s] -- Up-to-date: /home/electronica/ros2_ws/install/my_robot_bringup/share/my_robot_bringup/environment/ament_prefix_path.sh
[0.319s] -- Up-to-date: /home/electronica/ros2_ws/install/my_robot_bringup/share/my_robot_bringup/environment/ament_prefix_path.dsv
[0.319s] -- Up-to-date: /home/electronica/ros2_ws/install/my_robot_bringup/share/my_robot_bringup/environment/path.sh
[0.319s] -- Up-to-date: /home/electronica/ros2_ws/install/my_robot_bringup/share/my_robot_bringup/environment/path.dsv
[0.320s] -- Up-to-date: /home/electronica/ros2_ws/install/my_robot_bringup/share/my_robot_bringup/local_setup.bash
[0.320s] -- Up-to-date: /home/electronica/ros2_ws/install/my_robot_bringup/share/my_robot_bringup/local_setup.sh
[0.320s] -- Up-to-date: /home/electronica/ros2_ws/install/my_robot_bringup/share/my_robot_bringup/local_setup.zsh
[0.320s] -- Up-to-date: /home/electronica/ros2_ws/install/my_robot_bringup/share/my_robot_bringup/local_setup.dsv
[0.321s] -- Up-to-date: /home/electronica/ros2_ws/install/my_robot_bringup/share/my_robot_bringup/package.dsv
[0.321s] -- Up-to-date: /home/electronica/ros2_ws/install/my_robot_bringup/share/ament_index/resource_index/packages/my_robot_bringup
[0.322s] -- Up-to-date: /home/electronica/ros2_ws/install/my_robot_bringup/share/my_robot_bringup/cmake/my_robot_bringupConfig.cmake
[0.322s] -- Up-to-date: /home/electronica/ros2_ws/install/my_robot_bringup/share/my_robot_bringup/cmake/my_robot_bringupConfig-version.cmake
[0.322s] -- Up-to-date: /home/electronica/ros2_ws/install/my_robot_bringup/share/my_robot_bringup/package.xml
[0.323s] Invoked command in '/home/electronica/ros2_ws/build/my_robot_bringup' returned '0': AMENT_PREFIX_PATH=/home/electronica/ros2_ws/install/my_py_pkg PYTHONPATH=/home/electronica/ros2_ws/install/my_py_pkg/lib/python3.10/site-packages:/home/electronica/ros2_ws/build/turtlesim_catch_them_all:/home/electronica/ros2_ws/install/turtlesim_catch_them_all/lib/python3.10/site-packages:/home/electronica/ros2_ws/install/my_robots_interfaces/local/lib/python3.10/dist-packages:/opt/ros/humble/lib/python3.10/site-packages:/opt/ros/humble/local/lib/python3.10/dist-packages /usr/bin/cmake --install /home/electronica/ros2_ws/build/my_robot_bringup
