[1.904s] DEBUG:colcon:Command line arguments: ['/usr/bin/colcon', 'build']
[1.905s] DEBUG:colcon:Parsed command line arguments: Namespace(log_base=None, log_level=None, verb_name='build', build_base='build', install_base='install', merge_install=False, symlink_install=False, test_result_base=None, continue_on_error=False, executor='parallel', parallel_workers=8, event_handlers=None, ignore_user_meta=False, metas=['./colcon.meta'], base_paths=['.'], packages_ignore=None, packages_ignore_regex=None, paths=None, packages_up_to=None, packages_up_to_regex=None, packages_above=None, packages_above_and_dependencies=None, packages_above_depth=None, packages_select_by_dep=None, packages_skip_by_dep=None, packages_skip_up_to=None, packages_select_build_failed=False, packages_skip_build_finished=False, packages_select_test_failures=False, packages_skip_test_passed=False, packages_select=None, packages_skip=None, packages_select_regex=None, packages_skip_regex=None, packages_start=None, packages_end=None, allow_overriding=[], cmake_args=None, cmake_target=None, cmake_target_skip_unavailable=False, cmake_clean_cache=False, cmake_clean_first=False, cmake_force_configure=False, ament_cmake_args=None, catkin_cmake_args=None, catkin_skip_building_tests=False, verb_parser=<colcon_defaults.argument_parser.defaults.DefaultArgumentsDecorator object at 0x7f35d9189c60>, verb_extension=<colcon_core.verb.build.BuildVerb object at 0x7f35d9164eb0>, main=<bound method BuildVerb.main of <colcon_core.verb.build.BuildVerb object at 0x7f35d9164eb0>>)
[1.986s] Level 1:colcon.colcon_core.package_discovery:discover_packages(colcon_meta) check parameters
[1.986s] Level 1:colcon.colcon_core.package_discovery:discover_packages(recursive) check parameters
[1.986s] Level 1:colcon.colcon_core.package_discovery:discover_packages(ignore) check parameters
[1.986s] Level 1:colcon.colcon_core.package_discovery:discover_packages(path) check parameters
[1.986s] Level 1:colcon.colcon_core.package_discovery:discover_packages(colcon_meta) discover
[1.986s] Level 1:colcon.colcon_core.package_discovery:discover_packages(recursive) discover
[1.987s] INFO:colcon.colcon_core.package_discovery:Crawling recursively for packages in '/home/electronica/ros2_ws'
[1.987s] Level 1:colcon.colcon_core.package_identification:_identify(.) by extensions ['ignore', 'ignore_ament_install']
[1.987s] Level 1:colcon.colcon_core.package_identification:_identify(.) by extension 'ignore'
[1.987s] Level 1:colcon.colcon_core.package_identification:_identify(.) by extension 'ignore_ament_install'
[1.987s] Level 1:colcon.colcon_core.package_identification:_identify(.) by extensions ['colcon_pkg']
[1.987s] Level 1:colcon.colcon_core.package_identification:_identify(.) by extension 'colcon_pkg'
[1.987s] Level 1:colcon.colcon_core.package_identification:_identify(.) by extensions ['colcon_meta']
[1.987s] Level 1:colcon.colcon_core.package_identification:_identify(.) by extension 'colcon_meta'
[1.987s] Level 1:colcon.colcon_core.package_identification:_identify(.) by extensions ['ros']
[1.987s] Level 1:colcon.colcon_core.package_identification:_identify(.) by extension 'ros'
[2.004s] Level 1:colcon.colcon_core.package_identification:_identify(.) by extensions ['cmake', 'python']
[2.004s] Level 1:colcon.colcon_core.package_identification:_identify(.) by extension 'cmake'
[2.004s] Level 1:colcon.colcon_core.package_identification:_identify(.) by extension 'python'
[2.004s] Level 1:colcon.colcon_core.package_identification:_identify(.) by extensions ['python_setup_py']
[2.004s] Level 1:colcon.colcon_core.package_identification:_identify(.) by extension 'python_setup_py'
[2.004s] Level 1:colcon.colcon_core.package_identification:_identify(build) by extensions ['ignore', 'ignore_ament_install']
[2.004s] Level 1:colcon.colcon_core.package_identification:_identify(build) by extension 'ignore'
[2.004s] Level 1:colcon.colcon_core.package_identification:_identify(build) ignored
[2.004s] Level 1:colcon.colcon_core.package_identification:_identify(install) by extensions ['ignore', 'ignore_ament_install']
[2.005s] Level 1:colcon.colcon_core.package_identification:_identify(install) by extension 'ignore'
[2.005s] Level 1:colcon.colcon_core.package_identification:_identify(install) ignored
[2.005s] Level 1:colcon.colcon_core.package_identification:_identify(log) by extensions ['ignore', 'ignore_ament_install']
[2.005s] Level 1:colcon.colcon_core.package_identification:_identify(log) by extension 'ignore'
[2.005s] Level 1:colcon.colcon_core.package_identification:_identify(log) ignored
[2.005s] Level 1:colcon.colcon_core.package_identification:_identify(src) by extensions ['ignore', 'ignore_ament_install']
[2.005s] Level 1:colcon.colcon_core.package_identification:_identify(src) by extension 'ignore'
[2.005s] Level 1:colcon.colcon_core.package_identification:_identify(src) by extension 'ignore_ament_install'
[2.005s] Level 1:colcon.colcon_core.package_identification:_identify(src) by extensions ['colcon_pkg']
[2.006s] Level 1:colcon.colcon_core.package_identification:_identify(src) by extension 'colcon_pkg'
[2.006s] Level 1:colcon.colcon_core.package_identification:_identify(src) by extensions ['colcon_meta']
[2.006s] Level 1:colcon.colcon_core.package_identification:_identify(src) by extension 'colcon_meta'
[2.006s] Level 1:colcon.colcon_core.package_identification:_identify(src) by extensions ['ros']
[2.006s] Level 1:colcon.colcon_core.package_identification:_identify(src) by extension 'ros'
[2.006s] Level 1:colcon.colcon_core.package_identification:_identify(src) by extensions ['cmake', 'python']
[2.006s] Level 1:colcon.colcon_core.package_identification:_identify(src) by extension 'cmake'
[2.006s] Level 1:colcon.colcon_core.package_identification:_identify(src) by extension 'python'
[2.006s] Level 1:colcon.colcon_core.package_identification:_identify(src) by extensions ['python_setup_py']
[2.006s] Level 1:colcon.colcon_core.package_identification:_identify(src) by extension 'python_setup_py'
[2.006s] Level 1:colcon.colcon_core.package_identification:_identify(src/my_cpp_pkg) by extensions ['ignore', 'ignore_ament_install']
[2.007s] Level 1:colcon.colcon_core.package_identification:_identify(src/my_cpp_pkg) by extension 'ignore'
[2.007s] Level 1:colcon.colcon_core.package_identification:_identify(src/my_cpp_pkg) by extension 'ignore_ament_install'
[2.007s] Level 1:colcon.colcon_core.package_identification:_identify(src/my_cpp_pkg) by extensions ['colcon_pkg']
[2.007s] Level 1:colcon.colcon_core.package_identification:_identify(src/my_cpp_pkg) by extension 'colcon_pkg'
[2.007s] Level 1:colcon.colcon_core.package_identification:_identify(src/my_cpp_pkg) by extensions ['colcon_meta']
[2.007s] Level 1:colcon.colcon_core.package_identification:_identify(src/my_cpp_pkg) by extension 'colcon_meta'
[2.007s] Level 1:colcon.colcon_core.package_identification:_identify(src/my_cpp_pkg) by extensions ['ros']
[2.007s] Level 1:colcon.colcon_core.package_identification:_identify(src/my_cpp_pkg) by extension 'ros'
[2.010s] DEBUG:colcon.colcon_core.package_identification:Package 'src/my_cpp_pkg' with type 'ros.ament_cmake' and name 'my_cpp_pkg'
[2.011s] Level 1:colcon.colcon_core.package_identification:_identify(src/my_py_pkg) by extensions ['ignore', 'ignore_ament_install']
[2.011s] Level 1:colcon.colcon_core.package_identification:_identify(src/my_py_pkg) by extension 'ignore'
[2.011s] Level 1:colcon.colcon_core.package_identification:_identify(src/my_py_pkg) by extension 'ignore_ament_install'
[2.011s] Level 1:colcon.colcon_core.package_identification:_identify(src/my_py_pkg) by extensions ['colcon_pkg']
[2.011s] Level 1:colcon.colcon_core.package_identification:_identify(src/my_py_pkg) by extension 'colcon_pkg'
[2.011s] Level 1:colcon.colcon_core.package_identification:_identify(src/my_py_pkg) by extensions ['colcon_meta']
[2.011s] Level 1:colcon.colcon_core.package_identification:_identify(src/my_py_pkg) by extension 'colcon_meta'
[2.011s] Level 1:colcon.colcon_core.package_identification:_identify(src/my_py_pkg) by extensions ['ros']
[2.011s] Level 1:colcon.colcon_core.package_identification:_identify(src/my_py_pkg) by extension 'ros'
[2.012s] DEBUG:colcon.colcon_core.package_identification:Package 'src/my_py_pkg' with type 'ros.ament_python' and name 'my_py_pkg'
[2.012s] Level 1:colcon.colcon_core.package_identification:_identify(src/my_robot_bringup) by extensions ['ignore', 'ignore_ament_install']
[2.013s] Level 1:colcon.colcon_core.package_identification:_identify(src/my_robot_bringup) by extension 'ignore'
[2.013s] Level 1:colcon.colcon_core.package_identification:_identify(src/my_robot_bringup) by extension 'ignore_ament_install'
[2.013s] Level 1:colcon.colcon_core.package_identification:_identify(src/my_robot_bringup) by extensions ['colcon_pkg']
[2.013s] Level 1:colcon.colcon_core.package_identification:_identify(src/my_robot_bringup) by extension 'colcon_pkg'
[2.013s] Level 1:colcon.colcon_core.package_identification:_identify(src/my_robot_bringup) by extensions ['colcon_meta']
[2.013s] Level 1:colcon.colcon_core.package_identification:_identify(src/my_robot_bringup) by extension 'colcon_meta'
[2.013s] Level 1:colcon.colcon_core.package_identification:_identify(src/my_robot_bringup) by extensions ['ros']
[2.013s] Level 1:colcon.colcon_core.package_identification:_identify(src/my_robot_bringup) by extension 'ros'
[2.014s] DEBUG:colcon.colcon_core.package_identification:Package 'src/my_robot_bringup' with type 'ros.ament_cmake' and name 'my_robot_bringup'
[2.014s] Level 1:colcon.colcon_core.package_identification:_identify(src/my_robots_interfaces) by extensions ['ignore', 'ignore_ament_install']
[2.014s] Level 1:colcon.colcon_core.package_identification:_identify(src/my_robots_interfaces) by extension 'ignore'
[2.014s] Level 1:colcon.colcon_core.package_identification:_identify(src/my_robots_interfaces) by extension 'ignore_ament_install'
[2.014s] Level 1:colcon.colcon_core.package_identification:_identify(src/my_robots_interfaces) by extensions ['colcon_pkg']
[2.014s] Level 1:colcon.colcon_core.package_identification:_identify(src/my_robots_interfaces) by extension 'colcon_pkg'
[2.014s] Level 1:colcon.colcon_core.package_identification:_identify(src/my_robots_interfaces) by extensions ['colcon_meta']
[2.014s] Level 1:colcon.colcon_core.package_identification:_identify(src/my_robots_interfaces) by extension 'colcon_meta'
[2.014s] Level 1:colcon.colcon_core.package_identification:_identify(src/my_robots_interfaces) by extensions ['ros']
[2.015s] Level 1:colcon.colcon_core.package_identification:_identify(src/my_robots_interfaces) by extension 'ros'
[2.015s] DEBUG:colcon.colcon_core.package_identification:Package 'src/my_robots_interfaces' with type 'ros.ament_cmake' and name 'my_robots_interfaces'
[2.015s] Level 1:colcon.colcon_core.package_identification:_identify(src/turtlesim_catch_them_all) by extensions ['ignore', 'ignore_ament_install']
[2.015s] Level 1:colcon.colcon_core.package_identification:_identify(src/turtlesim_catch_them_all) by extension 'ignore'
[2.016s] Level 1:colcon.colcon_core.package_identification:_identify(src/turtlesim_catch_them_all) by extension 'ignore_ament_install'
[2.016s] Level 1:colcon.colcon_core.package_identification:_identify(src/turtlesim_catch_them_all) by extensions ['colcon_pkg']
[2.016s] Level 1:colcon.colcon_core.package_identification:_identify(src/turtlesim_catch_them_all) by extension 'colcon_pkg'
[2.016s] Level 1:colcon.colcon_core.package_identification:_identify(src/turtlesim_catch_them_all) by extensions ['colcon_meta']
[2.016s] Level 1:colcon.colcon_core.package_identification:_identify(src/turtlesim_catch_them_all) by extension 'colcon_meta'
[2.016s] Level 1:colcon.colcon_core.package_identification:_identify(src/turtlesim_catch_them_all) by extensions ['ros']
[2.016s] Level 1:colcon.colcon_core.package_identification:_identify(src/turtlesim_catch_them_all) by extension 'ros'
[2.017s] DEBUG:colcon.colcon_core.package_identification:Package 'src/turtlesim_catch_them_all' with type 'ros.ament_python' and name 'turtlesim_catch_them_all'
[2.017s] Level 1:colcon.colcon_core.package_discovery:discover_packages(recursive) using defaults
[2.017s] Level 1:colcon.colcon_core.package_discovery:discover_packages(ignore) discover
[2.017s] Level 1:colcon.colcon_core.package_discovery:discover_packages(ignore) using defaults
[2.017s] Level 1:colcon.colcon_core.package_discovery:discover_packages(path) discover
[2.017s] Level 1:colcon.colcon_core.package_discovery:discover_packages(path) using defaults
[2.187s] Level 1:colcon.colcon_core.package_discovery:discover_packages(prefix_path) check parameters
[2.188s] Level 1:colcon.colcon_core.package_discovery:discover_packages(prefix_path) discover
[2.246s] DEBUG:colcon.colcon_installed_package_information.package_discovery:Found 5 installed packages in /home/electronica/ros2_ws/install
[2.246s] Level 1:colcon.colcon_core.package_discovery:discover_packages(prefix_path) using defaults
[2.305s] Level 5:colcon.colcon_core.verb:set package 'my_py_pkg' build argument 'cmake_args' from command line to 'None'
[2.305s] Level 5:colcon.colcon_core.verb:set package 'my_py_pkg' build argument 'cmake_target' from command line to 'None'
[2.305s] Level 5:colcon.colcon_core.verb:set package 'my_py_pkg' build argument 'cmake_target_skip_unavailable' from command line to 'False'
[2.305s] Level 5:colcon.colcon_core.verb:set package 'my_py_pkg' build argument 'cmake_clean_cache' from command line to 'False'
[2.305s] Level 5:colcon.colcon_core.verb:set package 'my_py_pkg' build argument 'cmake_clean_first' from command line to 'False'
[2.305s] Level 5:colcon.colcon_core.verb:set package 'my_py_pkg' build argument 'cmake_force_configure' from command line to 'False'
[2.305s] Level 5:colcon.colcon_core.verb:set package 'my_py_pkg' build argument 'ament_cmake_args' from command line to 'None'
[2.305s] Level 5:colcon.colcon_core.verb:set package 'my_py_pkg' build argument 'catkin_cmake_args' from command line to 'None'
[2.305s] Level 5:colcon.colcon_core.verb:set package 'my_py_pkg' build argument 'catkin_skip_building_tests' from command line to 'False'
[2.305s] DEBUG:colcon.colcon_core.verb:Building package 'my_py_pkg' with the following arguments: {'ament_cmake_args': None, 'build_base': '/home/electronica/ros2_ws/build/my_py_pkg', 'catkin_cmake_args': None, 'catkin_skip_building_tests': False, 'cmake_args': None, 'cmake_clean_cache': False, 'cmake_clean_first': False, 'cmake_force_configure': False, 'cmake_target': None, 'cmake_target_skip_unavailable': False, 'install_base': '/home/electronica/ros2_ws/install/my_py_pkg', 'merge_install': False, 'path': '/home/electronica/ros2_ws/src/my_py_pkg', 'symlink_install': False, 'test_result_base': None}
[2.334s] Level 5:colcon.colcon_core.verb:set package 'my_robots_interfaces' build argument 'cmake_args' from command line to 'None'
[2.334s] Level 5:colcon.colcon_core.verb:set package 'my_robots_interfaces' build argument 'cmake_target' from command line to 'None'
[2.334s] Level 5:colcon.colcon_core.verb:set package 'my_robots_interfaces' build argument 'cmake_target_skip_unavailable' from command line to 'False'
[2.334s] Level 5:colcon.colcon_core.verb:set package 'my_robots_interfaces' build argument 'cmake_clean_cache' from command line to 'False'
[2.335s] Level 5:colcon.colcon_core.verb:set package 'my_robots_interfaces' build argument 'cmake_clean_first' from command line to 'False'
[2.335s] Level 5:colcon.colcon_core.verb:set package 'my_robots_interfaces' build argument 'cmake_force_configure' from command line to 'False'
[2.335s] Level 5:colcon.colcon_core.verb:set package 'my_robots_interfaces' build argument 'ament_cmake_args' from command line to 'None'
[2.335s] Level 5:colcon.colcon_core.verb:set package 'my_robots_interfaces' build argument 'catkin_cmake_args' from command line to 'None'
[2.335s] Level 5:colcon.colcon_core.verb:set package 'my_robots_interfaces' build argument 'catkin_skip_building_tests' from command line to 'False'
[2.335s] DEBUG:colcon.colcon_core.verb:Building package 'my_robots_interfaces' with the following arguments: {'ament_cmake_args': None, 'build_base': '/home/electronica/ros2_ws/build/my_robots_interfaces', 'catkin_cmake_args': None, 'catkin_skip_building_tests': False, 'cmake_args': None, 'cmake_clean_cache': False, 'cmake_clean_first': False, 'cmake_force_configure': False, 'cmake_target': None, 'cmake_target_skip_unavailable': False, 'install_base': '/home/electronica/ros2_ws/install/my_robots_interfaces', 'merge_install': False, 'path': '/home/electronica/ros2_ws/src/my_robots_interfaces', 'symlink_install': False, 'test_result_base': None}
[2.377s] Level 5:colcon.colcon_core.verb:set package 'turtlesim_catch_them_all' build argument 'cmake_args' from command line to 'None'
[2.377s] Level 5:colcon.colcon_core.verb:set package 'turtlesim_catch_them_all' build argument 'cmake_target' from command line to 'None'
[2.377s] Level 5:colcon.colcon_core.verb:set package 'turtlesim_catch_them_all' build argument 'cmake_target_skip_unavailable' from command line to 'False'
[2.377s] Level 5:colcon.colcon_core.verb:set package 'turtlesim_catch_them_all' build argument 'cmake_clean_cache' from command line to 'False'
[2.377s] Level 5:colcon.colcon_core.verb:set package 'turtlesim_catch_them_all' build argument 'cmake_clean_first' from command line to 'False'
[2.377s] Level 5:colcon.colcon_core.verb:set package 'turtlesim_catch_them_all' build argument 'cmake_force_configure' from command line to 'False'
[2.377s] Level 5:colcon.colcon_core.verb:set package 'turtlesim_catch_them_all' build argument 'ament_cmake_args' from command line to 'None'
[2.377s] Level 5:colcon.colcon_core.verb:set package 'turtlesim_catch_them_all' build argument 'catkin_cmake_args' from command line to 'None'
[2.377s] Level 5:colcon.colcon_core.verb:set package 'turtlesim_catch_them_all' build argument 'catkin_skip_building_tests' from command line to 'False'
[2.377s] DEBUG:colcon.colcon_core.verb:Building package 'turtlesim_catch_them_all' with the following arguments: {'ament_cmake_args': None, 'build_base': '/home/electronica/ros2_ws/build/turtlesim_catch_them_all', 'catkin_cmake_args': None, 'catkin_skip_building_tests': False, 'cmake_args': None, 'cmake_clean_cache': False, 'cmake_clean_first': False, 'cmake_force_configure': False, 'cmake_target': None, 'cmake_target_skip_unavailable': False, 'install_base': '/home/electronica/ros2_ws/install/turtlesim_catch_them_all', 'merge_install': False, 'path': '/home/electronica/ros2_ws/src/turtlesim_catch_them_all', 'symlink_install': False, 'test_result_base': None}
[2.407s] Level 5:colcon.colcon_core.verb:set package 'my_cpp_pkg' build argument 'cmake_args' from command line to 'None'
[2.407s] Level 5:colcon.colcon_core.verb:set package 'my_cpp_pkg' build argument 'cmake_target' from command line to 'None'
[2.407s] Level 5:colcon.colcon_core.verb:set package 'my_cpp_pkg' build argument 'cmake_target_skip_unavailable' from command line to 'False'
[2.407s] Level 5:colcon.colcon_core.verb:set package 'my_cpp_pkg' build argument 'cmake_clean_cache' from command line to 'False'
[2.407s] Level 5:colcon.colcon_core.verb:set package 'my_cpp_pkg' build argument 'cmake_clean_first' from command line to 'False'
[2.407s] Level 5:colcon.colcon_core.verb:set package 'my_cpp_pkg' build argument 'cmake_force_configure' from command line to 'False'
[2.407s] Level 5:colcon.colcon_core.verb:set package 'my_cpp_pkg' build argument 'ament_cmake_args' from command line to 'None'
[2.407s] Level 5:colcon.colcon_core.verb:set package 'my_cpp_pkg' build argument 'catkin_cmake_args' from command line to 'None'
[2.407s] Level 5:colcon.colcon_core.verb:set package 'my_cpp_pkg' build argument 'catkin_skip_building_tests' from command line to 'False'
[2.407s] DEBUG:colcon.colcon_core.verb:Building package 'my_cpp_pkg' with the following arguments: {'ament_cmake_args': None, 'build_base': '/home/electronica/ros2_ws/build/my_cpp_pkg', 'catkin_cmake_args': None, 'catkin_skip_building_tests': False, 'cmake_args': None, 'cmake_clean_cache': False, 'cmake_clean_first': False, 'cmake_force_configure': False, 'cmake_target': None, 'cmake_target_skip_unavailable': False, 'install_base': '/home/electronica/ros2_ws/install/my_cpp_pkg', 'merge_install': False, 'path': '/home/electronica/ros2_ws/src/my_cpp_pkg', 'symlink_install': False, 'test_result_base': None}
[2.436s] Level 5:colcon.colcon_core.verb:set package 'my_robot_bringup' build argument 'cmake_args' from command line to 'None'
[2.436s] Level 5:colcon.colcon_core.verb:set package 'my_robot_bringup' build argument 'cmake_target' from command line to 'None'
[2.436s] Level 5:colcon.colcon_core.verb:set package 'my_robot_bringup' build argument 'cmake_target_skip_unavailable' from command line to 'False'
[2.436s] Level 5:colcon.colcon_core.verb:set package 'my_robot_bringup' build argument 'cmake_clean_cache' from command line to 'False'
[2.436s] Level 5:colcon.colcon_core.verb:set package 'my_robot_bringup' build argument 'cmake_clean_first' from command line to 'False'
[2.436s] Level 5:colcon.colcon_core.verb:set package 'my_robot_bringup' build argument 'cmake_force_configure' from command line to 'False'
[2.436s] Level 5:colcon.colcon_core.verb:set package 'my_robot_bringup' build argument 'ament_cmake_args' from command line to 'None'
[2.436s] Level 5:colcon.colcon_core.verb:set package 'my_robot_bringup' build argument 'catkin_cmake_args' from command line to 'None'
[2.436s] Level 5:colcon.colcon_core.verb:set package 'my_robot_bringup' build argument 'catkin_skip_building_tests' from command line to 'False'
[2.436s] DEBUG:colcon.colcon_core.verb:Building package 'my_robot_bringup' with the following arguments: {'ament_cmake_args': None, 'build_base': '/home/electronica/ros2_ws/build/my_robot_bringup', 'catkin_cmake_args': None, 'catkin_skip_building_tests': False, 'cmake_args': None, 'cmake_clean_cache': False, 'cmake_clean_first': False, 'cmake_force_configure': False, 'cmake_target': None, 'cmake_target_skip_unavailable': False, 'install_base': '/home/electronica/ros2_ws/install/my_robot_bringup', 'merge_install': False, 'path': '/home/electronica/ros2_ws/src/my_robot_bringup', 'symlink_install': False, 'test_result_base': None}
[2.465s] INFO:colcon.colcon_core.executor:Executing jobs using 'parallel' executor
[2.494s] DEBUG:colcon.colcon_parallel_executor.executor.parallel:run_until_complete
[2.495s] INFO:colcon.colcon_ros.task.ament_python.build:Building ROS package in '/home/electronica/ros2_ws/src/my_py_pkg' with build type 'ament_python'
[2.495s] Level 1:colcon.colcon_core.shell:create_environment_hook('my_py_pkg', 'ament_prefix_path')
[2.528s] INFO:colcon.colcon_core.plugin_system:Skipping extension 'colcon_core.shell.bat': Not used on non-Windows systems
[2.528s] INFO:colcon.colcon_core.shell:Creating environment hook '/home/electronica/ros2_ws/install/my_py_pkg/share/my_py_pkg/hook/ament_prefix_path.ps1'
[2.529s] INFO:colcon.colcon_core.shell:Creating environment descriptor '/home/electronica/ros2_ws/install/my_py_pkg/share/my_py_pkg/hook/ament_prefix_path.dsv'
[2.529s] INFO:colcon.colcon_core.shell:Creating environment hook '/home/electronica/ros2_ws/install/my_py_pkg/share/my_py_pkg/hook/ament_prefix_path.sh'
[2.559s] INFO:colcon.colcon_core.shell:Skip shell extension 'powershell' for command environment: Not usable outside of PowerShell
[2.559s] DEBUG:colcon.colcon_core.shell:Skip shell extension 'dsv' for command environment
[2.619s] INFO:colcon.colcon_ros.task.ament_cmake.build:Building ROS package in '/home/electronica/ros2_ws/src/my_robots_interfaces' with build type 'ament_cmake'
[2.620s] INFO:colcon.colcon_cmake.task.cmake.build:Building CMake package in '/home/electronica/ros2_ws/src/my_robots_interfaces'
[2.649s] INFO:colcon.colcon_core.shell:Skip shell extension 'powershell' for command environment: Not usable outside of PowerShell
[2.649s] DEBUG:colcon.colcon_core.shell:Skip shell extension 'dsv' for command environment
[2.709s] INFO:colcon.colcon_ros.task.ament_python.build:Building ROS package in '/home/electronica/ros2_ws/src/turtlesim_catch_them_all' with build type 'ament_python'
[2.709s] Level 1:colcon.colcon_core.shell:create_environment_hook('turtlesim_catch_them_all', 'ament_prefix_path')
[2.739s] INFO:colcon.colcon_core.shell:Creating environment hook '/home/electronica/ros2_ws/install/turtlesim_catch_them_all/share/turtlesim_catch_them_all/hook/ament_prefix_path.ps1'
[2.740s] INFO:colcon.colcon_core.shell:Creating environment descriptor '/home/electronica/ros2_ws/install/turtlesim_catch_them_all/share/turtlesim_catch_them_all/hook/ament_prefix_path.dsv'
[2.740s] INFO:colcon.colcon_core.shell:Creating environment hook '/home/electronica/ros2_ws/install/turtlesim_catch_them_all/share/turtlesim_catch_them_all/hook/ament_prefix_path.sh'
[2.769s] INFO:colcon.colcon_core.shell:Skip shell extension 'powershell' for command environment: Not usable outside of PowerShell
[2.769s] DEBUG:colcon.colcon_core.shell:Skip shell extension 'dsv' for command environment
[3.279s] INFO:colcon.colcon_core.task.python.build:Building Python package in '/home/electronica/ros2_ws/src/my_py_pkg'
[3.312s] INFO:colcon.colcon_core.shell:Skip shell extension 'powershell' for command environment: Not usable outside of PowerShell
[3.312s] DEBUG:colcon.colcon_core.shell:Skip shell extension 'dsv' for command environment
[3.382s] DEBUG:colcon.colcon_core.event_handler.log_command:Invoking command in '/home/electronica/ros2_ws/build/my_robots_interfaces': /usr/bin/cmake --build /home/electronica/ros2_ws/build/my_robots_interfaces -- -j8 -l8
[3.885s] INFO:colcon.colcon_core.task.python.build:Building Python package in '/home/electronica/ros2_ws/src/turtlesim_catch_them_all'
[3.916s] INFO:colcon.colcon_core.shell:Skip shell extension 'powershell' for command environment: Not usable outside of PowerShell
[3.916s] DEBUG:colcon.colcon_core.shell:Skip shell extension 'dsv' for command environment
[3.988s] DEBUG:colcon.colcon_core.event_handler.log_command:Invoked command in '/home/electronica/ros2_ws/build/my_robots_interfaces' returned '0': /usr/bin/cmake --build /home/electronica/ros2_ws/build/my_robots_interfaces -- -j8 -l8
[4.178s] DEBUG:colcon.colcon_core.event_handler.log_command:Invoking command in '/home/electronica/ros2_ws/build/my_robots_interfaces': /usr/bin/cmake --install /home/electronica/ros2_ws/build/my_robots_interfaces
[4.266s] Level 1:colcon.colcon_core.environment:create_environment_scripts_only(my_robots_interfaces)
[4.277s] DEBUG:colcon.colcon_core.event_handler.log_command:Invoked command in '/home/electronica/ros2_ws/build/my_robots_interfaces' returned '0': /usr/bin/cmake --install /home/electronica/ros2_ws/build/my_robots_interfaces
[4.307s] Level 1:colcon.colcon_core.environment:checking '/home/electronica/ros2_ws/install/my_robots_interfaces' for CMake module files
[4.308s] Level 1:colcon.colcon_core.environment:checking '/home/electronica/ros2_ws/install/my_robots_interfaces' for CMake config files
[4.309s] Level 1:colcon.colcon_core.shell:create_environment_hook('my_robots_interfaces', 'cmake_prefix_path')
[4.341s] INFO:colcon.colcon_core.shell:Creating environment hook '/home/electronica/ros2_ws/install/my_robots_interfaces/share/my_robots_interfaces/hook/cmake_prefix_path.ps1'
[4.341s] INFO:colcon.colcon_core.shell:Creating environment descriptor '/home/electronica/ros2_ws/install/my_robots_interfaces/share/my_robots_interfaces/hook/cmake_prefix_path.dsv'
[4.342s] INFO:colcon.colcon_core.shell:Creating environment hook '/home/electronica/ros2_ws/install/my_robots_interfaces/share/my_robots_interfaces/hook/cmake_prefix_path.sh'
[4.343s] Level 1:colcon.colcon_core.environment:checking '/home/electronica/ros2_ws/install/my_robots_interfaces/lib'
[4.343s] Level 1:colcon.colcon_core.shell:create_environment_hook('my_robots_interfaces', 'ld_library_path_lib')
[4.374s] INFO:colcon.colcon_core.shell:Creating environment hook '/home/electronica/ros2_ws/install/my_robots_interfaces/share/my_robots_interfaces/hook/ld_library_path_lib.ps1'
[4.374s] INFO:colcon.colcon_core.shell:Creating environment descriptor '/home/electronica/ros2_ws/install/my_robots_interfaces/share/my_robots_interfaces/hook/ld_library_path_lib.dsv'
[4.375s] INFO:colcon.colcon_core.shell:Creating environment hook '/home/electronica/ros2_ws/install/my_robots_interfaces/share/my_robots_interfaces/hook/ld_library_path_lib.sh'
[4.375s] Level 1:colcon.colcon_core.environment:checking '/home/electronica/ros2_ws/install/my_robots_interfaces/bin'
[4.375s] Level 1:colcon.colcon_core.environment:checking '/home/electronica/ros2_ws/install/my_robots_interfaces/lib/pkgconfig/my_robots_interfaces.pc'
[4.376s] Level 1:colcon.colcon_core.environment:checking '/home/electronica/ros2_ws/install/my_robots_interfaces/lib/python3.10/site-packages'
[4.376s] Level 1:colcon.colcon_core.environment:checking '/home/electronica/ros2_ws/install/my_robots_interfaces/bin'
[4.407s] INFO:colcon.colcon_core.shell:Creating package script '/home/electronica/ros2_ws/install/my_robots_interfaces/share/my_robots_interfaces/package.ps1'
[4.408s] INFO:colcon.colcon_core.shell:Creating package descriptor '/home/electronica/ros2_ws/install/my_robots_interfaces/share/my_robots_interfaces/package.dsv'
[4.409s] INFO:colcon.colcon_core.shell:Creating package script '/home/electronica/ros2_ws/install/my_robots_interfaces/share/my_robots_interfaces/package.sh'
[4.410s] INFO:colcon.colcon_core.shell:Creating package script '/home/electronica/ros2_ws/install/my_robots_interfaces/share/my_robots_interfaces/package.bash'
[4.411s] INFO:colcon.colcon_core.shell:Creating package script '/home/electronica/ros2_ws/install/my_robots_interfaces/share/my_robots_interfaces/package.zsh'
[4.412s] Level 1:colcon.colcon_core.environment:create_file_with_runtime_dependencies(/home/electronica/ros2_ws/install/my_robots_interfaces/share/colcon-core/packages/my_robots_interfaces)
[4.594s] DEBUG:colcon.colcon_core.event_handler.log_command:Invoking command in '/home/electronica/ros2_ws/src/turtlesim_catch_them_all': PYTHONPATH=/home/electronica/ros2_ws/build/turtlesim_catch_them_all/prefix_override:/home/electronica/ros2_ws/install/turtlesim_catch_them_all/lib/python3.10/site-packages:${PYTHONPATH} /usr/bin/python3 setup.py egg_info --egg-base ../../build/turtlesim_catch_them_all build --build-base /home/electronica/ros2_ws/build/turtlesim_catch_them_all/build install --record /home/electronica/ros2_ws/build/turtlesim_catch_them_all/install.log --single-version-externally-managed
[4.596s] DEBUG:colcon.colcon_core.event_handler.log_command:Invoking command in '/home/electronica/ros2_ws/src/my_py_pkg': PYTHONPATH=/home/electronica/ros2_ws/build/my_py_pkg/prefix_override:/home/electronica/ros2_ws/install/my_py_pkg/lib/python3.10/site-packages:${PYTHONPATH} /usr/bin/python3 setup.py egg_info --egg-base ../../build/my_py_pkg build --build-base /home/electronica/ros2_ws/build/my_py_pkg/build install --record /home/electronica/ros2_ws/build/my_py_pkg/install.log --single-version-externally-managed
[4.629s] Level 1:colcon.colcon_core.environment:create_environment_scripts_only(my_robots_interfaces)
[4.659s] Level 1:colcon.colcon_core.environment:checking '/home/electronica/ros2_ws/install/my_robots_interfaces' for CMake module files
[4.660s] Level 1:colcon.colcon_core.environment:checking '/home/electronica/ros2_ws/install/my_robots_interfaces' for CMake config files
[4.661s] Level 1:colcon.colcon_core.shell:create_environment_hook('my_robots_interfaces', 'cmake_prefix_path')
[4.691s] INFO:colcon.colcon_core.shell:Creating environment hook '/home/electronica/ros2_ws/install/my_robots_interfaces/share/my_robots_interfaces/hook/cmake_prefix_path.ps1'
[4.692s] INFO:colcon.colcon_core.shell:Creating environment descriptor '/home/electronica/ros2_ws/install/my_robots_interfaces/share/my_robots_interfaces/hook/cmake_prefix_path.dsv'
[4.692s] INFO:colcon.colcon_core.shell:Creating environment hook '/home/electronica/ros2_ws/install/my_robots_interfaces/share/my_robots_interfaces/hook/cmake_prefix_path.sh'
[4.693s] Level 1:colcon.colcon_core.environment:checking '/home/electronica/ros2_ws/install/my_robots_interfaces/lib'
[4.693s] Level 1:colcon.colcon_core.shell:create_environment_hook('my_robots_interfaces', 'ld_library_path_lib')
[4.723s] INFO:colcon.colcon_core.shell:Creating environment hook '/home/electronica/ros2_ws/install/my_robots_interfaces/share/my_robots_interfaces/hook/ld_library_path_lib.ps1'
[4.724s] INFO:colcon.colcon_core.shell:Creating environment descriptor '/home/electronica/ros2_ws/install/my_robots_interfaces/share/my_robots_interfaces/hook/ld_library_path_lib.dsv'
[4.724s] INFO:colcon.colcon_core.shell:Creating environment hook '/home/electronica/ros2_ws/install/my_robots_interfaces/share/my_robots_interfaces/hook/ld_library_path_lib.sh'
[4.725s] Level 1:colcon.colcon_core.environment:checking '/home/electronica/ros2_ws/install/my_robots_interfaces/bin'
[4.725s] Level 1:colcon.colcon_core.environment:checking '/home/electronica/ros2_ws/install/my_robots_interfaces/lib/pkgconfig/my_robots_interfaces.pc'
[4.725s] Level 1:colcon.colcon_core.environment:checking '/home/electronica/ros2_ws/install/my_robots_interfaces/lib/python3.10/site-packages'
[4.726s] Level 1:colcon.colcon_core.environment:checking '/home/electronica/ros2_ws/install/my_robots_interfaces/bin'
[4.756s] INFO:colcon.colcon_core.shell:Creating package script '/home/electronica/ros2_ws/install/my_robots_interfaces/share/my_robots_interfaces/package.ps1'
[4.757s] INFO:colcon.colcon_core.shell:Creating package descriptor '/home/electronica/ros2_ws/install/my_robots_interfaces/share/my_robots_interfaces/package.dsv'
[4.758s] INFO:colcon.colcon_core.shell:Creating package script '/home/electronica/ros2_ws/install/my_robots_interfaces/share/my_robots_interfaces/package.sh'
[4.759s] INFO:colcon.colcon_core.shell:Creating package script '/home/electronica/ros2_ws/install/my_robots_interfaces/share/my_robots_interfaces/package.bash'
[4.759s] INFO:colcon.colcon_core.shell:Creating package script '/home/electronica/ros2_ws/install/my_robots_interfaces/share/my_robots_interfaces/package.zsh'
[4.760s] Level 1:colcon.colcon_core.environment:create_file_with_runtime_dependencies(/home/electronica/ros2_ws/install/my_robots_interfaces/share/colcon-core/packages/my_robots_interfaces)
[4.760s] INFO:colcon.colcon_ros.task.ament_cmake.build:Building ROS package in '/home/electronica/ros2_ws/src/my_cpp_pkg' with build type 'ament_cmake'
[4.761s] INFO:colcon.colcon_cmake.task.cmake.build:Building CMake package in '/home/electronica/ros2_ws/src/my_cpp_pkg'
[4.791s] INFO:colcon.colcon_core.shell:Skip shell extension 'powershell' for command environment: Not usable outside of PowerShell
[4.791s] DEBUG:colcon.colcon_core.shell:Skip shell extension 'dsv' for command environment
[4.862s] DEBUG:colcon.colcon_core.event_handler.log_command:Invoking command in '/home/electronica/ros2_ws/build/my_cpp_pkg': AMENT_PREFIX_PATH=/home/electronica/ros2_ws/install/my_robots_interfaces CMAKE_PREFIX_PATH=/home/electronica/ros2_ws/install/my_robots_interfaces /usr/bin/cmake --build /home/electronica/ros2_ws/build/my_cpp_pkg -- -j8 -l8
[4.975s] DEBUG:colcon.colcon_core.event_handler.log_command:Invoked command in '/home/electronica/ros2_ws/build/my_cpp_pkg' returned '0': AMENT_PREFIX_PATH=/home/electronica/ros2_ws/install/my_robots_interfaces CMAKE_PREFIX_PATH=/home/electronica/ros2_ws/install/my_robots_interfaces /usr/bin/cmake --build /home/electronica/ros2_ws/build/my_cpp_pkg -- -j8 -l8
[5.023s] DEBUG:colcon.colcon_core.event_handler.log_command:Invoking command in '/home/electronica/ros2_ws/build/my_cpp_pkg': AMENT_PREFIX_PATH=/home/electronica/ros2_ws/install/my_robots_interfaces CMAKE_PREFIX_PATH=/home/electronica/ros2_ws/install/my_robots_interfaces /usr/bin/cmake --install /home/electronica/ros2_ws/build/my_cpp_pkg
[5.041s] Level 1:colcon.colcon_core.environment:create_environment_scripts_only(my_cpp_pkg)
[5.043s] DEBUG:colcon.colcon_core.event_handler.log_command:Invoked command in '/home/electronica/ros2_ws/build/my_cpp_pkg' returned '0': AMENT_PREFIX_PATH=/home/electronica/ros2_ws/install/my_robots_interfaces CMAKE_PREFIX_PATH=/home/electronica/ros2_ws/install/my_robots_interfaces /usr/bin/cmake --install /home/electronica/ros2_ws/build/my_cpp_pkg
[5.084s] Level 1:colcon.colcon_core.environment:checking '/home/electronica/ros2_ws/install/my_cpp_pkg' for CMake module files
[5.085s] Level 1:colcon.colcon_core.environment:checking '/home/electronica/ros2_ws/install/my_cpp_pkg' for CMake config files
[5.086s] Level 1:colcon.colcon_core.shell:create_environment_hook('my_cpp_pkg', 'cmake_prefix_path')
[5.131s] INFO:colcon.colcon_core.shell:Creating environment hook '/home/electronica/ros2_ws/install/my_cpp_pkg/share/my_cpp_pkg/hook/cmake_prefix_path.ps1'
[5.136s] INFO:colcon.colcon_core.shell:Creating environment descriptor '/home/electronica/ros2_ws/install/my_cpp_pkg/share/my_cpp_pkg/hook/cmake_prefix_path.dsv'
[5.137s] INFO:colcon.colcon_core.shell:Creating environment hook '/home/electronica/ros2_ws/install/my_cpp_pkg/share/my_cpp_pkg/hook/cmake_prefix_path.sh'
[5.138s] Level 1:colcon.colcon_core.environment:checking '/home/electronica/ros2_ws/install/my_cpp_pkg/lib'
[5.138s] Level 1:colcon.colcon_core.environment:checking '/home/electronica/ros2_ws/install/my_cpp_pkg/bin'
[5.138s] Level 1:colcon.colcon_core.environment:checking '/home/electronica/ros2_ws/install/my_cpp_pkg/lib/pkgconfig/my_cpp_pkg.pc'
[5.139s] Level 1:colcon.colcon_core.environment:checking '/home/electronica/ros2_ws/install/my_cpp_pkg/lib/python3.10/site-packages'
[5.140s] Level 1:colcon.colcon_core.environment:checking '/home/electronica/ros2_ws/install/my_cpp_pkg/bin'
[5.176s] INFO:colcon.colcon_core.shell:Creating package script '/home/electronica/ros2_ws/install/my_cpp_pkg/share/my_cpp_pkg/package.ps1'
[5.177s] INFO:colcon.colcon_core.shell:Creating package descriptor '/home/electronica/ros2_ws/install/my_cpp_pkg/share/my_cpp_pkg/package.dsv'
[5.177s] INFO:colcon.colcon_core.shell:Creating package script '/home/electronica/ros2_ws/install/my_cpp_pkg/share/my_cpp_pkg/package.sh'
[5.178s] INFO:colcon.colcon_core.shell:Creating package script '/home/electronica/ros2_ws/install/my_cpp_pkg/share/my_cpp_pkg/package.bash'
[5.178s] INFO:colcon.colcon_core.shell:Creating package script '/home/electronica/ros2_ws/install/my_cpp_pkg/share/my_cpp_pkg/package.zsh'
[5.179s] Level 1:colcon.colcon_core.environment:create_file_with_runtime_dependencies(/home/electronica/ros2_ws/install/my_cpp_pkg/share/colcon-core/packages/my_cpp_pkg)
[5.182s] DEBUG:colcon.colcon_core.event_handler.log_command:Invoked command in '/home/electronica/ros2_ws/src/turtlesim_catch_them_all' returned '0': PYTHONPATH=/home/electronica/ros2_ws/build/turtlesim_catch_them_all/prefix_override:/home/electronica/ros2_ws/install/turtlesim_catch_them_all/lib/python3.10/site-packages:${PYTHONPATH} /usr/bin/python3 setup.py egg_info --egg-base ../../build/turtlesim_catch_them_all build --build-base /home/electronica/ros2_ws/build/turtlesim_catch_them_all/build install --record /home/electronica/ros2_ws/build/turtlesim_catch_them_all/install.log --single-version-externally-managed
[5.213s] Level 1:colcon.colcon_core.environment:checking '/home/electronica/ros2_ws/install/turtlesim_catch_them_all' for CMake module files
[5.213s] Level 1:colcon.colcon_core.environment:checking '/home/electronica/ros2_ws/install/turtlesim_catch_them_all' for CMake config files
[5.214s] Level 1:colcon.colcon_core.environment:checking '/home/electronica/ros2_ws/install/turtlesim_catch_them_all/lib'
[5.214s] Level 1:colcon.colcon_core.environment:checking '/home/electronica/ros2_ws/install/turtlesim_catch_them_all/bin'
[5.214s] Level 1:colcon.colcon_core.environment:checking '/home/electronica/ros2_ws/install/turtlesim_catch_them_all/lib/pkgconfig/turtlesim_catch_them_all.pc'
[5.215s] Level 1:colcon.colcon_core.environment:checking '/home/electronica/ros2_ws/install/turtlesim_catch_them_all/lib/python3.10/site-packages'
[5.215s] Level 1:colcon.colcon_core.shell:create_environment_hook('turtlesim_catch_them_all', 'pythonpath')
[5.245s] INFO:colcon.colcon_core.shell:Creating environment hook '/home/electronica/ros2_ws/install/turtlesim_catch_them_all/share/turtlesim_catch_them_all/hook/pythonpath.ps1'
[5.246s] INFO:colcon.colcon_core.shell:Creating environment descriptor '/home/electronica/ros2_ws/install/turtlesim_catch_them_all/share/turtlesim_catch_them_all/hook/pythonpath.dsv'
[5.246s] INFO:colcon.colcon_core.shell:Creating environment hook '/home/electronica/ros2_ws/install/turtlesim_catch_them_all/share/turtlesim_catch_them_all/hook/pythonpath.sh'
[5.247s] Level 1:colcon.colcon_core.environment:checking '/home/electronica/ros2_ws/install/turtlesim_catch_them_all/bin'
[5.247s] Level 1:colcon.colcon_core.environment:create_environment_scripts_only(turtlesim_catch_them_all)
[5.276s] INFO:colcon.colcon_core.shell:Creating package script '/home/electronica/ros2_ws/install/turtlesim_catch_them_all/share/turtlesim_catch_them_all/package.ps1'
[5.277s] INFO:colcon.colcon_core.shell:Creating package descriptor '/home/electronica/ros2_ws/install/turtlesim_catch_them_all/share/turtlesim_catch_them_all/package.dsv'
[5.277s] INFO:colcon.colcon_core.shell:Creating package script '/home/electronica/ros2_ws/install/turtlesim_catch_them_all/share/turtlesim_catch_them_all/package.sh'
[5.278s] INFO:colcon.colcon_core.shell:Creating package script '/home/electronica/ros2_ws/install/turtlesim_catch_them_all/share/turtlesim_catch_them_all/package.bash'
[5.278s] INFO:colcon.colcon_core.shell:Creating package script '/home/electronica/ros2_ws/install/turtlesim_catch_them_all/share/turtlesim_catch_them_all/package.zsh'
[5.279s] Level 1:colcon.colcon_core.environment:create_file_with_runtime_dependencies(/home/electronica/ros2_ws/install/turtlesim_catch_them_all/share/colcon-core/packages/turtlesim_catch_them_all)
[5.281s] DEBUG:colcon.colcon_core.event_handler.log_command:Invoked command in '/home/electronica/ros2_ws/src/my_py_pkg' returned '0': PYTHONPATH=/home/electronica/ros2_ws/build/my_py_pkg/prefix_override:/home/electronica/ros2_ws/install/my_py_pkg/lib/python3.10/site-packages:${PYTHONPATH} /usr/bin/python3 setup.py egg_info --egg-base ../../build/my_py_pkg build --build-base /home/electronica/ros2_ws/build/my_py_pkg/build install --record /home/electronica/ros2_ws/build/my_py_pkg/install.log --single-version-externally-managed
[5.310s] Level 1:colcon.colcon_core.environment:checking '/home/electronica/ros2_ws/install/my_py_pkg' for CMake module files
[5.311s] Level 1:colcon.colcon_core.environment:checking '/home/electronica/ros2_ws/install/my_py_pkg' for CMake config files
[5.312s] Level 1:colcon.colcon_core.environment:checking '/home/electronica/ros2_ws/install/my_py_pkg/lib'
[5.312s] Level 1:colcon.colcon_core.environment:checking '/home/electronica/ros2_ws/install/my_py_pkg/bin'
[5.312s] Level 1:colcon.colcon_core.environment:checking '/home/electronica/ros2_ws/install/my_py_pkg/lib/pkgconfig/my_py_pkg.pc'
[5.312s] Level 1:colcon.colcon_core.environment:checking '/home/electronica/ros2_ws/install/my_py_pkg/lib/python3.10/site-packages'
[5.313s] Level 1:colcon.colcon_core.shell:create_environment_hook('my_py_pkg', 'pythonpath')
[5.341s] INFO:colcon.colcon_core.shell:Creating environment hook '/home/electronica/ros2_ws/install/my_py_pkg/share/my_py_pkg/hook/pythonpath.ps1'
[5.342s] INFO:colcon.colcon_core.shell:Creating environment descriptor '/home/electronica/ros2_ws/install/my_py_pkg/share/my_py_pkg/hook/pythonpath.dsv'
[5.342s] INFO:colcon.colcon_core.shell:Creating environment hook '/home/electronica/ros2_ws/install/my_py_pkg/share/my_py_pkg/hook/pythonpath.sh'
[5.343s] Level 1:colcon.colcon_core.environment:checking '/home/electronica/ros2_ws/install/my_py_pkg/bin'
[5.343s] Level 1:colcon.colcon_core.environment:create_environment_scripts_only(my_py_pkg)
[5.372s] INFO:colcon.colcon_core.shell:Creating package script '/home/electronica/ros2_ws/install/my_py_pkg/share/my_py_pkg/package.ps1'
[5.373s] INFO:colcon.colcon_core.shell:Creating package descriptor '/home/electronica/ros2_ws/install/my_py_pkg/share/my_py_pkg/package.dsv'
[5.373s] INFO:colcon.colcon_core.shell:Creating package script '/home/electronica/ros2_ws/install/my_py_pkg/share/my_py_pkg/package.sh'
[5.374s] INFO:colcon.colcon_core.shell:Creating package script '/home/electronica/ros2_ws/install/my_py_pkg/share/my_py_pkg/package.bash'
[5.374s] INFO:colcon.colcon_core.shell:Creating package script '/home/electronica/ros2_ws/install/my_py_pkg/share/my_py_pkg/package.zsh'
[5.375s] Level 1:colcon.colcon_core.environment:create_file_with_runtime_dependencies(/home/electronica/ros2_ws/install/my_py_pkg/share/colcon-core/packages/my_py_pkg)
[5.375s] INFO:colcon.colcon_ros.task.ament_cmake.build:Building ROS package in '/home/electronica/ros2_ws/src/my_robot_bringup' with build type 'ament_cmake'
[5.376s] INFO:colcon.colcon_cmake.task.cmake.build:Building CMake package in '/home/electronica/ros2_ws/src/my_robot_bringup'
[5.406s] INFO:colcon.colcon_core.shell:Skip shell extension 'powershell' for command environment: Not usable outside of PowerShell
[5.406s] DEBUG:colcon.colcon_core.shell:Skip shell extension 'dsv' for command environment
[5.494s] Level 1:colcon.colcon_core.environment:create_environment_scripts_only(my_cpp_pkg)
[5.523s] Level 1:colcon.colcon_core.environment:checking '/home/electronica/ros2_ws/install/my_cpp_pkg' for CMake module files
[5.524s] Level 1:colcon.colcon_core.environment:checking '/home/electronica/ros2_ws/install/my_cpp_pkg' for CMake config files
[5.524s] Level 1:colcon.colcon_core.shell:create_environment_hook('my_cpp_pkg', 'cmake_prefix_path')
[5.553s] INFO:colcon.colcon_core.shell:Creating environment hook '/home/electronica/ros2_ws/install/my_cpp_pkg/share/my_cpp_pkg/hook/cmake_prefix_path.ps1'
[5.554s] INFO:colcon.colcon_core.shell:Creating environment descriptor '/home/electronica/ros2_ws/install/my_cpp_pkg/share/my_cpp_pkg/hook/cmake_prefix_path.dsv'
[5.554s] INFO:colcon.colcon_core.shell:Creating environment hook '/home/electronica/ros2_ws/install/my_cpp_pkg/share/my_cpp_pkg/hook/cmake_prefix_path.sh'
[5.555s] Level 1:colcon.colcon_core.environment:checking '/home/electronica/ros2_ws/install/my_cpp_pkg/lib'
[5.555s] Level 1:colcon.colcon_core.environment:checking '/home/electronica/ros2_ws/install/my_cpp_pkg/bin'
[5.555s] Level 1:colcon.colcon_core.environment:checking '/home/electronica/ros2_ws/install/my_cpp_pkg/lib/pkgconfig/my_cpp_pkg.pc'
[5.555s] Level 1:colcon.colcon_core.environment:checking '/home/electronica/ros2_ws/install/my_cpp_pkg/lib/python3.10/site-packages'
[5.556s] Level 1:colcon.colcon_core.environment:checking '/home/electronica/ros2_ws/install/my_cpp_pkg/bin'
[5.585s] INFO:colcon.colcon_core.shell:Creating package script '/home/electronica/ros2_ws/install/my_cpp_pkg/share/my_cpp_pkg/package.ps1'
[5.585s] INFO:colcon.colcon_core.shell:Creating package descriptor '/home/electronica/ros2_ws/install/my_cpp_pkg/share/my_cpp_pkg/package.dsv'
[5.586s] INFO:colcon.colcon_core.shell:Creating package script '/home/electronica/ros2_ws/install/my_cpp_pkg/share/my_cpp_pkg/package.sh'
[5.587s] INFO:colcon.colcon_core.shell:Creating package script '/home/electronica/ros2_ws/install/my_cpp_pkg/share/my_cpp_pkg/package.bash'
[5.587s] INFO:colcon.colcon_core.shell:Creating package script '/home/electronica/ros2_ws/install/my_cpp_pkg/share/my_cpp_pkg/package.zsh'
[5.588s] Level 1:colcon.colcon_core.environment:create_file_with_runtime_dependencies(/home/electronica/ros2_ws/install/my_cpp_pkg/share/colcon-core/packages/my_cpp_pkg)
[5.593s] DEBUG:colcon.colcon_core.event_handler.log_command:Invoking command in '/home/electronica/ros2_ws/build/my_robot_bringup': AMENT_PREFIX_PATH=/home/electronica/ros2_ws/install/my_py_pkg PYTHONPATH=/home/electronica/ros2_ws/install/my_py_pkg/lib/python3.10/site-packages:/home/electronica/ros2_ws/build/turtlesim_catch_them_all:/home/electronica/ros2_ws/install/turtlesim_catch_them_all/lib/python3.10/site-packages:/home/electronica/ros2_ws/install/my_robots_interfaces/local/lib/python3.10/dist-packages:/opt/ros/humble/lib/python3.10/site-packages:/opt/ros/humble/local/lib/python3.10/dist-packages /usr/bin/cmake --build /home/electronica/ros2_ws/build/my_robot_bringup -- -j8 -l8
[5.652s] DEBUG:colcon.colcon_core.event_handler.log_command:Invoked command in '/home/electronica/ros2_ws/build/my_robot_bringup' returned '0': AMENT_PREFIX_PATH=/home/electronica/ros2_ws/install/my_py_pkg PYTHONPATH=/home/electronica/ros2_ws/install/my_py_pkg/lib/python3.10/site-packages:/home/electronica/ros2_ws/build/turtlesim_catch_them_all:/home/electronica/ros2_ws/install/turtlesim_catch_them_all/lib/python3.10/site-packages:/home/electronica/ros2_ws/install/my_robots_interfaces/local/lib/python3.10/dist-packages:/opt/ros/humble/lib/python3.10/site-packages:/opt/ros/humble/local/lib/python3.10/dist-packages /usr/bin/cmake --build /home/electronica/ros2_ws/build/my_robot_bringup -- -j8 -l8
[5.685s] DEBUG:colcon.colcon_core.event_handler.log_command:Invoking command in '/home/electronica/ros2_ws/build/my_robot_bringup': AMENT_PREFIX_PATH=/home/electronica/ros2_ws/install/my_py_pkg PYTHONPATH=/home/electronica/ros2_ws/install/my_py_pkg/lib/python3.10/site-packages:/home/electronica/ros2_ws/build/turtlesim_catch_them_all:/home/electronica/ros2_ws/install/turtlesim_catch_them_all/lib/python3.10/site-packages:/home/electronica/ros2_ws/install/my_robots_interfaces/local/lib/python3.10/dist-packages:/opt/ros/humble/lib/python3.10/site-packages:/opt/ros/humble/local/lib/python3.10/dist-packages /usr/bin/cmake --install /home/electronica/ros2_ws/build/my_robot_bringup
[5.697s] Level 1:colcon.colcon_core.environment:create_environment_scripts_only(my_robot_bringup)
[5.699s] DEBUG:colcon.colcon_core.event_handler.log_command:Invoked command in '/home/electronica/ros2_ws/build/my_robot_bringup' returned '0': AMENT_PREFIX_PATH=/home/electronica/ros2_ws/install/my_py_pkg PYTHONPATH=/home/electronica/ros2_ws/install/my_py_pkg/lib/python3.10/site-packages:/home/electronica/ros2_ws/build/turtlesim_catch_them_all:/home/electronica/ros2_ws/install/turtlesim_catch_them_all/lib/python3.10/site-packages:/home/electronica/ros2_ws/install/my_robots_interfaces/local/lib/python3.10/dist-packages:/opt/ros/humble/lib/python3.10/site-packages:/opt/ros/humble/local/lib/python3.10/dist-packages /usr/bin/cmake --install /home/electronica/ros2_ws/build/my_robot_bringup
[5.738s] Level 1:colcon.colcon_core.environment:checking '/home/electronica/ros2_ws/install/my_robot_bringup' for CMake module files
[5.739s] Level 1:colcon.colcon_core.environment:checking '/home/electronica/ros2_ws/install/my_robot_bringup' for CMake config files
[5.740s] Level 1:colcon.colcon_core.shell:create_environment_hook('my_robot_bringup', 'cmake_prefix_path')
[5.774s] INFO:colcon.colcon_core.shell:Creating environment hook '/home/electronica/ros2_ws/install/my_robot_bringup/share/my_robot_bringup/hook/cmake_prefix_path.ps1'
[5.775s] INFO:colcon.colcon_core.shell:Creating environment descriptor '/home/electronica/ros2_ws/install/my_robot_bringup/share/my_robot_bringup/hook/cmake_prefix_path.dsv'
[5.776s] INFO:colcon.colcon_core.shell:Creating environment hook '/home/electronica/ros2_ws/install/my_robot_bringup/share/my_robot_bringup/hook/cmake_prefix_path.sh'
[5.776s] Level 1:colcon.colcon_core.environment:checking '/home/electronica/ros2_ws/install/my_robot_bringup/bin'
[5.777s] Level 1:colcon.colcon_core.environment:checking '/home/electronica/ros2_ws/install/my_robot_bringup/lib/pkgconfig/my_robot_bringup.pc'
[5.777s] Level 1:colcon.colcon_core.environment:checking '/home/electronica/ros2_ws/install/my_robot_bringup/lib/python3.10/site-packages'
[5.777s] Level 1:colcon.colcon_core.environment:checking '/home/electronica/ros2_ws/install/my_robot_bringup/bin'
[5.807s] INFO:colcon.colcon_core.shell:Creating package script '/home/electronica/ros2_ws/install/my_robot_bringup/share/my_robot_bringup/package.ps1'
[5.807s] INFO:colcon.colcon_core.shell:Creating package descriptor '/home/electronica/ros2_ws/install/my_robot_bringup/share/my_robot_bringup/package.dsv'
[5.808s] INFO:colcon.colcon_core.shell:Creating package script '/home/electronica/ros2_ws/install/my_robot_bringup/share/my_robot_bringup/package.sh'
[5.809s] INFO:colcon.colcon_core.shell:Creating package script '/home/electronica/ros2_ws/install/my_robot_bringup/share/my_robot_bringup/package.bash'
[5.809s] INFO:colcon.colcon_core.shell:Creating package script '/home/electronica/ros2_ws/install/my_robot_bringup/share/my_robot_bringup/package.zsh'
[5.809s] Level 1:colcon.colcon_core.environment:create_file_with_runtime_dependencies(/home/electronica/ros2_ws/install/my_robot_bringup/share/colcon-core/packages/my_robot_bringup)
[5.869s] Level 1:colcon.colcon_core.environment:create_environment_scripts_only(my_robot_bringup)
[5.900s] Level 1:colcon.colcon_core.environment:checking '/home/electronica/ros2_ws/install/my_robot_bringup' for CMake module files
[5.900s] Level 1:colcon.colcon_core.environment:checking '/home/electronica/ros2_ws/install/my_robot_bringup' for CMake config files
[5.901s] Level 1:colcon.colcon_core.shell:create_environment_hook('my_robot_bringup', 'cmake_prefix_path')
[5.931s] INFO:colcon.colcon_core.shell:Creating environment hook '/home/electronica/ros2_ws/install/my_robot_bringup/share/my_robot_bringup/hook/cmake_prefix_path.ps1'
[5.932s] INFO:colcon.colcon_core.shell:Creating environment descriptor '/home/electronica/ros2_ws/install/my_robot_bringup/share/my_robot_bringup/hook/cmake_prefix_path.dsv'
[5.932s] INFO:colcon.colcon_core.shell:Creating environment hook '/home/electronica/ros2_ws/install/my_robot_bringup/share/my_robot_bringup/hook/cmake_prefix_path.sh'
[5.933s] Level 1:colcon.colcon_core.environment:checking '/home/electronica/ros2_ws/install/my_robot_bringup/bin'
[5.934s] Level 1:colcon.colcon_core.environment:checking '/home/electronica/ros2_ws/install/my_robot_bringup/lib/pkgconfig/my_robot_bringup.pc'
[5.934s] Level 1:colcon.colcon_core.environment:checking '/home/electronica/ros2_ws/install/my_robot_bringup/lib/python3.10/site-packages'
[5.934s] Level 1:colcon.colcon_core.environment:checking '/home/electronica/ros2_ws/install/my_robot_bringup/bin'
[5.965s] INFO:colcon.colcon_core.shell:Creating package script '/home/electronica/ros2_ws/install/my_robot_bringup/share/my_robot_bringup/package.ps1'
[5.965s] INFO:colcon.colcon_core.shell:Creating package descriptor '/home/electronica/ros2_ws/install/my_robot_bringup/share/my_robot_bringup/package.dsv'
[5.966s] INFO:colcon.colcon_core.shell:Creating package script '/home/electronica/ros2_ws/install/my_robot_bringup/share/my_robot_bringup/package.sh'
[5.966s] INFO:colcon.colcon_core.shell:Creating package script '/home/electronica/ros2_ws/install/my_robot_bringup/share/my_robot_bringup/package.bash'
[5.967s] INFO:colcon.colcon_core.shell:Creating package script '/home/electronica/ros2_ws/install/my_robot_bringup/share/my_robot_bringup/package.zsh'
[5.968s] Level 1:colcon.colcon_core.environment:create_file_with_runtime_dependencies(/home/electronica/ros2_ws/install/my_robot_bringup/share/colcon-core/packages/my_robot_bringup)
[5.968s] DEBUG:colcon.colcon_parallel_executor.executor.parallel:closing loop
[5.969s] DEBUG:colcon.colcon_parallel_executor.executor.parallel:loop closed
[5.969s] DEBUG:colcon.colcon_parallel_executor.executor.parallel:run_until_complete finished with '0'
[5.969s] DEBUG:colcon.colcon_core.event_reactor:joining thread
[6.008s] INFO:colcon.colcon_core.plugin_system:Skipping extension 'colcon_notification.desktop_notification.terminal_notifier': Not used on non-Darwin systems
[6.008s] INFO:colcon.colcon_core.plugin_system:Skipping extension 'colcon_notification.desktop_notification.win32': Not used on non-Windows systems
[6.008s] INFO:colcon.colcon_notification.desktop_notification:Sending desktop notification using 'notify2'
[6.036s] DEBUG:colcon.colcon_core.event_reactor:joined thread
[6.066s] INFO:colcon.colcon_core.shell:Creating prefix script '/home/electronica/ros2_ws/install/local_setup.ps1'
[6.067s] INFO:colcon.colcon_core.shell:Creating prefix util module '/home/electronica/ros2_ws/install/_local_setup_util_ps1.py'
[6.069s] INFO:colcon.colcon_core.shell:Creating prefix chain script '/home/electronica/ros2_ws/install/setup.ps1'
[6.098s] INFO:colcon.colcon_core.shell:Creating prefix script '/home/electronica/ros2_ws/install/local_setup.sh'
[6.099s] INFO:colcon.colcon_core.shell:Creating prefix util module '/home/electronica/ros2_ws/install/_local_setup_util_sh.py'
[6.100s] INFO:colcon.colcon_core.shell:Creating prefix chain script '/home/electronica/ros2_ws/install/setup.sh'
[6.129s] INFO:colcon.colcon_core.shell:Creating prefix script '/home/electronica/ros2_ws/install/local_setup.bash'
[6.130s] INFO:colcon.colcon_core.shell:Creating prefix chain script '/home/electronica/ros2_ws/install/setup.bash'
[6.159s] INFO:colcon.colcon_core.shell:Creating prefix script '/home/electronica/ros2_ws/install/local_setup.zsh'
[6.160s] INFO:colcon.colcon_core.shell:Creating prefix chain script '/home/electronica/ros2_ws/install/setup.zsh'
