[0.762s] Invoking command in '/home/electronica/ros2_ws/build/my_robots_interfaces': /usr/bin/cmake --build /home/electronica/ros2_ws/build/my_robots_interfaces -- -j8 -l8
[0.817s] [35m[1mConsolidate compiler generated dependencies of target my_robots_interfaces__rosidl_generator_c[0m
[0.829s] [  1%] Built target my_robots_interfaces__cpp
[0.836s] [ 12%] Built target my_robots_interfaces__rosidl_generator_c
[0.849s] [ 12%] Built target ament_cmake_python_copy_my_robots_interfaces
[0.851s] [35m[1mConsolidate compiler generated dependencies of target my_robots_interfaces__rosidl_typesupport_cpp[0m
[0.851s] [35m[1mConsolidate compiler generated dependencies of target my_robots_interfaces__rosidl_typesupport_introspection_cpp[0m
[0.851s] [35m[1mConsolidate compiler generated dependencies of target my_robots_interfaces__rosidl_typesupport_fastrtps_cpp[0m
[0.857s] [35m[1mConsolidate compiler generated dependencies of target my_robots_interfaces__rosidl_typesupport_c[0m
[0.859s] [35m[1mConsolidate compiler generated dependencies of target my_robots_interfaces__rosidl_typesupport_fastrtps_c[0m
[0.865s] [35m[1mConsolidate compiler generated dependencies of target my_robots_interfaces__rosidl_typesupport_introspection_c[0m
[0.883s] [ 23%] Built target my_robots_interfaces__rosidl_typesupport_c
[0.890s] [ 46%] Built target my_robots_interfaces__rosidl_typesupport_cpp
[0.891s] [ 46%] Built target my_robots_interfaces__rosidl_typesupport_introspection_cpp
[0.891s] [ 57%] Built target my_robots_interfaces__rosidl_typesupport_introspection_c
[0.894s] [ 69%] Built target my_robots_interfaces__rosidl_typesupport_fastrtps_cpp
[0.897s] [ 80%] Built target my_robots_interfaces__rosidl_typesupport_fastrtps_c
[0.925s] [ 80%] Built target my_robots_interfaces
[0.953s] [ 81%] Built target my_robots_interfaces__py
[0.968s] [35m[1mConsolidate compiler generated dependencies of target my_robots_interfaces__rosidl_generator_py[0m
[0.992s] [ 91%] Built target my_robots_interfaces__rosidl_generator_py
[1.006s] [35m[1mConsolidate compiler generated dependencies of target my_robots_interfaces__rosidl_typesupport_c__pyext[0m
[1.007s] [35m[1mConsolidate compiler generated dependencies of target my_robots_interfaces__rosidl_typesupport_fastrtps_c__pyext[0m
[1.013s] [35m[1mConsolidate compiler generated dependencies of target my_robots_interfaces__rosidl_typesupport_introspection_c__pyext[0m
[1.026s] [ 94%] Built target my_robots_interfaces__rosidl_typesupport_c__pyext
[1.026s] [ 97%] Built target my_robots_interfaces__rosidl_typesupport_fastrtps_c__pyext
[1.040s] [100%] Built target my_robots_interfaces__rosidl_typesupport_introspection_c__pyext
[1.302s] running egg_info
[1.303s] writing my_robots_interfaces.egg-info/PKG-INFO
[1.303s] writing dependency_links to my_robots_interfaces.egg-info/dependency_links.txt
[1.304s] writing top-level names to my_robots_interfaces.egg-info/top_level.txt
[1.306s] reading manifest file 'my_robots_interfaces.egg-info/SOURCES.txt'
[1.308s] writing manifest file 'my_robots_interfaces.egg-info/SOURCES.txt'
[1.344s] [100%] Built target ament_cmake_python_build_my_robots_interfaces_egg
[1.368s] Invoked command in '/home/electronica/ros2_ws/build/my_robots_interfaces' returned '0': /usr/bin/cmake --build /home/electronica/ros2_ws/build/my_robots_interfaces -- -j8 -l8
[1.558s] Invoking command in '/home/electronica/ros2_ws/build/my_robots_interfaces': /usr/bin/cmake --install /home/electronica/ros2_ws/build/my_robots_interfaces
[1.568s] -- Install configuration: ""
[1.569s] -- Up-to-date: /home/electronica/ros2_ws/install/my_robots_interfaces/share/ament_index/resource_index/rosidl_interfaces/my_robots_interfaces
[1.570s] -- Up-to-date: /home/electronica/ros2_ws/install/my_robots_interfaces/include/my_robots_interfaces/my_robots_interfaces
[1.570s] -- Up-to-date: /home/electronica/ros2_ws/install/my_robots_interfaces/include/my_robots_interfaces/my_robots_interfaces/msg
[1.570s] -- Up-to-date: /home/electronica/ros2_ws/install/my_robots_interfaces/include/my_robots_interfaces/my_robots_interfaces/msg/turtle.h
[1.571s] -- Up-to-date: /home/electronica/ros2_ws/install/my_robots_interfaces/include/my_robots_interfaces/my_robots_interfaces/msg/led_state_array.h
[1.571s] -- Up-to-date: /home/electronica/ros2_ws/install/my_robots_interfaces/include/my_robots_interfaces/my_robots_interfaces/msg/rosidl_generator_c__visibility_control.h
[1.571s] -- Up-to-date: /home/electronica/ros2_ws/install/my_robots_interfaces/include/my_robots_interfaces/my_robots_interfaces/msg/turtle_array.h
[1.572s] -- Up-to-date: /home/electronica/ros2_ws/install/my_robots_interfaces/include/my_robots_interfaces/my_robots_interfaces/msg/hardware_status.h
[1.572s] -- Up-to-date: /home/electronica/ros2_ws/install/my_robots_interfaces/include/my_robots_interfaces/my_robots_interfaces/msg/detail
[1.572s] -- Up-to-date: /home/electronica/ros2_ws/install/my_robots_interfaces/include/my_robots_interfaces/my_robots_interfaces/msg/detail/turtle__type_support.h
[1.573s] -- Up-to-date: /home/electronica/ros2_ws/install/my_robots_interfaces/include/my_robots_interfaces/my_robots_interfaces/msg/detail/turtle_array__functions.c
[1.573s] -- Up-to-date: /home/electronica/ros2_ws/install/my_robots_interfaces/include/my_robots_interfaces/my_robots_interfaces/msg/detail/turtle__functions.h
[1.573s] -- Up-to-date: /home/electronica/ros2_ws/install/my_robots_interfaces/include/my_robots_interfaces/my_robots_interfaces/msg/detail/turtle__struct.h
[1.574s] -- Up-to-date: /home/electronica/ros2_ws/install/my_robots_interfaces/include/my_robots_interfaces/my_robots_interfaces/msg/detail/led_state_array__functions.c
[1.574s] -- Up-to-date: /home/electronica/ros2_ws/install/my_robots_interfaces/include/my_robots_interfaces/my_robots_interfaces/msg/detail/turtle_array__functions.h
[1.574s] -- Up-to-date: /home/electronica/ros2_ws/install/my_robots_interfaces/include/my_robots_interfaces/my_robots_interfaces/msg/detail/led_state_array__struct.h
[1.575s] -- Up-to-date: /home/electronica/ros2_ws/install/my_robots_interfaces/include/my_robots_interfaces/my_robots_interfaces/msg/detail/turtle__functions.c
[1.575s] -- Up-to-date: /home/electronica/ros2_ws/install/my_robots_interfaces/include/my_robots_interfaces/my_robots_interfaces/msg/detail/hardware_status__struct.h
[1.576s] -- Up-to-date: /home/electronica/ros2_ws/install/my_robots_interfaces/include/my_robots_interfaces/my_robots_interfaces/msg/detail/hardware_status__functions.c
[1.576s] -- Up-to-date: /home/electronica/ros2_ws/install/my_robots_interfaces/include/my_robots_interfaces/my_robots_interfaces/msg/detail/led_state_array__type_support.h
[1.576s] -- Up-to-date: /home/electronica/ros2_ws/install/my_robots_interfaces/include/my_robots_interfaces/my_robots_interfaces/msg/detail/led_state_array__functions.h
[1.577s] -- Up-to-date: /home/electronica/ros2_ws/install/my_robots_interfaces/include/my_robots_interfaces/my_robots_interfaces/msg/detail/hardware_status__type_support.h
[1.577s] -- Up-to-date: /home/electronica/ros2_ws/install/my_robots_interfaces/include/my_robots_interfaces/my_robots_interfaces/msg/detail/hardware_status__functions.h
[1.578s] -- Up-to-date: /home/electronica/ros2_ws/install/my_robots_interfaces/include/my_robots_interfaces/my_robots_interfaces/msg/detail/turtle_array__struct.h
[1.578s] -- Up-to-date: /home/electronica/ros2_ws/install/my_robots_interfaces/include/my_robots_interfaces/my_robots_interfaces/msg/detail/turtle_array__type_support.h
[1.578s] -- Up-to-date: /home/electronica/ros2_ws/install/my_robots_interfaces/include/my_robots_interfaces/my_robots_interfaces/srv
[1.578s] -- Up-to-date: /home/electronica/ros2_ws/install/my_robots_interfaces/include/my_robots_interfaces/my_robots_interfaces/srv/compute_rectangle_area.h
[1.579s] -- Up-to-date: /home/electronica/ros2_ws/install/my_robots_interfaces/include/my_robots_interfaces/my_robots_interfaces/srv/set_leds_staus.h
[1.579s] -- Up-to-date: /home/electronica/ros2_ws/install/my_robots_interfaces/include/my_robots_interfaces/my_robots_interfaces/srv/detail
[1.579s] -- Up-to-date: /home/electronica/ros2_ws/install/my_robots_interfaces/include/my_robots_interfaces/my_robots_interfaces/srv/detail/set_leds_staus__type_support.h
[1.580s] -- Up-to-date: /home/electronica/ros2_ws/install/my_robots_interfaces/include/my_robots_interfaces/my_robots_interfaces/srv/detail/compute_rectangle_area__struct.h
[1.580s] -- Up-to-date: /home/electronica/ros2_ws/install/my_robots_interfaces/include/my_robots_interfaces/my_robots_interfaces/srv/detail/set_leds_staus__functions.h
[1.581s] -- Up-to-date: /home/electronica/ros2_ws/install/my_robots_interfaces/include/my_robots_interfaces/my_robots_interfaces/srv/detail/set_leds_staus__functions.c
[1.581s] -- Up-to-date: /home/electronica/ros2_ws/install/my_robots_interfaces/include/my_robots_interfaces/my_robots_interfaces/srv/detail/compute_rectangle_area__functions.h
[1.581s] -- Up-to-date: /home/electronica/ros2_ws/install/my_robots_interfaces/include/my_robots_interfaces/my_robots_interfaces/srv/detail/set_leds_staus__struct.h
[1.581s] -- Up-to-date: /home/electronica/ros2_ws/install/my_robots_interfaces/include/my_robots_interfaces/my_robots_interfaces/srv/detail/compute_rectangle_area__functions.c
[1.582s] -- Up-to-date: /home/electronica/ros2_ws/install/my_robots_interfaces/include/my_robots_interfaces/my_robots_interfaces/srv/detail/compute_rectangle_area__type_support.h
[1.582s] -- Up-to-date: /home/electronica/ros2_ws/install/my_robots_interfaces/share/my_robots_interfaces/environment/library_path.sh
[1.582s] -- Up-to-date: /home/electronica/ros2_ws/install/my_robots_interfaces/share/my_robots_interfaces/environment/library_path.dsv
[1.582s] -- Up-to-date: /home/electronica/ros2_ws/install/my_robots_interfaces/lib/libmy_robots_interfaces__rosidl_generator_c.so
[1.583s] -- Up-to-date: /home/electronica/ros2_ws/install/my_robots_interfaces/include/my_robots_interfaces/my_robots_interfaces
[1.583s] -- Up-to-date: /home/electronica/ros2_ws/install/my_robots_interfaces/include/my_robots_interfaces/my_robots_interfaces/msg
[1.583s] -- Up-to-date: /home/electronica/ros2_ws/install/my_robots_interfaces/include/my_robots_interfaces/my_robots_interfaces/msg/rosidl_typesupport_fastrtps_c__visibility_control.h
[1.583s] -- Up-to-date: /home/electronica/ros2_ws/install/my_robots_interfaces/include/my_robots_interfaces/my_robots_interfaces/msg/detail
[1.583s] -- Up-to-date: /home/electronica/ros2_ws/install/my_robots_interfaces/include/my_robots_interfaces/my_robots_interfaces/msg/detail/turtle_array__rosidl_typesupport_fastrtps_c.h
[1.584s] -- Up-to-date: /home/electronica/ros2_ws/install/my_robots_interfaces/include/my_robots_interfaces/my_robots_interfaces/msg/detail/led_state_array__rosidl_typesupport_fastrtps_c.h
[1.584s] -- Up-to-date: /home/electronica/ros2_ws/install/my_robots_interfaces/include/my_robots_interfaces/my_robots_interfaces/msg/detail/turtle__rosidl_typesupport_fastrtps_c.h
[1.584s] -- Up-to-date: /home/electronica/ros2_ws/install/my_robots_interfaces/include/my_robots_interfaces/my_robots_interfaces/msg/detail/hardware_status__rosidl_typesupport_fastrtps_c.h
[1.584s] -- Up-to-date: /home/electronica/ros2_ws/install/my_robots_interfaces/include/my_robots_interfaces/my_robots_interfaces/srv
[1.585s] -- Up-to-date: /home/electronica/ros2_ws/install/my_robots_interfaces/include/my_robots_interfaces/my_robots_interfaces/srv/detail
[1.585s] -- Up-to-date: /home/electronica/ros2_ws/install/my_robots_interfaces/include/my_robots_interfaces/my_robots_interfaces/srv/detail/set_leds_staus__rosidl_typesupport_fastrtps_c.h
[1.585s] -- Up-to-date: /home/electronica/ros2_ws/install/my_robots_interfaces/include/my_robots_interfaces/my_robots_interfaces/srv/detail/compute_rectangle_area__rosidl_typesupport_fastrtps_c.h
[1.585s] -- Up-to-date: /home/electronica/ros2_ws/install/my_robots_interfaces/lib/libmy_robots_interfaces__rosidl_typesupport_fastrtps_c.so
[1.586s] -- Up-to-date: /home/electronica/ros2_ws/install/my_robots_interfaces/include/my_robots_interfaces/my_robots_interfaces
[1.586s] -- Up-to-date: /home/electronica/ros2_ws/install/my_robots_interfaces/include/my_robots_interfaces/my_robots_interfaces/msg
[1.586s] -- Up-to-date: /home/electronica/ros2_ws/install/my_robots_interfaces/include/my_robots_interfaces/my_robots_interfaces/msg/rosidl_typesupport_introspection_c__visibility_control.h
[1.586s] -- Up-to-date: /home/electronica/ros2_ws/install/my_robots_interfaces/include/my_robots_interfaces/my_robots_interfaces/msg/detail
[1.586s] -- Up-to-date: /home/electronica/ros2_ws/install/my_robots_interfaces/include/my_robots_interfaces/my_robots_interfaces/msg/detail/turtle_array__type_support.c
[1.587s] -- Up-to-date: /home/electronica/ros2_ws/install/my_robots_interfaces/include/my_robots_interfaces/my_robots_interfaces/msg/detail/led_state_array__type_support.c
[1.587s] -- Up-to-date: /home/electronica/ros2_ws/install/my_robots_interfaces/include/my_robots_interfaces/my_robots_interfaces/msg/detail/turtle__type_support.c
[1.587s] -- Up-to-date: /home/electronica/ros2_ws/install/my_robots_interfaces/include/my_robots_interfaces/my_robots_interfaces/msg/detail/turtle_array__rosidl_typesupport_introspection_c.h
[1.587s] -- Up-to-date: /home/electronica/ros2_ws/install/my_robots_interfaces/include/my_robots_interfaces/my_robots_interfaces/msg/detail/led_state_array__rosidl_typesupport_introspection_c.h
[1.588s] -- Up-to-date: /home/electronica/ros2_ws/install/my_robots_interfaces/include/my_robots_interfaces/my_robots_interfaces/msg/detail/turtle__rosidl_typesupport_introspection_c.h
[1.588s] -- Up-to-date: /home/electronica/ros2_ws/install/my_robots_interfaces/include/my_robots_interfaces/my_robots_interfaces/msg/detail/hardware_status__type_support.c
[1.588s] -- Up-to-date: /home/electronica/ros2_ws/install/my_robots_interfaces/include/my_robots_interfaces/my_robots_interfaces/msg/detail/hardware_status__rosidl_typesupport_introspection_c.h
[1.588s] -- Up-to-date: /home/electronica/ros2_ws/install/my_robots_interfaces/include/my_robots_interfaces/my_robots_interfaces/srv
[1.589s] -- Up-to-date: /home/electronica/ros2_ws/install/my_robots_interfaces/include/my_robots_interfaces/my_robots_interfaces/srv/detail
[1.589s] -- Up-to-date: /home/electronica/ros2_ws/install/my_robots_interfaces/include/my_robots_interfaces/my_robots_interfaces/srv/detail/compute_rectangle_area__type_support.c
[1.589s] -- Up-to-date: /home/electronica/ros2_ws/install/my_robots_interfaces/include/my_robots_interfaces/my_robots_interfaces/srv/detail/compute_rectangle_area__rosidl_typesupport_introspection_c.h
[1.589s] -- Up-to-date: /home/electronica/ros2_ws/install/my_robots_interfaces/include/my_robots_interfaces/my_robots_interfaces/srv/detail/set_leds_staus__rosidl_typesupport_introspection_c.h
[1.589s] -- Up-to-date: /home/electronica/ros2_ws/install/my_robots_interfaces/include/my_robots_interfaces/my_robots_interfaces/srv/detail/set_leds_staus__type_support.c
[1.590s] -- Up-to-date: /home/electronica/ros2_ws/install/my_robots_interfaces/lib/libmy_robots_interfaces__rosidl_typesupport_introspection_c.so
[1.590s] -- Up-to-date: /home/electronica/ros2_ws/install/my_robots_interfaces/lib/libmy_robots_interfaces__rosidl_typesupport_c.so
[1.590s] -- Up-to-date: /home/electronica/ros2_ws/install/my_robots_interfaces/include/my_robots_interfaces/my_robots_interfaces
[1.590s] -- Up-to-date: /home/electronica/ros2_ws/install/my_robots_interfaces/include/my_robots_interfaces/my_robots_interfaces/msg
[1.591s] -- Up-to-date: /home/electronica/ros2_ws/install/my_robots_interfaces/include/my_robots_interfaces/my_robots_interfaces/msg/turtle.hpp
[1.591s] -- Up-to-date: /home/electronica/ros2_ws/install/my_robots_interfaces/include/my_robots_interfaces/my_robots_interfaces/msg/led_state_array.hpp
[1.591s] -- Up-to-date: /home/electronica/ros2_ws/install/my_robots_interfaces/include/my_robots_interfaces/my_robots_interfaces/msg/turtle_array.hpp
[1.591s] -- Up-to-date: /home/electronica/ros2_ws/install/my_robots_interfaces/include/my_robots_interfaces/my_robots_interfaces/msg/detail
[1.591s] -- Up-to-date: /home/electronica/ros2_ws/install/my_robots_interfaces/include/my_robots_interfaces/my_robots_interfaces/msg/detail/turtle_array__struct.hpp
[1.592s] -- Up-to-date: /home/electronica/ros2_ws/install/my_robots_interfaces/include/my_robots_interfaces/my_robots_interfaces/msg/detail/turtle__builder.hpp
[1.592s] -- Up-to-date: /home/electronica/ros2_ws/install/my_robots_interfaces/include/my_robots_interfaces/my_robots_interfaces/msg/detail/turtle__struct.hpp
[1.592s] -- Up-to-date: /home/electronica/ros2_ws/install/my_robots_interfaces/include/my_robots_interfaces/my_robots_interfaces/msg/detail/led_state_array__builder.hpp
[1.592s] -- Up-to-date: /home/electronica/ros2_ws/install/my_robots_interfaces/include/my_robots_interfaces/my_robots_interfaces/msg/detail/led_state_array__struct.hpp
[1.593s] -- Up-to-date: /home/electronica/ros2_ws/install/my_robots_interfaces/include/my_robots_interfaces/my_robots_interfaces/msg/detail/hardware_status__traits.hpp
[1.593s] -- Up-to-date: /home/electronica/ros2_ws/install/my_robots_interfaces/include/my_robots_interfaces/my_robots_interfaces/msg/detail/turtle__traits.hpp
[1.593s] -- Up-to-date: /home/electronica/ros2_ws/install/my_robots_interfaces/include/my_robots_interfaces/my_robots_interfaces/msg/detail/hardware_status__builder.hpp
[1.593s] -- Up-to-date: /home/electronica/ros2_ws/install/my_robots_interfaces/include/my_robots_interfaces/my_robots_interfaces/msg/detail/hardware_status__struct.hpp
[1.593s] -- Up-to-date: /home/electronica/ros2_ws/install/my_robots_interfaces/include/my_robots_interfaces/my_robots_interfaces/msg/detail/turtle_array__builder.hpp
[1.594s] -- Up-to-date: /home/electronica/ros2_ws/install/my_robots_interfaces/include/my_robots_interfaces/my_robots_interfaces/msg/detail/led_state_array__traits.hpp
[1.594s] -- Up-to-date: /home/electronica/ros2_ws/install/my_robots_interfaces/include/my_robots_interfaces/my_robots_interfaces/msg/detail/turtle_array__traits.hpp
[1.594s] -- Up-to-date: /home/electronica/ros2_ws/install/my_robots_interfaces/include/my_robots_interfaces/my_robots_interfaces/msg/hardware_status.hpp
[1.594s] -- Up-to-date: /home/electronica/ros2_ws/install/my_robots_interfaces/include/my_robots_interfaces/my_robots_interfaces/srv
[1.595s] -- Up-to-date: /home/electronica/ros2_ws/install/my_robots_interfaces/include/my_robots_interfaces/my_robots_interfaces/srv/compute_rectangle_area.hpp
[1.595s] -- Up-to-date: /home/electronica/ros2_ws/install/my_robots_interfaces/include/my_robots_interfaces/my_robots_interfaces/srv/detail
[1.595s] -- Up-to-date: /home/electronica/ros2_ws/install/my_robots_interfaces/include/my_robots_interfaces/my_robots_interfaces/srv/detail/set_leds_staus__struct.hpp
[1.595s] -- Up-to-date: /home/electronica/ros2_ws/install/my_robots_interfaces/include/my_robots_interfaces/my_robots_interfaces/srv/detail/compute_rectangle_area__builder.hpp
[1.595s] -- Up-to-date: /home/electronica/ros2_ws/install/my_robots_interfaces/include/my_robots_interfaces/my_robots_interfaces/srv/detail/compute_rectangle_area__traits.hpp
[1.596s] -- Up-to-date: /home/electronica/ros2_ws/install/my_robots_interfaces/include/my_robots_interfaces/my_robots_interfaces/srv/detail/compute_rectangle_area__struct.hpp
[1.596s] -- Up-to-date: /home/electronica/ros2_ws/install/my_robots_interfaces/include/my_robots_interfaces/my_robots_interfaces/srv/detail/set_leds_staus__builder.hpp
[1.596s] -- Up-to-date: /home/electronica/ros2_ws/install/my_robots_interfaces/include/my_robots_interfaces/my_robots_interfaces/srv/detail/set_leds_staus__traits.hpp
[1.596s] -- Up-to-date: /home/electronica/ros2_ws/install/my_robots_interfaces/include/my_robots_interfaces/my_robots_interfaces/srv/set_leds_staus.hpp
[1.597s] -- Up-to-date: /home/electronica/ros2_ws/install/my_robots_interfaces/include/my_robots_interfaces/my_robots_interfaces
[1.597s] -- Up-to-date: /home/electronica/ros2_ws/install/my_robots_interfaces/include/my_robots_interfaces/my_robots_interfaces/msg
[1.597s] -- Up-to-date: /home/electronica/ros2_ws/install/my_robots_interfaces/include/my_robots_interfaces/my_robots_interfaces/msg/rosidl_typesupport_fastrtps_cpp__visibility_control.h
[1.597s] -- Up-to-date: /home/electronica/ros2_ws/install/my_robots_interfaces/include/my_robots_interfaces/my_robots_interfaces/msg/detail
[1.598s] -- Up-to-date: /home/electronica/ros2_ws/install/my_robots_interfaces/include/my_robots_interfaces/my_robots_interfaces/msg/detail/hardware_status__rosidl_typesupport_fastrtps_cpp.hpp
[1.598s] -- Up-to-date: /home/electronica/ros2_ws/install/my_robots_interfaces/include/my_robots_interfaces/my_robots_interfaces/msg/detail/turtle_array__rosidl_typesupport_fastrtps_cpp.hpp
[1.598s] -- Up-to-date: /home/electronica/ros2_ws/install/my_robots_interfaces/include/my_robots_interfaces/my_robots_interfaces/msg/detail/led_state_array__rosidl_typesupport_fastrtps_cpp.hpp
[1.598s] -- Up-to-date: /home/electronica/ros2_ws/install/my_robots_interfaces/include/my_robots_interfaces/my_robots_interfaces/msg/detail/turtle__rosidl_typesupport_fastrtps_cpp.hpp
[1.598s] -- Up-to-date: /home/electronica/ros2_ws/install/my_robots_interfaces/include/my_robots_interfaces/my_robots_interfaces/msg/detail/dds_fastrtps
[1.599s] -- Up-to-date: /home/electronica/ros2_ws/install/my_robots_interfaces/include/my_robots_interfaces/my_robots_interfaces/srv
[1.599s] -- Up-to-date: /home/electronica/ros2_ws/install/my_robots_interfaces/include/my_robots_interfaces/my_robots_interfaces/srv/detail
[1.599s] -- Up-to-date: /home/electronica/ros2_ws/install/my_robots_interfaces/include/my_robots_interfaces/my_robots_interfaces/srv/detail/set_leds_staus__rosidl_typesupport_fastrtps_cpp.hpp
[1.599s] -- Up-to-date: /home/electronica/ros2_ws/install/my_robots_interfaces/include/my_robots_interfaces/my_robots_interfaces/srv/detail/compute_rectangle_area__rosidl_typesupport_fastrtps_cpp.hpp
[1.600s] -- Up-to-date: /home/electronica/ros2_ws/install/my_robots_interfaces/include/my_robots_interfaces/my_robots_interfaces/srv/detail/dds_fastrtps
[1.600s] -- Up-to-date: /home/electronica/ros2_ws/install/my_robots_interfaces/lib/libmy_robots_interfaces__rosidl_typesupport_fastrtps_cpp.so
[1.600s] -- Up-to-date: /home/electronica/ros2_ws/install/my_robots_interfaces/include/my_robots_interfaces/my_robots_interfaces
[1.600s] -- Up-to-date: /home/electronica/ros2_ws/install/my_robots_interfaces/include/my_robots_interfaces/my_robots_interfaces/msg
[1.601s] -- Up-to-date: /home/electronica/ros2_ws/install/my_robots_interfaces/include/my_robots_interfaces/my_robots_interfaces/msg/detail
[1.601s] -- Up-to-date: /home/electronica/ros2_ws/install/my_robots_interfaces/include/my_robots_interfaces/my_robots_interfaces/msg/detail/turtle_array__rosidl_typesupport_introspection_cpp.hpp
[1.601s] -- Up-to-date: /home/electronica/ros2_ws/install/my_robots_interfaces/include/my_robots_interfaces/my_robots_interfaces/msg/detail/turtle_array__type_support.cpp
[1.601s] -- Up-to-date: /home/electronica/ros2_ws/install/my_robots_interfaces/include/my_robots_interfaces/my_robots_interfaces/msg/detail/led_state_array__rosidl_typesupport_introspection_cpp.hpp
[1.601s] -- Up-to-date: /home/electronica/ros2_ws/install/my_robots_interfaces/include/my_robots_interfaces/my_robots_interfaces/msg/detail/turtle__rosidl_typesupport_introspection_cpp.hpp
[1.602s] -- Up-to-date: /home/electronica/ros2_ws/install/my_robots_interfaces/include/my_robots_interfaces/my_robots_interfaces/msg/detail/hardware_status__rosidl_typesupport_introspection_cpp.hpp
[1.602s] -- Up-to-date: /home/electronica/ros2_ws/install/my_robots_interfaces/include/my_robots_interfaces/my_robots_interfaces/msg/detail/led_state_array__type_support.cpp
[1.602s] -- Up-to-date: /home/electronica/ros2_ws/install/my_robots_interfaces/include/my_robots_interfaces/my_robots_interfaces/msg/detail/turtle__type_support.cpp
[1.602s] -- Up-to-date: /home/electronica/ros2_ws/install/my_robots_interfaces/include/my_robots_interfaces/my_robots_interfaces/msg/detail/hardware_status__type_support.cpp
[1.603s] -- Up-to-date: /home/electronica/ros2_ws/install/my_robots_interfaces/include/my_robots_interfaces/my_robots_interfaces/srv
[1.603s] -- Up-to-date: /home/electronica/ros2_ws/install/my_robots_interfaces/include/my_robots_interfaces/my_robots_interfaces/srv/detail
[1.603s] -- Up-to-date: /home/electronica/ros2_ws/install/my_robots_interfaces/include/my_robots_interfaces/my_robots_interfaces/srv/detail/set_leds_staus__type_support.cpp
[1.603s] -- Up-to-date: /home/electronica/ros2_ws/install/my_robots_interfaces/include/my_robots_interfaces/my_robots_interfaces/srv/detail/set_leds_staus__rosidl_typesupport_introspection_cpp.hpp
[1.603s] -- Up-to-date: /home/electronica/ros2_ws/install/my_robots_interfaces/include/my_robots_interfaces/my_robots_interfaces/srv/detail/compute_rectangle_area__rosidl_typesupport_introspection_cpp.hpp
[1.604s] -- Up-to-date: /home/electronica/ros2_ws/install/my_robots_interfaces/include/my_robots_interfaces/my_robots_interfaces/srv/detail/compute_rectangle_area__type_support.cpp
[1.604s] -- Up-to-date: /home/electronica/ros2_ws/install/my_robots_interfaces/lib/libmy_robots_interfaces__rosidl_typesupport_introspection_cpp.so
[1.604s] -- Up-to-date: /home/electronica/ros2_ws/install/my_robots_interfaces/lib/libmy_robots_interfaces__rosidl_typesupport_cpp.so
[1.604s] -- Up-to-date: /home/electronica/ros2_ws/install/my_robots_interfaces/share/my_robots_interfaces/environment/pythonpath.sh
[1.605s] -- Up-to-date: /home/electronica/ros2_ws/install/my_robots_interfaces/share/my_robots_interfaces/environment/pythonpath.dsv
[1.605s] -- Up-to-date: /home/electronica/ros2_ws/install/my_robots_interfaces/local/lib/python3.10/dist-packages/my_robots_interfaces-0.0.0-py3.10.egg-info
[1.605s] -- Installing: /home/electronica/ros2_ws/install/my_robots_interfaces/local/lib/python3.10/dist-packages/my_robots_interfaces-0.0.0-py3.10.egg-info/SOURCES.txt
[1.605s] -- Installing: /home/electronica/ros2_ws/install/my_robots_interfaces/local/lib/python3.10/dist-packages/my_robots_interfaces-0.0.0-py3.10.egg-info/dependency_links.txt
[1.606s] -- Installing: /home/electronica/ros2_ws/install/my_robots_interfaces/local/lib/python3.10/dist-packages/my_robots_interfaces-0.0.0-py3.10.egg-info/PKG-INFO
[1.606s] -- Installing: /home/electronica/ros2_ws/install/my_robots_interfaces/local/lib/python3.10/dist-packages/my_robots_interfaces-0.0.0-py3.10.egg-info/top_level.txt
[1.606s] -- Up-to-date: /home/electronica/ros2_ws/install/my_robots_interfaces/local/lib/python3.10/dist-packages/my_robots_interfaces
[1.606s] -- Up-to-date: /home/electronica/ros2_ws/install/my_robots_interfaces/local/lib/python3.10/dist-packages/my_robots_interfaces/my_robots_interfaces_s__rosidl_typesupport_c.cpython-310-x86_64-linux-gnu.so
[1.606s] -- Up-to-date: /home/electronica/ros2_ws/install/my_robots_interfaces/local/lib/python3.10/dist-packages/my_robots_interfaces/msg
[1.607s] -- Up-to-date: /home/electronica/ros2_ws/install/my_robots_interfaces/local/lib/python3.10/dist-packages/my_robots_interfaces/msg/_turtle_array_s.c
[1.607s] -- Up-to-date: /home/electronica/ros2_ws/install/my_robots_interfaces/local/lib/python3.10/dist-packages/my_robots_interfaces/msg/__init__.py
[1.607s] -- Up-to-date: /home/electronica/ros2_ws/install/my_robots_interfaces/local/lib/python3.10/dist-packages/my_robots_interfaces/msg/_hardware_status.py
[1.607s] -- Up-to-date: /home/electronica/ros2_ws/install/my_robots_interfaces/local/lib/python3.10/dist-packages/my_robots_interfaces/msg/_turtle_s.c
[1.608s] -- Up-to-date: /home/electronica/ros2_ws/install/my_robots_interfaces/local/lib/python3.10/dist-packages/my_robots_interfaces/msg/_hardware_status_s.c
[1.608s] -- Up-to-date: /home/electronica/ros2_ws/install/my_robots_interfaces/local/lib/python3.10/dist-packages/my_robots_interfaces/msg/_turtle.py
[1.608s] -- Up-to-date: /home/electronica/ros2_ws/install/my_robots_interfaces/local/lib/python3.10/dist-packages/my_robots_interfaces/msg/_led_state_array_s.c
[1.608s] -- Up-to-date: /home/electronica/ros2_ws/install/my_robots_interfaces/local/lib/python3.10/dist-packages/my_robots_interfaces/msg/_led_state_array.py
[1.608s] -- Up-to-date: /home/electronica/ros2_ws/install/my_robots_interfaces/local/lib/python3.10/dist-packages/my_robots_interfaces/msg/_turtle_array.py
[1.609s] -- Up-to-date: /home/electronica/ros2_ws/install/my_robots_interfaces/local/lib/python3.10/dist-packages/my_robots_interfaces/_my_robots_interfaces_s.ep.rosidl_typesupport_fastrtps_c.c
[1.609s] -- Up-to-date: /home/electronica/ros2_ws/install/my_robots_interfaces/local/lib/python3.10/dist-packages/my_robots_interfaces/__init__.py
[1.609s] -- Up-to-date: /home/electronica/ros2_ws/install/my_robots_interfaces/local/lib/python3.10/dist-packages/my_robots_interfaces/_my_robots_interfaces_s.ep.rosidl_typesupport_c.c
[1.609s] -- Up-to-date: /home/electronica/ros2_ws/install/my_robots_interfaces/local/lib/python3.10/dist-packages/my_robots_interfaces/libmy_robots_interfaces__rosidl_generator_py.so
[1.610s] -- Up-to-date: /home/electronica/ros2_ws/install/my_robots_interfaces/local/lib/python3.10/dist-packages/my_robots_interfaces/_my_robots_interfaces_s.ep.rosidl_typesupport_introspection_c.c
[1.610s] -- Up-to-date: /home/electronica/ros2_ws/install/my_robots_interfaces/local/lib/python3.10/dist-packages/my_robots_interfaces/my_robots_interfaces_s__rosidl_typesupport_introspection_c.cpython-310-x86_64-linux-gnu.so
[1.610s] -- Up-to-date: /home/electronica/ros2_ws/install/my_robots_interfaces/local/lib/python3.10/dist-packages/my_robots_interfaces/my_robots_interfaces_s__rosidl_typesupport_fastrtps_c.cpython-310-x86_64-linux-gnu.so
[1.610s] -- Up-to-date: /home/electronica/ros2_ws/install/my_robots_interfaces/local/lib/python3.10/dist-packages/my_robots_interfaces/srv
[1.611s] -- Up-to-date: /home/electronica/ros2_ws/install/my_robots_interfaces/local/lib/python3.10/dist-packages/my_robots_interfaces/srv/__init__.py
[1.611s] -- Up-to-date: /home/electronica/ros2_ws/install/my_robots_interfaces/local/lib/python3.10/dist-packages/my_robots_interfaces/srv/_set_leds_staus.py
[1.611s] -- Up-to-date: /home/electronica/ros2_ws/install/my_robots_interfaces/local/lib/python3.10/dist-packages/my_robots_interfaces/srv/_set_leds_staus_s.c
[1.611s] -- Up-to-date: /home/electronica/ros2_ws/install/my_robots_interfaces/local/lib/python3.10/dist-packages/my_robots_interfaces/srv/_compute_rectangle_area_s.c
[1.611s] -- Up-to-date: /home/electronica/ros2_ws/install/my_robots_interfaces/local/lib/python3.10/dist-packages/my_robots_interfaces/srv/_compute_rectangle_area.py
[1.629s] Listing '/home/electronica/ros2_ws/install/my_robots_interfaces/local/lib/python3.10/dist-packages/my_robots_interfaces'...
[1.629s] Listing '/home/electronica/ros2_ws/install/my_robots_interfaces/local/lib/python3.10/dist-packages/my_robots_interfaces/msg'...
[1.630s] Listing '/home/electronica/ros2_ws/install/my_robots_interfaces/local/lib/python3.10/dist-packages/my_robots_interfaces/srv'...
[1.635s] -- Up-to-date: /home/electronica/ros2_ws/install/my_robots_interfaces/local/lib/python3.10/dist-packages/my_robots_interfaces/my_robots_interfaces_s__rosidl_typesupport_fastrtps_c.cpython-310-x86_64-linux-gnu.so
[1.635s] -- Up-to-date: /home/electronica/ros2_ws/install/my_robots_interfaces/local/lib/python3.10/dist-packages/my_robots_interfaces/my_robots_interfaces_s__rosidl_typesupport_introspection_c.cpython-310-x86_64-linux-gnu.so
[1.636s] -- Up-to-date: /home/electronica/ros2_ws/install/my_robots_interfaces/local/lib/python3.10/dist-packages/my_robots_interfaces/my_robots_interfaces_s__rosidl_typesupport_c.cpython-310-x86_64-linux-gnu.so
[1.636s] -- Up-to-date: /home/electronica/ros2_ws/install/my_robots_interfaces/lib/libmy_robots_interfaces__rosidl_generator_py.so
[1.637s] -- Up-to-date: /home/electronica/ros2_ws/install/my_robots_interfaces/share/my_robots_interfaces/msg/HardwareStatus.idl
[1.637s] -- Up-to-date: /home/electronica/ros2_ws/install/my_robots_interfaces/share/my_robots_interfaces/msg/LedStateArray.idl
[1.637s] -- Up-to-date: /home/electronica/ros2_ws/install/my_robots_interfaces/share/my_robots_interfaces/msg/Turtle.idl
[1.638s] -- Up-to-date: /home/electronica/ros2_ws/install/my_robots_interfaces/share/my_robots_interfaces/msg/TurtleArray.idl
[1.638s] -- Up-to-date: /home/electronica/ros2_ws/install/my_robots_interfaces/share/my_robots_interfaces/srv/ComputeRectangleArea.idl
[1.639s] -- Up-to-date: /home/electronica/ros2_ws/install/my_robots_interfaces/share/my_robots_interfaces/srv/SetLedsStaus.idl
[1.639s] -- Up-to-date: /home/electronica/ros2_ws/install/my_robots_interfaces/share/my_robots_interfaces/msg/HardwareStatus.msg
[1.639s] -- Up-to-date: /home/electronica/ros2_ws/install/my_robots_interfaces/share/my_robots_interfaces/msg/LedStateArray.msg
[1.639s] -- Up-to-date: /home/electronica/ros2_ws/install/my_robots_interfaces/share/my_robots_interfaces/msg/Turtle.msg
[1.640s] -- Up-to-date: /home/electronica/ros2_ws/install/my_robots_interfaces/share/my_robots_interfaces/msg/TurtleArray.msg
[1.640s] -- Up-to-date: /home/electronica/ros2_ws/install/my_robots_interfaces/share/my_robots_interfaces/srv/ComputeRectangleArea.srv
[1.640s] -- Up-to-date: /home/electronica/ros2_ws/install/my_robots_interfaces/share/my_robots_interfaces/srv/ComputeRectangleArea_Request.msg
[1.641s] -- Up-to-date: /home/electronica/ros2_ws/install/my_robots_interfaces/share/my_robots_interfaces/srv/ComputeRectangleArea_Response.msg
[1.641s] -- Up-to-date: /home/electronica/ros2_ws/install/my_robots_interfaces/share/my_robots_interfaces/srv/SetLedsStaus.srv
[1.641s] -- Up-to-date: /home/electronica/ros2_ws/install/my_robots_interfaces/share/my_robots_interfaces/srv/SetLedsStaus_Request.msg
[1.642s] -- Up-to-date: /home/electronica/ros2_ws/install/my_robots_interfaces/share/my_robots_interfaces/srv/SetLedsStaus_Response.msg
[1.642s] -- Up-to-date: /home/electronica/ros2_ws/install/my_robots_interfaces/share/ament_index/resource_index/package_run_dependencies/my_robots_interfaces
[1.642s] -- Up-to-date: /home/electronica/ros2_ws/install/my_robots_interfaces/share/ament_index/resource_index/parent_prefix_path/my_robots_interfaces
[1.643s] -- Up-to-date: /home/electronica/ros2_ws/install/my_robots_interfaces/share/my_robots_interfaces/environment/ament_prefix_path.sh
[1.643s] -- Up-to-date: /home/electronica/ros2_ws/install/my_robots_interfaces/share/my_robots_interfaces/environment/ament_prefix_path.dsv
[1.643s] -- Up-to-date: /home/electronica/ros2_ws/install/my_robots_interfaces/share/my_robots_interfaces/environment/path.sh
[1.643s] -- Up-to-date: /home/electronica/ros2_ws/install/my_robots_interfaces/share/my_robots_interfaces/environment/path.dsv
[1.644s] -- Up-to-date: /home/electronica/ros2_ws/install/my_robots_interfaces/share/my_robots_interfaces/local_setup.bash
[1.644s] -- Up-to-date: /home/electronica/ros2_ws/install/my_robots_interfaces/share/my_robots_interfaces/local_setup.sh
[1.644s] -- Up-to-date: /home/electronica/ros2_ws/install/my_robots_interfaces/share/my_robots_interfaces/local_setup.zsh
[1.644s] -- Up-to-date: /home/electronica/ros2_ws/install/my_robots_interfaces/share/my_robots_interfaces/local_setup.dsv
[1.645s] -- Installing: /home/electronica/ros2_ws/install/my_robots_interfaces/share/my_robots_interfaces/package.dsv
[1.645s] -- Up-to-date: /home/electronica/ros2_ws/install/my_robots_interfaces/share/ament_index/resource_index/packages/my_robots_interfaces
[1.645s] -- Up-to-date: /home/electronica/ros2_ws/install/my_robots_interfaces/share/my_robots_interfaces/cmake/export_my_robots_interfaces__rosidl_generator_cExport.cmake
[1.646s] -- Up-to-date: /home/electronica/ros2_ws/install/my_robots_interfaces/share/my_robots_interfaces/cmake/export_my_robots_interfaces__rosidl_generator_cExport-noconfig.cmake
[1.646s] -- Up-to-date: /home/electronica/ros2_ws/install/my_robots_interfaces/share/my_robots_interfaces/cmake/export_my_robots_interfaces__rosidl_typesupport_fastrtps_cExport.cmake
[1.647s] -- Up-to-date: /home/electronica/ros2_ws/install/my_robots_interfaces/share/my_robots_interfaces/cmake/export_my_robots_interfaces__rosidl_typesupport_fastrtps_cExport-noconfig.cmake
[1.647s] -- Up-to-date: /home/electronica/ros2_ws/install/my_robots_interfaces/share/my_robots_interfaces/cmake/my_robots_interfaces__rosidl_typesupport_introspection_cExport.cmake
[1.648s] -- Up-to-date: /home/electronica/ros2_ws/install/my_robots_interfaces/share/my_robots_interfaces/cmake/my_robots_interfaces__rosidl_typesupport_introspection_cExport-noconfig.cmake
[1.648s] -- Up-to-date: /home/electronica/ros2_ws/install/my_robots_interfaces/share/my_robots_interfaces/cmake/my_robots_interfaces__rosidl_typesupport_cExport.cmake
[1.648s] -- Up-to-date: /home/electronica/ros2_ws/install/my_robots_interfaces/share/my_robots_interfaces/cmake/my_robots_interfaces__rosidl_typesupport_cExport-noconfig.cmake
[1.649s] -- Up-to-date: /home/electronica/ros2_ws/install/my_robots_interfaces/share/my_robots_interfaces/cmake/export_my_robots_interfaces__rosidl_generator_cppExport.cmake
[1.649s] -- Up-to-date: /home/electronica/ros2_ws/install/my_robots_interfaces/share/my_robots_interfaces/cmake/export_my_robots_interfaces__rosidl_typesupport_fastrtps_cppExport.cmake
[1.649s] -- Up-to-date: /home/electronica/ros2_ws/install/my_robots_interfaces/share/my_robots_interfaces/cmake/export_my_robots_interfaces__rosidl_typesupport_fastrtps_cppExport-noconfig.cmake
[1.650s] -- Up-to-date: /home/electronica/ros2_ws/install/my_robots_interfaces/share/my_robots_interfaces/cmake/my_robots_interfaces__rosidl_typesupport_introspection_cppExport.cmake
[1.650s] -- Up-to-date: /home/electronica/ros2_ws/install/my_robots_interfaces/share/my_robots_interfaces/cmake/my_robots_interfaces__rosidl_typesupport_introspection_cppExport-noconfig.cmake
[1.651s] -- Up-to-date: /home/electronica/ros2_ws/install/my_robots_interfaces/share/my_robots_interfaces/cmake/my_robots_interfaces__rosidl_typesupport_cppExport.cmake
[1.651s] -- Up-to-date: /home/electronica/ros2_ws/install/my_robots_interfaces/share/my_robots_interfaces/cmake/my_robots_interfaces__rosidl_typesupport_cppExport-noconfig.cmake
[1.652s] -- Up-to-date: /home/electronica/ros2_ws/install/my_robots_interfaces/share/my_robots_interfaces/cmake/export_my_robots_interfaces__rosidl_generator_pyExport.cmake
[1.652s] -- Up-to-date: /home/electronica/ros2_ws/install/my_robots_interfaces/share/my_robots_interfaces/cmake/export_my_robots_interfaces__rosidl_generator_pyExport-noconfig.cmake
[1.652s] -- Up-to-date: /home/electronica/ros2_ws/install/my_robots_interfaces/share/my_robots_interfaces/cmake/rosidl_cmake-extras.cmake
[1.652s] -- Up-to-date: /home/electronica/ros2_ws/install/my_robots_interfaces/share/my_robots_interfaces/cmake/ament_cmake_export_include_directories-extras.cmake
[1.653s] -- Up-to-date: /home/electronica/ros2_ws/install/my_robots_interfaces/share/my_robots_interfaces/cmake/ament_cmake_export_libraries-extras.cmake
[1.653s] -- Up-to-date: /home/electronica/ros2_ws/install/my_robots_interfaces/share/my_robots_interfaces/cmake/ament_cmake_export_targets-extras.cmake
[1.654s] -- Up-to-date: /home/electronica/ros2_ws/install/my_robots_interfaces/share/my_robots_interfaces/cmake/rosidl_cmake_export_typesupport_targets-extras.cmake
[1.654s] -- Up-to-date: /home/electronica/ros2_ws/install/my_robots_interfaces/share/my_robots_interfaces/cmake/ament_cmake_export_dependencies-extras.cmake
[1.655s] -- Up-to-date: /home/electronica/ros2_ws/install/my_robots_interfaces/share/my_robots_interfaces/cmake/rosidl_cmake_export_typesupport_libraries-extras.cmake
[1.655s] -- Up-to-date: /home/electronica/ros2_ws/install/my_robots_interfaces/share/my_robots_interfaces/cmake/my_robots_interfacesConfig.cmake
[1.656s] -- Up-to-date: /home/electronica/ros2_ws/install/my_robots_interfaces/share/my_robots_interfaces/cmake/my_robots_interfacesConfig-version.cmake
[1.656s] -- Up-to-date: /home/electronica/ros2_ws/install/my_robots_interfaces/share/my_robots_interfaces/package.xml
[1.657s] Invoked command in '/home/electronica/ros2_ws/build/my_robots_interfaces' returned '0': /usr/bin/cmake --install /home/electronica/ros2_ws/build/my_robots_interfaces
