[0.098s] Invoking command in '/home/electronica/ros2_ws/build/my_cpp_pkg': AMENT_PREFIX_PATH=/home/electronica/ros2_ws/install/my_robots_interfaces CMAKE_PREFIX_PATH=/home/electronica/ros2_ws/install/my_robots_interfaces /usr/bin/cmake --build /home/electronica/ros2_ws/build/my_cpp_pkg -- -j8 -l8
[0.158s] [35m[1mConsolidate compiler generated dependencies of target smartphone[0m
[0.158s] [35m[1mConsolidate compiler generated dependencies of target cpp_node[0m
[0.158s] [35m[1mConsolidate compiler generated dependencies of target add_two_ints_client[0m
[0.158s] [35m[1mConsolidate compiler generated dependencies of target robot_news_station[0m
[0.158s] [35m[1mConsolidate compiler generated dependencies of target add_two_ints_client_no_oop[0m
[0.159s] [35m[1mConsolidate compiler generated dependencies of target add_two_ints_server[0m
[0.194s] [ 58%] Built target smartphone
[0.194s] [ 58%] Built target robot_news_station
[0.195s] [ 58%] Built target cpp_node
[0.195s] [ 66%] Built target add_two_ints_client
[0.195s] [ 83%] Built target add_two_ints_client_no_oop
[0.195s] [100%] Built target add_two_ints_server
[0.211s] Invoked command in '/home/electronica/ros2_ws/build/my_cpp_pkg' returned '0': AMENT_PREFIX_PATH=/home/electronica/ros2_ws/install/my_robots_interfaces CMAKE_PREFIX_PATH=/home/electronica/ros2_ws/install/my_robots_interfaces /usr/bin/cmake --build /home/electronica/ros2_ws/build/my_cpp_pkg -- -j8 -l8
[0.260s] Invoking command in '/home/electronica/ros2_ws/build/my_cpp_pkg': AMENT_PREFIX_PATH=/home/electronica/ros2_ws/install/my_robots_interfaces CMAKE_PREFIX_PATH=/home/electronica/ros2_ws/install/my_robots_interfaces /usr/bin/cmake --install /home/electronica/ros2_ws/build/my_cpp_pkg
[0.270s] -- Install configuration: ""
[0.271s] -- Up-to-date: /home/electronica/ros2_ws/install/my_cpp_pkg/lib/my_cpp_pkg/cpp_node
[0.271s] -- Up-to-date: /home/electronica/ros2_ws/install/my_cpp_pkg/lib/my_cpp_pkg/robot_news_station
[0.272s] -- Up-to-date: /home/electronica/ros2_ws/install/my_cpp_pkg/lib/my_cpp_pkg/smartphone
[0.273s] -- Up-to-date: /home/electronica/ros2_ws/install/my_cpp_pkg/lib/my_cpp_pkg/add_two_ints_server
[0.273s] -- Up-to-date: /home/electronica/ros2_ws/install/my_cpp_pkg/lib/my_cpp_pkg/add_two_ints_client_no_oop
[0.274s] -- Up-to-date: /home/electronica/ros2_ws/install/my_cpp_pkg/lib/my_cpp_pkg/add_two_ints_client
[0.274s] -- Up-to-date: /home/electronica/ros2_ws/install/my_cpp_pkg/share/ament_index/resource_index/package_run_dependencies/my_cpp_pkg
[0.274s] -- Up-to-date: /home/electronica/ros2_ws/install/my_cpp_pkg/share/ament_index/resource_index/parent_prefix_path/my_cpp_pkg
[0.275s] -- Up-to-date: /home/electronica/ros2_ws/install/my_cpp_pkg/share/my_cpp_pkg/environment/ament_prefix_path.sh
[0.275s] -- Up-to-date: /home/electronica/ros2_ws/install/my_cpp_pkg/share/my_cpp_pkg/environment/ament_prefix_path.dsv
[0.275s] -- Up-to-date: /home/electronica/ros2_ws/install/my_cpp_pkg/share/my_cpp_pkg/environment/path.sh
[0.275s] -- Up-to-date: /home/electronica/ros2_ws/install/my_cpp_pkg/share/my_cpp_pkg/environment/path.dsv
[0.276s] -- Up-to-date: /home/electronica/ros2_ws/install/my_cpp_pkg/share/my_cpp_pkg/local_setup.bash
[0.276s] -- Up-to-date: /home/electronica/ros2_ws/install/my_cpp_pkg/share/my_cpp_pkg/local_setup.sh
[0.276s] -- Up-to-date: /home/electronica/ros2_ws/install/my_cpp_pkg/share/my_cpp_pkg/local_setup.zsh
[0.276s] -- Up-to-date: /home/electronica/ros2_ws/install/my_cpp_pkg/share/my_cpp_pkg/local_setup.dsv
[0.277s] -- Installing: /home/electronica/ros2_ws/install/my_cpp_pkg/share/my_cpp_pkg/package.dsv
[0.277s] -- Up-to-date: /home/electronica/ros2_ws/install/my_cpp_pkg/share/ament_index/resource_index/packages/my_cpp_pkg
[0.278s] -- Up-to-date: /home/electronica/ros2_ws/install/my_cpp_pkg/share/my_cpp_pkg/cmake/my_cpp_pkgConfig.cmake
[0.278s] -- Up-to-date: /home/electronica/ros2_ws/install/my_cpp_pkg/share/my_cpp_pkg/cmake/my_cpp_pkgConfig-version.cmake
[0.279s] -- Up-to-date: /home/electronica/ros2_ws/install/my_cpp_pkg/share/my_cpp_pkg/package.xml
[0.280s] Invoked command in '/home/electronica/ros2_ws/build/my_cpp_pkg' returned '0': AMENT_PREFIX_PATH=/home/electronica/ros2_ws/install/my_robots_interfaces CMAKE_PREFIX_PATH=/home/electronica/ros2_ws/install/my_robots_interfaces /usr/bin/cmake --install /home/electronica/ros2_ws/build/my_cpp_pkg
